<?xml version="1.0" encoding="UTF-8" standalone="no"?>
<testsuite failures="23" name="cucumber.runtime.formatter.JUnitFormatter" skipped="0" tests="112" time="2706.106639">
    <testcase classname="Validate application login Page" name="To validate SalesIntel application Launching application" time="9.412771">
        <system-out><![CDATA[Given Launch the url........................................................passed
]]></system-out>
    </testcase>
    <testcase classname="Validate application login Page" name="To validate SalesIntel application Login Screen Content" time="0.674653">
        <system-out><![CDATA[Then Validate Login Page Title is displayed.................................passed
And Validate Email Field is displayed.......................................passed
And Validate Password Field is displayed....................................passed
And Validate Remember Me Checkbox is displayed..............................passed
And Validate Forgot Password Link is displayed..............................passed
And Validate FAQ Link is displayed..........................................passed
And Validate Login Button is displayed......................................passed
]]></system-out>
    </testcase>
    <testcase classname="Validate application login Page" name="To validate SalesIntel application Tapping only Login Button" time="10.372333">
        <system-out><![CDATA[When Click On Login Button..................................................passed
Then Validate Error Text when Tried with Invalid Username and Invalid Password.passed
And Validate Error Text when Tried with Invalid Password and Invalid Username.passed
]]></system-out>
    </testcase>
    <testcase classname="Validate application login Page" name="To validate SalesIntel application Login with Invalid Username and Valid Password" time="10.444285">
        <system-out><![CDATA[When Enter Invalid Username.................................................passed
And Enter Valid Password....................................................passed
And Click On Login Button...................................................passed
Then Validate Error Text when Tried with Invalid Username and Valid Password.passed
]]></system-out>
    </testcase>
    <testcase classname="Validate application login Page" name="To validate SalesIntel application Login with Valid Username and Invalid Password" time="10.464083">
        <system-out><![CDATA[When Clear the Text in Username Field.......................................passed
And Clear the Text in Password Field........................................passed
And Enter Valid Username....................................................passed
And Enter Invalid Password..................................................passed
And Click On Login Button...................................................passed
]]></system-out>
    </testcase>
    <testcase classname="Validate application login Page" name="To validate SalesIntel application Login with Invalid Username and Invalid Password" time="10.452677">
        <system-out><![CDATA[When Clear the Text in Username Field.......................................passed
And Clear the Text in Password Field........................................passed
And Enter Invalid Username..................................................passed
And Enter Invalid Password..................................................passed
And Click On Login Button...................................................passed
Then Validate Error Text when Tried with Invalid Username and Valid Password.passed
]]></system-out>
    </testcase>
    <testcase classname="Validate application login Page" name="To validate SalesIntel application Forget Password" time="16.590235">
        <system-out><![CDATA[When Click on Forget Password...............................................passed
Then Verify Forget Email Address Field is displayed.........................passed
When Enter Forget Email Address.............................................passed
Then Verify Reset Password Button is displayed..............................passed
When Click On Reset Password Button.........................................passed
]]></system-out>
    </testcase>
    <testcase classname="Validate application login Page" name="To validate SalesIntel application Remember Me" time="0.24713">
        <system-out><![CDATA[When Click on Remember Me...................................................passed
]]></system-out>
    </testcase>
    <testcase classname="Validate application login Page" name="To validate SalesIntel application Valid User Username and Valid Password" time="10.542078">
        <system-out><![CDATA[When Click on Remember Me...................................................passed
And Clear the Text in Username Field........................................passed
And Clear the Text in Password Field........................................passed
And Enter Valid Username....................................................passed
And Enter Valid Password....................................................passed
And Click On Login Button...................................................passed
]]></system-out>
    </testcase>
    <testcase classname="Validate application login Page" name="To validate application Logout" time="6.639832">
        <system-out><![CDATA[When Click On Setting Options...............................................passed
And Click On Logout Options.................................................passed
]]></system-out>
    </testcase>
    <testcase classname="Validate Search By Contact Name" name="To validate SalesIntel application Valid User Username and Valid Password" time="10.40423">
        <system-out><![CDATA[And Enter Valid Username....................................................passed
And Enter Valid Password....................................................passed
And Click On Login Button...................................................passed
]]></system-out>
    </testcase>
    <testcase classname="Validate Search By Contact Name" name="To validate application Search Page Content is displayed" time="56.833714">
        <system-out><![CDATA[Then Click on Contact Radio Button..........................................passed
When Click on Search Button.................................................passed
And Verify Contact Name is displayed........................................passed
And Click On Clear Button...................................................passed
And Click On Do Not Save Button.............................................passed
When Click on Contact Name Button...........................................passed
Then Verify First Name is displayed.........................................passed
And Verify Last Name is displayed...........................................passed
]]></system-out>
    </testcase>
    <testcase classname="Validate Search By Contact Name" name="To validate application Search without Firstname and LastName" time="10.637296">
        <system-out><![CDATA[When Click on Search Button.................................................passed
]]></system-out>
    </testcase>
    <testcase classname="Validate Search By Contact Name" name="To validate application Search by FirstName and LastName using Integer Value" time="32.108205">
        <system-out><![CDATA[When Click on Contact Name Button...........................................passed
And Enter the First Name with Integer Value.................................passed
And Enter the Last Name with Integer Value..................................passed
And Click on Search Button..................................................passed
Then Verify Error Message is displayed When search with FirstName and LastName only Integer.passed
]]></system-out>
    </testcase>
    <testcase classname="Validate Search By Contact Name" name="To validate application Search by Valid FirstName and LastName" time="11.14494">
        <system-out><![CDATA[When Clear the Text in First Name Field.....................................passed
And Clear the Text in Last Name Field.......................................passed
And Enter the First Name....................................................passed
And Enter the Last Name.....................................................passed
And Click on Search Button..................................................passed
And Validate Search Result..................................................passed
When Clear the Text in First Name Field.....................................passed
And Clear the Text in Last Name Field.......................................passed
]]></system-out>
    </testcase>
    <testcase classname="Validate Search By Contact Name" name="To validate application add multiple contact into New Contact List" time="38.250982">
        <system-out><![CDATA[And Click On Clear Button...................................................passed
And Click On Do Not Save Button.............................................passed
When Click on Contact Name Button...........................................passed
And Enter the First Name....................................................passed
And Click on Search Button..................................................passed
And Validate Search Result..................................................passed
And Select Multiple contact to Add Contact List.............................passed
And Append Contact details into the List....................................passed
And Click On Add all to List................................................passed
And Click On Create New Contact List........................................passed
When Enter New Contact List.................................................passed
And Click On Create New Contact List Save Button............................passed
]]></system-out>
    </testcase>
    <testcase classname="Validate Search By Contact Name" name="To validate application Contact into the Contact List" time="11.34936">
        <system-out><![CDATA[When Click On List Tab......................................................passed
Then Select Preview Button..................................................passed
]]></system-out>
    </testcase>
    <testcase classname="Validate Search By Contact Name" name="To validate application add multiple contact into Existing Contact List" time="43.555124">
        <system-out><![CDATA[When Click On SalesIntel Tab................................................passed
And Click On Clear Button...................................................passed
And Click On Do Not Save Button.............................................passed
When Click on Contact Name Button...........................................passed
And Enter the First Name to search..........................................passed
And Click on Search Button..................................................passed
And Validate Contact Search Result..........................................passed
And Select Multiple contact to Add Contact List.............................passed
And Append Contact details into the List....................................passed
And Click On Add all to List................................................passed
And Click On Add all Contact to Existing List...............................passed
And Click on Contact List Drop Down Option..................................passed
And Click On Add Contact List Save Button...................................passed
]]></system-out>
    </testcase>
    <testcase classname="Validate Search By Contact Name" name="To validate application Delete Contact List" time="15.801512">
        <system-out><![CDATA[And Click On List Tab.......................................................passed
And Delete Contact List.....................................................passed
And Click On Delete Contact List............................................passed
]]></system-out>
    </testcase>
    <testcase classname="Validate Search By Contact Name" name="To validate application Reveal Contact1 Search by Valid FirstName and LastName" time="25.449514">
        <system-out><![CDATA[Then Click On SalesIntel Tab................................................passed
And Clear the Text in First Name Field......................................passed
And Clear the Text in Last Name Field.......................................passed
And Enter the Search First Name1............................................passed
And Enter the Search Last Name1.............................................passed
And Click on Search Button..................................................passed
And Click On Contact Search1................................................passed
And Get the Total Reveal Count..............................................passed
]]></system-out>
    </testcase>
    <testcase classname="Validate Search By Contact Name" name="To validate application Reveal Contact2 Search by Valid FirstName and LastName" time="17.057103">
        <system-out><![CDATA[When Clear the Text in First Name Field.....................................passed
And Clear the Text in Last Name Field.......................................passed
And Enter the Search First Name2............................................passed
And Enter the Search Last Name2.............................................passed
And Click on Search Button..................................................passed
And Click On Contact Search2................................................passed
And Get the Total Reveal Count..............................................passed
]]></system-out>
    </testcase>
    <testcase classname="Validate Search By Contact Name" name="To validate application Reveal Contact3 Search by Valid FirstName and LastName" time="17.111977">
        <system-out><![CDATA[When Clear the Text in First Name Field.....................................passed
And Clear the Text in Last Name Field.......................................passed
And Enter the Search First Name3............................................passed
And Enter the Search Last Name3.............................................passed
And Click on Search Button..................................................passed
And Click On Contact Search3................................................passed
And Get the Total Reveal Count..............................................passed
]]></system-out>
    </testcase>
    <testcase classname="Validate Search By Contact Name" name="To validate application Reveal Contact4 Search by Valid FirstName and LastName" time="17.090932">
        <system-out><![CDATA[When Clear the Text in First Name Field.....................................passed
And Clear the Text in Last Name Field.......................................passed
And Enter the Search First Name4............................................passed
And Enter the Search Last Name4.............................................passed
And Click on Search Button..................................................passed
And Click On Contact Search4................................................passed
And Get the Total Reveal Count..............................................passed
]]></system-out>
    </testcase>
    <testcase classname="Validate Search By Contact Name" name="To validate application Reveal Contact5 Search by Valid FirstName and LastName" time="17.164883">
        <system-out><![CDATA[When Clear the Text in First Name Field.....................................passed
And Clear the Text in Last Name Field.......................................passed
And Enter the Search First Name5............................................passed
And Enter the Search Last Name5.............................................passed
And Click on Search Button..................................................passed
And Click On Contact Search5................................................passed
And Get the Total Reveal Count..............................................passed
]]></system-out>
    </testcase>
    <testcase classname="Validate Search By Contact Name" name="To validate application Logout" time="6.611787">
        <system-out><![CDATA[When Click On Setting Options...............................................passed
And Click On Logout Options.................................................passed
]]></system-out>
    </testcase>
    <testcase classname="Validate Search By Company" name="To validate SalesIntel application Valid User Username and Valid Password" time="10.402177">
        <system-out><![CDATA[And Enter Valid Username....................................................passed
And Enter Valid Password....................................................passed
And Click On Login Button...................................................passed
]]></system-out>
    </testcase>
    <testcase classname="Validate Search By Company" name="To validate application Search without Company Name" time="15.724525">
        <system-out><![CDATA[Then Click on Company Radio Button..........................................passed
When Click on Search Button.................................................passed
]]></system-out>
    </testcase>
    <testcase classname="Validate Search By Company" name="To validate application Search by Valid Company Name" time="53.81917">
        <system-out><![CDATA[And Click On Clear Button...................................................passed
And Click On Do Not Save Button.............................................passed
When Click On Company.......................................................passed
And Enter Valid Company Name................................................passed
And Click on Search Button..................................................passed
And Validate Company Search Result..........................................passed
]]></system-out>
    </testcase>
    <testcase classname="Validate Search By Company" name="To validate application add multiple Company into New Company List" time="65.047624">
        <system-out><![CDATA[And Click On Clear Button...................................................passed
And Click On Do Not Save Button.............................................passed
When Click On Company.......................................................passed
And Enter Valid Company Name................................................passed
And Click on Search Button..................................................passed
And Validate Company Search Result..........................................passed
And Select Multiple Company to Add Company List.............................passed
And Append Company details into the List....................................passed
And Click On Add all to List................................................passed
And Click On Create New Company List........................................passed
When Enter New Company List.................................................passed
And Click On Create New Company List Save Button............................passed
]]></system-out>
    </testcase>
    <testcase classname="Validate Search By Company" name="To validate application add multiple Company into Existing Company List" time="70.113243">
        <system-out><![CDATA[Then Click On SalesIntel Tab................................................passed
And Click On Clear Button...................................................passed
And Click On Do Not Save Button.............................................passed
And Click On Company........................................................passed
And Enter Valid Company Name................................................passed
And Click on Search Button..................................................passed
And Validate Company Search Result..........................................passed
And Select Multiple Company to Add Company List.............................passed
And Append Company details into the List....................................passed
And Click On Add all to List................................................passed
And Click On Add Existing Company List......................................passed
And Click on Company List Drop Down Option..................................passed
And Click On Add Company List Save Button...................................passed
]]></system-out>
    </testcase>
    <testcase classname="Validate Search By Company" name="To validate application Delete Company List" time="25.805885">
        <system-out><![CDATA[And Click On List Tab.......................................................passed
And Delete Company List.....................................................passed
And Click On Delete Company List............................................passed
]]></system-out>
    </testcase>
    <testcase classname="Validate Search By Company" name="To validate application Logout" time="6.519593">
        <system-out><![CDATA[When Click On Setting Options...............................................passed
And Click On Logout Options.................................................passed
]]></system-out>
    </testcase>
    <testcase classname="Validate Contact by Sort Option" name="To validate SalesIntel application Valid User Username and Valid Password" time="10.408882">
        <system-out><![CDATA[And Enter Valid Username....................................................passed
And Enter Valid Password....................................................passed
And Click On Login Button...................................................passed
]]></system-out>
    </testcase>
    <testcase classname="Validate Contact by Sort Option" name="To validate application to Sort the Contact Details by Name" time="61.018987">
        <system-out><![CDATA[Then Click on Contact Radio Button..........................................passed
When Click on Search Button.................................................passed
And Click On Sort Icon For Display Contact based on Contact Name............passed
And Click On Sort Icon For Display Contact based on Contact Name............passed
]]></system-out>
    </testcase>
    <testcase classname="Validate Contact by Sort Option" name="To validate application to Sort the Contact Details by Job" time="51.636159">
        <system-out><![CDATA[And Click On Clear Button...................................................passed
And Click On Do Not Save Button.............................................passed
And Click on Search Button..................................................passed
And Click On Sort Icon For Display Contact based on Job Title...............passed
And Click On Sort Icon For Display Contact based on Job Title...............passed
]]></system-out>
    </testcase>
    <testcase classname="Validate Contact by Sort Option" name="To validate application to Sort the Contact Details by Job Level" time="40.832444">
        <system-out><![CDATA[And Click on Search Button..................................................passed
And Click On Sort Icon For Display Contact based on Job Level...............passed
And Click On Sort Icon For Display Contact based on Job Level...............passed
]]></system-out>
    </testcase>
    <testcase classname="Validate Contact by Sort Option" name="To validate application to Sort the Contact Details by Dept" time="61.613689">
        <system-out><![CDATA[And Click On Clear Button...................................................passed
And Click On Do Not Save Button.............................................passed
And Click on Search Button..................................................passed
And Click On Sort Icon For Display Contact based on Dept....................passed
And Click On Sort Icon For Display Contact based on Dept....................passed
]]></system-out>
    </testcase>
    <testcase classname="Validate Contact by Sort Option" name="To validate application to Sort the Contact Details by Comp" time="51.673576">
        <system-out><![CDATA[And Click On Clear Button...................................................passed
And Click On Do Not Save Button.............................................passed
And Click on Search Button..................................................passed
And Click On Sort Icon For Display Contact based on Comp....................passed
And Click On Sort Icon For Display Contact based on Comp....................passed
]]></system-out>
    </testcase>
    <testcase classname="Validate Contact by Sort Option" name="To validate application to Sort the Contact Details by Location" time="51.628993">
        <system-out><![CDATA[And Click On Clear Button...................................................passed
And Click On Do Not Save Button.............................................passed
And Click on Search Button..................................................passed
And Click On Sort Icon For Display Contact based on Location................passed
And Click On Sort Icon For Display Contact based on Location................passed
]]></system-out>
    </testcase>
    <testcase classname="Validate Contact by Sort Option" name="To validate application Logout" time="6.543247">
        <system-out><![CDATA[When Click On Setting Options...............................................passed
And Click On Logout Options.................................................passed
]]></system-out>
    </testcase>
    <testcase classname="Validate Contact by Sort Option" name="To validate SalesIntel application Valid User Username and Valid Password" time="10.414075">
        <system-out><![CDATA[And Enter Valid Username....................................................passed
And Enter Valid Password....................................................passed
And Click On Login Button...................................................passed
]]></system-out>
    </testcase>
    <testcase classname="Validate Contact by Sort Option" name="To validate application to Sort the Contact Details by Name" time="46.029861">
        <system-out><![CDATA[Then Click on Company Radio Button..........................................passed
When Click on Search Button.................................................passed
And Click On Sort Icon For Display Contact based on Contact Name............passed
And Click On Sort Icon For Display Contact based on Contact Name............passed
]]></system-out>
    </testcase>
    <testcase classname="Validate Contact by Sort Option" name="To validate application to Sort the Contact Details by Job" time="40.855293">
        <system-out><![CDATA[And Click on Search Button..................................................passed
And Click On Sort Icon For Display Contact based on Job Title...............passed
And Click On Sort Icon For Display Contact based on Job Title...............passed
]]></system-out>
    </testcase>
    <testcase classname="Validate Contact by Sort Option" name="To validate application to Sort the Contact Details by Job Level" time="40.867913">
        <system-out><![CDATA[And Click on Search Button..................................................passed
And Click On Sort Icon For Display Contact based on Job Level...............passed
And Click On Sort Icon For Display Contact based on Job Level...............passed
]]></system-out>
    </testcase>
    <testcase classname="Validate Contact by Sort Option" name="To validate application to Sort the Contact Details by Dept" time="50.881095">
        <system-out><![CDATA[And Click on Search Button..................................................passed
And Click On Sort Icon For Display Contact based on Dept....................passed
And Click On Sort Icon For Display Contact based on Dept....................passed
]]></system-out>
    </testcase>
    <testcase classname="Validate Contact by Sort Option" name="To validate application to Sort the Contact Details by Comp" time="40.863087">
        <system-out><![CDATA[And Click on Search Button..................................................passed
And Click On Sort Icon For Display Contact based on Comp....................passed
And Click On Sort Icon For Display Contact based on Comp....................passed
]]></system-out>
    </testcase>
    <testcase classname="Validate Contact by Sort Option" name="To validate application to Sort the Contact Details by Location" time="41.13362">
        <system-out><![CDATA[And Click on Search Button..................................................passed
And Click On Sort Icon For Display Contact based on Location................passed
And Click On Sort Icon For Display Contact based on Location................passed
]]></system-out>
    </testcase>
    <testcase classname="Validate Contact by Sort Option" name="To validate application Logout" time="6.766889">
        <system-out><![CDATA[When Click On Setting Options...............................................passed
And Click On Logout Options.................................................passed
]]></system-out>
    </testcase>
    <testcase classname="Validate RoD Contacts Verification" name="To validate SalesIntel application Valid User Username and Valid Password" time="10.937756">
        <system-out><![CDATA[And Enter Universal Valid Username..........................................passed
And Enter Universal Valid Password..........................................passed
And Click On Login Button...................................................passed
]]></system-out>
    </testcase>
    <testcase classname="Validate RoD Contacts Verification" name="To validate application Search Contact for ROD" time="60.718077">
        <system-out><![CDATA[Then Click on Contact Radio Button for Universal User.......................passed
When Click on Search Button.................................................passed
Then Verify Contact Name is displayed.......................................passed
When Click on Contact Name Button...........................................passed
Then Verify First Name is displayed.........................................passed
And Verify Last Name is displayed...........................................passed
When Enter the Universal First Name.........................................passed
And Enter the Universal Last Name...........................................passed
And Click on Search Button..................................................passed
And Click On Searched Contact...............................................passed
]]></system-out>
    </testcase>
    <testcase classname="Validate RoD Contacts Verification" name="To validate application &quot;Request Verification&quot;" time="9.329721">
        <system-out><![CDATA[Then Verify Request Verification Button is displayed........................passed
And Click On Request Verification Button....................................passed
]]></system-out>
    </testcase>
    <testcase classname="Validate RoD Contacts Verification" name="To validate application for Validate &quot;Requested Verification&quot;" time="10.229653">
        <system-out><![CDATA[Then Verify Requested Verification Status...................................passed
]]></system-out>
    </testcase>
    <testcase classname="Validate RoD Contacts Verification" name="To validate application Contact Requested in ROD Section" time="20.140666">
        <system-out><![CDATA[Then Verify RoD Tab is displayed............................................passed
And Click On RoD Tab........................................................passed
And Verify Requested ROD is Displayed in ROD tab............................passed
When Click On Setting Options...............................................passed
]]></system-out>
    </testcase>
    <testcase classname="Validate RoD Contacts Verification" name="To validate application Logout" time="3.467694">
        <system-out><![CDATA[And Click On Logout Options.................................................passed
]]></system-out>
    </testcase>
    <testcase classname="Validate Search By Job Department" name="To validate SalesIntel application login Valid User Username and Valid Password" time="10.388186">
        <system-out><![CDATA[And Enter Valid Username....................................................passed
And Enter Valid Password....................................................passed
And Click On Login Button...................................................passed
]]></system-out>
    </testcase>
    <testcase classname="Validate Search By Job Department" name="To validate application Search By Job Department section contents" time="0.219835">
        <system-out><![CDATA[When Verify Role Section is displayed.......................................passed
And Verify Job Department is displayed......................................passed
]]></system-out>
    </testcase>
    <testcase classname="Validate Search By Job Department" name="To validate application Search without Job Department Filter" time="10.596167">
        <system-out><![CDATA[Then Click on Search Button.................................................passed
]]></system-out>
    </testcase>
    <testcase classname="Validate Search By Job Department" name="To validate application Search by Finance Job Department Filter" time="33.693977">
        <system-out><![CDATA[And Click On Clear Button...................................................passed
And Click On Do Not Save Button.............................................passed
And Click on Job Department Filter..........................................passed
Then Click on Finance Department Filter.....................................passed
And Click on Search Button..................................................passed
Then Check Finance Department in Search Result..............................passed
]]></system-out>
    </testcase>
    <testcase classname="Validate Search By Job Department" name="To validate application Search by HR Job Department Filter" time="33.781619">
        <system-out><![CDATA[And Click On Clear Button...................................................passed
And Click On Do Not Save Button.............................................passed
And Click on Job Department Filter..........................................passed
Then Click on HR Department Filter..........................................passed
And Click on Search Button..................................................passed
Then Check HR Department in Search Result...................................passed
]]></system-out>
    </testcase>
    <testcase classname="Validate Search By Job Department" name="To validate application Search by IT Job Department Filter" time="33.664841">
        <system-out><![CDATA[And Click On Clear Button...................................................passed
And Click On Do Not Save Button.............................................passed
And Click on Job Department Filter..........................................passed
Then Click on IT Department Filter..........................................passed
And Click on Search Button..................................................passed
Then Check IT Department in Search Result...................................passed
]]></system-out>
    </testcase>
    <testcase classname="Validate Search By Job Department" name="To validate application Search by Legal Job Department Filter" time="31.661299">
        <system-out><![CDATA[When Click On Clear Button..................................................passed
And Click On Do Not Save Button.............................................passed
And Click on Job Department Filter..........................................passed
Then Click on Legal Department Filter.......................................passed
And Click on Search Button..................................................passed
Then Check Legal Department in Search Result................................passed
]]></system-out>
    </testcase>
    <testcase classname="Validate Search By Job Department" name="To validate application Search by Marketing Job Department Filter" time="31.822505">
        <system-out><![CDATA[When Click On Clear Button..................................................passed
And Click On Do Not Save Button.............................................passed
And Click on Job Department Filter..........................................passed
Then Click on Marketing Department Filter...................................passed
And Click on Search Button..................................................passed
Then Check Marketing Department in Search Result............................passed
]]></system-out>
    </testcase>
    <testcase classname="Validate Search By Job Department" name="To validate application Search by Operations Job Department Filter" time="31.605529">
        <system-out><![CDATA[When Click On Clear Button..................................................passed
And Click On Do Not Save Button.............................................passed
And Click on Job Department Filter..........................................passed
Then Click on Operations Department Filter..................................passed
And Click on Search Button..................................................passed
Then Check Operations Department in Search Result...........................passed
]]></system-out>
    </testcase>
    <testcase classname="Validate Search By Job Department" name="To validate application Search by Procurement Job Department Filter" time="31.663931">
        <system-out><![CDATA[When Click On Clear Button..................................................passed
And Click On Do Not Save Button.............................................passed
And Click on Job Department Filter..........................................passed
Then Click on Procurement Department Filter.................................passed
And Click on Search Button..................................................passed
Then Check Procurement Department in Search Result..........................passed
]]></system-out>
    </testcase>
    <testcase classname="Validate Search By Job Department" name="To validate application Search by R&amp;D Job Department Filter" time="31.697002">
        <system-out><![CDATA[When Click On Clear Button..................................................passed
And Click On Do Not Save Button.............................................passed
And Click on Job Department Filter..........................................passed
Then Click on R&D Department Filter.........................................passed
And Click on Search Button..................................................passed
Then Check R&D Department in Search Result..................................passed
]]></system-out>
    </testcase>
    <testcase classname="Validate Search By Job Department" name="To validate application Search by Sales Job Department Filter" time="31.691522">
        <system-out><![CDATA[When Click On Clear Button..................................................passed
And Click On Do Not Save Button.............................................passed
And Click on Job Department Filter..........................................passed
Then Click on Sales Department Filter.......................................passed
And Click on Search Button..................................................passed
Then Check Sales Department in Search Result................................passed
]]></system-out>
    </testcase>
    <testcase classname="Validate Search By Job Department" name="To validate application Search by Cross Functional Job Department Filter" time="31.656185">
        <system-out><![CDATA[When Click On Clear Button..................................................passed
And Click On Do Not Save Button.............................................passed
And Click on Job Department Filter..........................................passed
Then Click on Cross Functional Department Filter............................passed
And Click on Search Button..................................................passed
Then Check Cross Functional Department in Search Result.....................passed
]]></system-out>
    </testcase>
    <testcase classname="Validate Search By Job Level" name="To validate application Job Level is displayed" time="14.088164">
        <system-out><![CDATA[When Click On Clear Button..................................................passed
And Click On Do Not Save Button.............................................passed
And Verify Job Level Filter is displayed....................................passed
]]></system-out>
    </testcase>
    <testcase classname="Validate Search By Job Level" name="To validate application Search by Board Member Job Level Filter" time="15.841811">
        <system-out><![CDATA[When Click On Job Level Filter..............................................passed
And Click on Board Member Job Level Filter..................................passed
And Click on Search Button..................................................passed
Then Check Board Member Job Level in Result.................................passed
]]></system-out>
    </testcase>
    <testcase classname="Validate Search By Job Level" name="To validate application Search by C-level Executive Job Level Filter" time="26.620804">
        <system-out><![CDATA[When Click On Clear Button..................................................passed
And Click On Do Not Save Button.............................................passed
And Click On Job Level Filter...............................................passed
And Click On C-Level Executive Job Level Filter.............................passed
And Click on Search Button..................................................passed
And Check C-level Executive Job level in Result.............................passed
]]></system-out>
    </testcase>
    <testcase classname="Validate Search By Job Level" name="To validate application Search by Voice Presidents Job Level Filter" time="21.529908">
        <system-out><![CDATA[When Click On Clear Button..................................................passed
And Click On Do Not Save Button.............................................passed
And Click On Job Level Filter...............................................passed
And Click On Vice Presidents Job Level Filter...............................passed
And Click on Search Button..................................................passed
And Check Vice Presidents Job level in Result...............................passed
]]></system-out>
    </testcase>
    <testcase classname="Validate Search By Job Level" name="To validate application Search by Directors Job Level Filter" time="21.578848">
        <system-out><![CDATA[When Click On Clear Button..................................................passed
And Click On Do Not Save Button.............................................passed
And Click On Job Level Filter...............................................passed
And Click On Directors Job Level Filter.....................................passed
And Click on Search Button..................................................passed
And Check Directors Job level in Result.....................................passed
]]></system-out>
    </testcase>
    <testcase classname="Validate Search By Job Level" name="To validate application Search by Managers Job Level Filter" time="21.552615">
        <system-out><![CDATA[When Click On Clear Button..................................................passed
And Click On Do Not Save Button.............................................passed
And Click On Job Level Filter...............................................passed
And Click On Managers Job Level Filter......................................passed
And Click on Search Button..................................................passed
And Check Managers Job level in Result......................................passed
]]></system-out>
    </testcase>
    <testcase classname="Validate Search By Job Level" name="To validate application Search by Key Influencers Job Level Filter" time="26.561342">
        <system-out><![CDATA[When Click On Clear Button..................................................passed
And Click On Do Not Save Button.............................................passed
And Click On Job Level Filter...............................................passed
And Click On Key Influencers Job Level Filter...............................passed
And Click on Search Button..................................................passed
And Check Key Influencers Job level in Result...............................passed
]]></system-out>
    </testcase>
    <testcase classname="Validate Search By Job Level" name="To validate application Logout" time="6.563077">
        <system-out><![CDATA[When Click On Setting Options...............................................passed
And Click On Logout Options.................................................passed
]]></system-out>
    </testcase>
    <testcase classname="Validate Search By Job Title" name="To validate SalesIntel application Valid User Username and Valid Password" time="10.425985">
        <system-out><![CDATA[And Enter Valid Username....................................................passed
And Enter Valid Password....................................................passed
And Click On Login Button...................................................passed
]]></system-out>
    </testcase>
    <testcase classname="Validate Search By Job Title" name="To validate application Search By Job Title Filter" time="18.007342">
        <system-out><![CDATA[When Verify Role Section is displayed.......................................passed
And Verify Title filter is Displayed........................................passed
And Click on Title Filter...................................................passed
And Enter Title in Title filter.............................................passed
And Click on Search Button..................................................passed
Then Check searched title is displayed in Search Result.....................passed
]]></system-out>
    </testcase>
    <testcase classname="Validate Search By Job Title" name="To validate application Logout" time="6.555291">
        <system-out><![CDATA[When Click On Setting Options...............................................passed
And Click On Logout Options.................................................passed
]]></system-out>
    </testcase>
    <testcase classname="Validate Search By Contact Email" name="To validate SalesIntel application Valid User Username and Valid Password" time="10.397326">
        <system-out><![CDATA[And Enter Valid Username....................................................passed
And Enter Valid Password....................................................passed
And Click On Login Button...................................................passed
]]></system-out>
    </testcase>
    <testcase classname="Validate Search By Contact Email" name="To validate application Search by Invalid Email Address" time="10.956587">
        <system-out><![CDATA[Then Click on Contact Email Button..........................................passed
When Enter Invalid Contact Email Address....................................passed
Then Click on Search Button.................................................passed
And Verify Error Message is displayed When search with Invalid Email Address.passed
]]></system-out>
    </testcase>
    <testcase classname="Validate Search By Contact Email" name="To validate application Search by Valid Contact Email Address" time="13.769938">
        <system-out><![CDATA[When Click On Clear Button..................................................passed
And Click on Contact Email Button...........................................passed
And Enter Contact Email Address.............................................passed
And Click on Search Button..................................................passed
And Click on Searched Contact...............................................passed
Then Check email in Search Result...........................................passed
]]></system-out>
    </testcase>
    <testcase classname="Validate Search By Contact Email" name="To validate application Logout" time="6.48464">
        <system-out><![CDATA[When Click On Setting Options...............................................passed
And Click On Logout Options.................................................passed
]]></system-out>
    </testcase>
    <testcase classname="Validate Search by Location" name="To validate SalesIntel application Valid User Username and Valid Password" time="10.401711">
        <system-out><![CDATA[When Enter Valid Username...................................................passed
And Enter Valid Password....................................................passed
Then Click On Login Button..................................................passed
]]></system-out>
    </testcase>
    <testcase classname="Validate Search by Location" name="To validate Search by States in USA Location" time="36.335711">
        <failure message="java.lang.ArrayIndexOutOfBoundsException: Index 1 out of bounds for length 1&#13;&#10;&#9;at org.base.Global.generateTestReport(Global.java:253)&#13;&#10;&#9;at org.runner.BeforeExection.extentReportAfterExecutedClass(BeforeExection.java:55)&#13;&#10;&#9;at java.base/jdk.internal.reflect.DirectMethodHandleAccessor.invoke(DirectMethodHandleAccessor.java:104)&#13;&#10;&#9;at java.base/java.lang.reflect.Method.invoke(Method.java:577)&#13;&#10;&#9;at cucumber.runtime.Utils$1.call(Utils.java:26)&#13;&#10;&#9;at cucumber.runtime.Timeout.timeout(Timeout.java:16)&#13;&#10;&#9;at cucumber.runtime.Utils.invoke(Utils.java:20)&#13;&#10;&#9;at cucumber.runtime.java.JavaHookDefinition.execute(JavaHookDefinition.java:65)&#13;&#10;&#9;at cucumber.runner.HookDefinitionMatch.runStep(HookDefinitionMatch.java:16)&#13;&#10;&#9;at cucumber.runner.TestStep.executeStep(TestStep.java:65)&#13;&#10;&#9;at cucumber.runner.TestStep.run(TestStep.java:50)&#13;&#10;&#9;at cucumber.runner.TestCase.run(TestCase.java:50)&#13;&#10;&#9;at cucumber.runner.Runner.runPickle(Runner.java:50)&#13;&#10;&#9;at io.cucumber.testng.TestNGCucumberRunner.runScenario(TestNGCucumberRunner.java:79)&#13;&#10;&#9;at io.cucumber.testng.AbstractTestNGCucumberTests.runScenario(AbstractTestNGCucumberTests.java:24)&#13;&#10;&#9;at java.base/jdk.internal.reflect.DirectMethodHandleAccessor.invoke(DirectMethodHandleAccessor.java:104)&#13;&#10;&#9;at java.base/java.lang.reflect.Method.invoke(Method.java:577)&#13;&#10;&#9;at org.testng.internal.MethodInvocationHelper.invokeMethod(MethodInvocationHelper.java:124)&#13;&#10;&#9;at org.testng.internal.Invoker.invokeMethod(Invoker.java:583)&#13;&#10;&#9;at org.testng.internal.Invoker.invokeTestMethod(Invoker.java:719)&#13;&#10;&#9;at org.testng.internal.Invoker.invokeTestMethods(Invoker.java:989)&#13;&#10;&#9;at org.testng.internal.TestMethodWorker.invokeTestMethods(TestMethodWorker.java:125)&#13;&#10;&#9;at org.testng.internal.TestMethodWorker.run(TestMethodWorker.java:109)&#13;&#10;&#9;at org.testng.TestRunner.privateRun(TestRunner.java:648)&#13;&#10;&#9;at org.testng.TestRunner.run(TestRunner.java:505)&#13;&#10;&#9;at org.testng.SuiteRunner.runTest(SuiteRunner.java:455)&#13;&#10;&#9;at org.testng.SuiteRunner.runSequentially(SuiteRunner.java:450)&#13;&#10;&#9;at org.testng.SuiteRunner.privateRun(SuiteRunner.java:415)&#13;&#10;&#9;at org.testng.SuiteRunner.run(SuiteRunner.java:364)&#13;&#10;&#9;at org.testng.SuiteRunnerWorker.runSuite(SuiteRunnerWorker.java:52)&#13;&#10;&#9;at org.testng.SuiteRunnerWorker.run(SuiteRunnerWorker.java:84)&#13;&#10;&#9;at org.testng.TestNG.runSuitesSequentially(TestNG.java:1208)&#13;&#10;&#9;at org.testng.TestNG.runSuitesLocally(TestNG.java:1137)&#13;&#10;&#9;at org.testng.TestNG.runSuites(TestNG.java:1049)&#13;&#10;&#9;at org.testng.TestNG.run(TestNG.java:1017)&#13;&#10;&#9;at com.intellij.rt.testng.IDEARemoteTestNG.run(IDEARemoteTestNG.java:66)&#13;&#10;&#9;at com.intellij.rt.testng.RemoteTestNGStarter.main(RemoteTestNGStarter.java:109)&#13;&#10;"><![CDATA[When Verify Location filter is Displayed....................................passed
Then Click on Location Tab..................................................passed
Then Click on State Combobox................................................passed
Then Enter the Data in State Combobox.......................................passed
And Click on Search Button..................................................passed
Then Check CA for California State in Search Result.........................passed

StackTrace:
java.lang.ArrayIndexOutOfBoundsException: Index 1 out of bounds for length 1
	at org.base.Global.generateTestReport(Global.java:253)
	at org.runner.BeforeExection.extentReportAfterExecutedClass(BeforeExection.java:55)
	at java.base/jdk.internal.reflect.DirectMethodHandleAccessor.invoke(DirectMethodHandleAccessor.java:104)
	at java.base/java.lang.reflect.Method.invoke(Method.java:577)
	at cucumber.runtime.Utils$1.call(Utils.java:26)
	at cucumber.runtime.Timeout.timeout(Timeout.java:16)
	at cucumber.runtime.Utils.invoke(Utils.java:20)
	at cucumber.runtime.java.JavaHookDefinition.execute(JavaHookDefinition.java:65)
	at cucumber.runner.HookDefinitionMatch.runStep(HookDefinitionMatch.java:16)
	at cucumber.runner.TestStep.executeStep(TestStep.java:65)
	at cucumber.runner.TestStep.run(TestStep.java:50)
	at cucumber.runner.TestCase.run(TestCase.java:50)
	at cucumber.runner.Runner.runPickle(Runner.java:50)
	at io.cucumber.testng.TestNGCucumberRunner.runScenario(TestNGCucumberRunner.java:79)
	at io.cucumber.testng.AbstractTestNGCucumberTests.runScenario(AbstractTestNGCucumberTests.java:24)
	at java.base/jdk.internal.reflect.DirectMethodHandleAccessor.invoke(DirectMethodHandleAccessor.java:104)
	at java.base/java.lang.reflect.Method.invoke(Method.java:577)
	at org.testng.internal.MethodInvocationHelper.invokeMethod(MethodInvocationHelper.java:124)
	at org.testng.internal.Invoker.invokeMethod(Invoker.java:583)
	at org.testng.internal.Invoker.invokeTestMethod(Invoker.java:719)
	at org.testng.internal.Invoker.invokeTestMethods(Invoker.java:989)
	at org.testng.internal.TestMethodWorker.invokeTestMethods(TestMethodWorker.java:125)
	at org.testng.internal.TestMethodWorker.run(TestMethodWorker.java:109)
	at org.testng.TestRunner.privateRun(TestRunner.java:648)
	at org.testng.TestRunner.run(TestRunner.java:505)
	at org.testng.SuiteRunner.runTest(SuiteRunner.java:455)
	at org.testng.SuiteRunner.runSequentially(SuiteRunner.java:450)
	at org.testng.SuiteRunner.privateRun(SuiteRunner.java:415)
	at org.testng.SuiteRunner.run(SuiteRunner.java:364)
	at org.testng.SuiteRunnerWorker.runSuite(SuiteRunnerWorker.java:52)
	at org.testng.SuiteRunnerWorker.run(SuiteRunnerWorker.java:84)
	at org.testng.TestNG.runSuitesSequentially(TestNG.java:1208)
	at org.testng.TestNG.runSuitesLocally(TestNG.java:1137)
	at org.testng.TestNG.runSuites(TestNG.java:1049)
	at org.testng.TestNG.run(TestNG.java:1017)
	at com.intellij.rt.testng.IDEARemoteTestNG.run(IDEARemoteTestNG.java:66)
	at com.intellij.rt.testng.RemoteTestNGStarter.main(RemoteTestNGStarter.java:109)
]]></failure>
    </testcase>
    <testcase classname="Validate Search by Location" name="To validate Search by Zip Code in USA Location" time="31.630271">
        <failure message="java.lang.ArrayIndexOutOfBoundsException: Index 1 out of bounds for length 1&#13;&#10;&#9;at org.base.Global.generateTestReport(Global.java:253)&#13;&#10;&#9;at org.runner.BeforeExection.extentReportAfterExecutedClass(BeforeExection.java:55)&#13;&#10;&#9;at java.base/jdk.internal.reflect.DirectMethodHandleAccessor.invoke(DirectMethodHandleAccessor.java:104)&#13;&#10;&#9;at java.base/java.lang.reflect.Method.invoke(Method.java:577)&#13;&#10;&#9;at cucumber.runtime.Utils$1.call(Utils.java:26)&#13;&#10;&#9;at cucumber.runtime.Timeout.timeout(Timeout.java:16)&#13;&#10;&#9;at cucumber.runtime.Utils.invoke(Utils.java:20)&#13;&#10;&#9;at cucumber.runtime.java.JavaHookDefinition.execute(JavaHookDefinition.java:65)&#13;&#10;&#9;at cucumber.runner.HookDefinitionMatch.runStep(HookDefinitionMatch.java:16)&#13;&#10;&#9;at cucumber.runner.TestStep.executeStep(TestStep.java:65)&#13;&#10;&#9;at cucumber.runner.TestStep.run(TestStep.java:50)&#13;&#10;&#9;at cucumber.runner.TestCase.run(TestCase.java:50)&#13;&#10;&#9;at cucumber.runner.Runner.runPickle(Runner.java:50)&#13;&#10;&#9;at io.cucumber.testng.TestNGCucumberRunner.runScenario(TestNGCucumberRunner.java:79)&#13;&#10;&#9;at io.cucumber.testng.AbstractTestNGCucumberTests.runScenario(AbstractTestNGCucumberTests.java:24)&#13;&#10;&#9;at java.base/jdk.internal.reflect.DirectMethodHandleAccessor.invoke(DirectMethodHandleAccessor.java:104)&#13;&#10;&#9;at java.base/java.lang.reflect.Method.invoke(Method.java:577)&#13;&#10;&#9;at org.testng.internal.MethodInvocationHelper.invokeMethod(MethodInvocationHelper.java:124)&#13;&#10;&#9;at org.testng.internal.Invoker.invokeMethod(Invoker.java:583)&#13;&#10;&#9;at org.testng.internal.Invoker.invokeTestMethod(Invoker.java:719)&#13;&#10;&#9;at org.testng.internal.Invoker.invokeTestMethods(Invoker.java:989)&#13;&#10;&#9;at org.testng.internal.TestMethodWorker.invokeTestMethods(TestMethodWorker.java:125)&#13;&#10;&#9;at org.testng.internal.TestMethodWorker.run(TestMethodWorker.java:109)&#13;&#10;&#9;at org.testng.TestRunner.privateRun(TestRunner.java:648)&#13;&#10;&#9;at org.testng.TestRunner.run(TestRunner.java:505)&#13;&#10;&#9;at org.testng.SuiteRunner.runTest(SuiteRunner.java:455)&#13;&#10;&#9;at org.testng.SuiteRunner.runSequentially(SuiteRunner.java:450)&#13;&#10;&#9;at org.testng.SuiteRunner.privateRun(SuiteRunner.java:415)&#13;&#10;&#9;at org.testng.SuiteRunner.run(SuiteRunner.java:364)&#13;&#10;&#9;at org.testng.SuiteRunnerWorker.runSuite(SuiteRunnerWorker.java:52)&#13;&#10;&#9;at org.testng.SuiteRunnerWorker.run(SuiteRunnerWorker.java:84)&#13;&#10;&#9;at org.testng.TestNG.runSuitesSequentially(TestNG.java:1208)&#13;&#10;&#9;at org.testng.TestNG.runSuitesLocally(TestNG.java:1137)&#13;&#10;&#9;at org.testng.TestNG.runSuites(TestNG.java:1049)&#13;&#10;&#9;at org.testng.TestNG.run(TestNG.java:1017)&#13;&#10;&#9;at com.intellij.rt.testng.IDEARemoteTestNG.run(IDEARemoteTestNG.java:66)&#13;&#10;&#9;at com.intellij.rt.testng.RemoteTestNGStarter.main(RemoteTestNGStarter.java:109)&#13;&#10;"><![CDATA[When Click On Clear Button..................................................passed
And Click On Do Not Save Button.............................................passed
And Verify Location filter is Displayed.....................................passed
And Click on Location Filter................................................passed
And Click on Zip code under USA.............................................passed
And Enter Zip Code in the text field........................................passed
Then Click on Search Button.................................................passed

StackTrace:
java.lang.ArrayIndexOutOfBoundsException: Index 1 out of bounds for length 1
	at org.base.Global.generateTestReport(Global.java:253)
	at org.runner.BeforeExection.extentReportAfterExecutedClass(BeforeExection.java:55)
	at java.base/jdk.internal.reflect.DirectMethodHandleAccessor.invoke(DirectMethodHandleAccessor.java:104)
	at java.base/java.lang.reflect.Method.invoke(Method.java:577)
	at cucumber.runtime.Utils$1.call(Utils.java:26)
	at cucumber.runtime.Timeout.timeout(Timeout.java:16)
	at cucumber.runtime.Utils.invoke(Utils.java:20)
	at cucumber.runtime.java.JavaHookDefinition.execute(JavaHookDefinition.java:65)
	at cucumber.runner.HookDefinitionMatch.runStep(HookDefinitionMatch.java:16)
	at cucumber.runner.TestStep.executeStep(TestStep.java:65)
	at cucumber.runner.TestStep.run(TestStep.java:50)
	at cucumber.runner.TestCase.run(TestCase.java:50)
	at cucumber.runner.Runner.runPickle(Runner.java:50)
	at io.cucumber.testng.TestNGCucumberRunner.runScenario(TestNGCucumberRunner.java:79)
	at io.cucumber.testng.AbstractTestNGCucumberTests.runScenario(AbstractTestNGCucumberTests.java:24)
	at java.base/jdk.internal.reflect.DirectMethodHandleAccessor.invoke(DirectMethodHandleAccessor.java:104)
	at java.base/java.lang.reflect.Method.invoke(Method.java:577)
	at org.testng.internal.MethodInvocationHelper.invokeMethod(MethodInvocationHelper.java:124)
	at org.testng.internal.Invoker.invokeMethod(Invoker.java:583)
	at org.testng.internal.Invoker.invokeTestMethod(Invoker.java:719)
	at org.testng.internal.Invoker.invokeTestMethods(Invoker.java:989)
	at org.testng.internal.TestMethodWorker.invokeTestMethods(TestMethodWorker.java:125)
	at org.testng.internal.TestMethodWorker.run(TestMethodWorker.java:109)
	at org.testng.TestRunner.privateRun(TestRunner.java:648)
	at org.testng.TestRunner.run(TestRunner.java:505)
	at org.testng.SuiteRunner.runTest(SuiteRunner.java:455)
	at org.testng.SuiteRunner.runSequentially(SuiteRunner.java:450)
	at org.testng.SuiteRunner.privateRun(SuiteRunner.java:415)
	at org.testng.SuiteRunner.run(SuiteRunner.java:364)
	at org.testng.SuiteRunnerWorker.runSuite(SuiteRunnerWorker.java:52)
	at org.testng.SuiteRunnerWorker.run(SuiteRunnerWorker.java:84)
	at org.testng.TestNG.runSuitesSequentially(TestNG.java:1208)
	at org.testng.TestNG.runSuitesLocally(TestNG.java:1137)
	at org.testng.TestNG.runSuites(TestNG.java:1049)
	at org.testng.TestNG.run(TestNG.java:1017)
	at com.intellij.rt.testng.IDEARemoteTestNG.run(IDEARemoteTestNG.java:66)
	at com.intellij.rt.testng.RemoteTestNGStarter.main(RemoteTestNGStarter.java:109)
]]></failure>
    </testcase>
    <testcase classname="Validate Search by Location" name="To validate Search by Metro Areas in USA Location" time="35.061029">
        <failure message="java.lang.ArrayIndexOutOfBoundsException: Index 1 out of bounds for length 1&#13;&#10;&#9;at org.base.Global.generateTestReport(Global.java:253)&#13;&#10;&#9;at org.runner.BeforeExection.extentReportAfterExecutedClass(BeforeExection.java:55)&#13;&#10;&#9;at java.base/jdk.internal.reflect.DirectMethodHandleAccessor.invoke(DirectMethodHandleAccessor.java:104)&#13;&#10;&#9;at java.base/java.lang.reflect.Method.invoke(Method.java:577)&#13;&#10;&#9;at cucumber.runtime.Utils$1.call(Utils.java:26)&#13;&#10;&#9;at cucumber.runtime.Timeout.timeout(Timeout.java:16)&#13;&#10;&#9;at cucumber.runtime.Utils.invoke(Utils.java:20)&#13;&#10;&#9;at cucumber.runtime.java.JavaHookDefinition.execute(JavaHookDefinition.java:65)&#13;&#10;&#9;at cucumber.runner.HookDefinitionMatch.runStep(HookDefinitionMatch.java:16)&#13;&#10;&#9;at cucumber.runner.TestStep.executeStep(TestStep.java:65)&#13;&#10;&#9;at cucumber.runner.TestStep.run(TestStep.java:50)&#13;&#10;&#9;at cucumber.runner.TestCase.run(TestCase.java:50)&#13;&#10;&#9;at cucumber.runner.Runner.runPickle(Runner.java:50)&#13;&#10;&#9;at io.cucumber.testng.TestNGCucumberRunner.runScenario(TestNGCucumberRunner.java:79)&#13;&#10;&#9;at io.cucumber.testng.AbstractTestNGCucumberTests.runScenario(AbstractTestNGCucumberTests.java:24)&#13;&#10;&#9;at java.base/jdk.internal.reflect.DirectMethodHandleAccessor.invoke(DirectMethodHandleAccessor.java:104)&#13;&#10;&#9;at java.base/java.lang.reflect.Method.invoke(Method.java:577)&#13;&#10;&#9;at org.testng.internal.MethodInvocationHelper.invokeMethod(MethodInvocationHelper.java:124)&#13;&#10;&#9;at org.testng.internal.Invoker.invokeMethod(Invoker.java:583)&#13;&#10;&#9;at org.testng.internal.Invoker.invokeTestMethod(Invoker.java:719)&#13;&#10;&#9;at org.testng.internal.Invoker.invokeTestMethods(Invoker.java:989)&#13;&#10;&#9;at org.testng.internal.TestMethodWorker.invokeTestMethods(TestMethodWorker.java:125)&#13;&#10;&#9;at org.testng.internal.TestMethodWorker.run(TestMethodWorker.java:109)&#13;&#10;&#9;at org.testng.TestRunner.privateRun(TestRunner.java:648)&#13;&#10;&#9;at org.testng.TestRunner.run(TestRunner.java:505)&#13;&#10;&#9;at org.testng.SuiteRunner.runTest(SuiteRunner.java:455)&#13;&#10;&#9;at org.testng.SuiteRunner.runSequentially(SuiteRunner.java:450)&#13;&#10;&#9;at org.testng.SuiteRunner.privateRun(SuiteRunner.java:415)&#13;&#10;&#9;at org.testng.SuiteRunner.run(SuiteRunner.java:364)&#13;&#10;&#9;at org.testng.SuiteRunnerWorker.runSuite(SuiteRunnerWorker.java:52)&#13;&#10;&#9;at org.testng.SuiteRunnerWorker.run(SuiteRunnerWorker.java:84)&#13;&#10;&#9;at org.testng.TestNG.runSuitesSequentially(TestNG.java:1208)&#13;&#10;&#9;at org.testng.TestNG.runSuitesLocally(TestNG.java:1137)&#13;&#10;&#9;at org.testng.TestNG.runSuites(TestNG.java:1049)&#13;&#10;&#9;at org.testng.TestNG.run(TestNG.java:1017)&#13;&#10;&#9;at com.intellij.rt.testng.IDEARemoteTestNG.run(IDEARemoteTestNG.java:66)&#13;&#10;&#9;at com.intellij.rt.testng.RemoteTestNGStarter.main(RemoteTestNGStarter.java:109)&#13;&#10;"><![CDATA[When Click On Clear Button..................................................passed
And Click On Do Not Save Button.............................................passed
And Verify Location filter is Displayed.....................................passed
And Click on Location Filter................................................passed
And Click on Metro Areas under USA..........................................passed
And Click on Metro Areas Text Field.........................................passed
And Enter Albany GA Metro Area..............................................passed
Then Click on Search Button.................................................passed

StackTrace:
java.lang.ArrayIndexOutOfBoundsException: Index 1 out of bounds for length 1
	at org.base.Global.generateTestReport(Global.java:253)
	at org.runner.BeforeExection.extentReportAfterExecutedClass(BeforeExection.java:55)
	at java.base/jdk.internal.reflect.DirectMethodHandleAccessor.invoke(DirectMethodHandleAccessor.java:104)
	at java.base/java.lang.reflect.Method.invoke(Method.java:577)
	at cucumber.runtime.Utils$1.call(Utils.java:26)
	at cucumber.runtime.Timeout.timeout(Timeout.java:16)
	at cucumber.runtime.Utils.invoke(Utils.java:20)
	at cucumber.runtime.java.JavaHookDefinition.execute(JavaHookDefinition.java:65)
	at cucumber.runner.HookDefinitionMatch.runStep(HookDefinitionMatch.java:16)
	at cucumber.runner.TestStep.executeStep(TestStep.java:65)
	at cucumber.runner.TestStep.run(TestStep.java:50)
	at cucumber.runner.TestCase.run(TestCase.java:50)
	at cucumber.runner.Runner.runPickle(Runner.java:50)
	at io.cucumber.testng.TestNGCucumberRunner.runScenario(TestNGCucumberRunner.java:79)
	at io.cucumber.testng.AbstractTestNGCucumberTests.runScenario(AbstractTestNGCucumberTests.java:24)
	at java.base/jdk.internal.reflect.DirectMethodHandleAccessor.invoke(DirectMethodHandleAccessor.java:104)
	at java.base/java.lang.reflect.Method.invoke(Method.java:577)
	at org.testng.internal.MethodInvocationHelper.invokeMethod(MethodInvocationHelper.java:124)
	at org.testng.internal.Invoker.invokeMethod(Invoker.java:583)
	at org.testng.internal.Invoker.invokeTestMethod(Invoker.java:719)
	at org.testng.internal.Invoker.invokeTestMethods(Invoker.java:989)
	at org.testng.internal.TestMethodWorker.invokeTestMethods(TestMethodWorker.java:125)
	at org.testng.internal.TestMethodWorker.run(TestMethodWorker.java:109)
	at org.testng.TestRunner.privateRun(TestRunner.java:648)
	at org.testng.TestRunner.run(TestRunner.java:505)
	at org.testng.SuiteRunner.runTest(SuiteRunner.java:455)
	at org.testng.SuiteRunner.runSequentially(SuiteRunner.java:450)
	at org.testng.SuiteRunner.privateRun(SuiteRunner.java:415)
	at org.testng.SuiteRunner.run(SuiteRunner.java:364)
	at org.testng.SuiteRunnerWorker.runSuite(SuiteRunnerWorker.java:52)
	at org.testng.SuiteRunnerWorker.run(SuiteRunnerWorker.java:84)
	at org.testng.TestNG.runSuitesSequentially(TestNG.java:1208)
	at org.testng.TestNG.runSuitesLocally(TestNG.java:1137)
	at org.testng.TestNG.runSuites(TestNG.java:1049)
	at org.testng.TestNG.run(TestNG.java:1017)
	at com.intellij.rt.testng.IDEARemoteTestNG.run(IDEARemoteTestNG.java:66)
	at com.intellij.rt.testng.RemoteTestNGStarter.main(RemoteTestNGStarter.java:109)
]]></failure>
    </testcase>
    <testcase classname="Validate Search by Location" name="To validate Search by Non-USA Location" time="60.6688">
        <failure message="org.openqa.selenium.NoSuchElementException: no such element: Unable to locate element: {&quot;method&quot;:&quot;xpath&quot;,&quot;selector&quot;:&quot;//*[contains(text(),'Spain')]&quot;}&#10;  (Session info: chrome=107.0.5304.107)&#10;For documentation on this error, please visit: https://www.seleniumhq.org/exceptions/no_such_element.html&#10;Build info: version: '3.141.59', revision: 'e82be7d358', time: '2018-11-14T08:17:03'&#10;System info: host: 'YOGESH', ip: '172.16.17.120', os.name: 'Windows 11', os.arch: 'amd64', os.version: '10.0', java.version: '18.0.1.1'&#10;Driver info: org.openqa.selenium.chrome.ChromeDriver&#10;Capabilities {acceptInsecureCerts: false, browserName: chrome, browserVersion: 107.0.5304.107, chrome: {chromedriverVersion: 107.0.5304.62 (1eec40d3a576..., userDataDir: C:\Users\Astegic\AppData\Lo...}, goog:chromeOptions: {debuggerAddress: localhost:62570}, javascriptEnabled: true, networkConnectionEnabled: false, pageLoadStrategy: normal, platform: WINDOWS, platformName: WINDOWS, proxy: Proxy(), setWindowRect: true, strictFileInteractability: false, timeouts: {implicit: 0, pageLoad: 300000, script: 30000}, unhandledPromptBehavior: dismiss and notify, webauthn:extension:credBlob: true, webauthn:extension:largeBlob: true, webauthn:virtualAuthenticators: true}&#10;Session ID: a0899b91e68e22c7b13bb5c796c6a225&#10;*** Element info: {Using=xpath, value=//*[contains(text(),'Spain')]}&#13;&#10;&#9;at java.base/jdk.internal.reflect.DirectConstructorHandleAccessor.newInstance(DirectConstructorHandleAccessor.java:67)&#13;&#10;&#9;at java.base/java.lang.reflect.Constructor.newInstanceWithCaller(Constructor.java:499)&#13;&#10;&#9;at java.base/java.lang.reflect.Constructor.newInstance(Constructor.java:483)&#13;&#10;&#9;at org.openqa.selenium.remote.http.W3CHttpResponseCodec.createException(W3CHttpResponseCodec.java:187)&#13;&#10;&#9;at org.openqa.selenium.remote.http.W3CHttpResponseCodec.decode(W3CHttpResponseCodec.java:122)&#13;&#10;&#9;at org.openqa.selenium.remote.http.W3CHttpResponseCodec.decode(W3CHttpResponseCodec.java:49)&#13;&#10;&#9;at org.openqa.selenium.remote.HttpCommandExecutor.execute(HttpCommandExecutor.java:158)&#13;&#10;&#9;at org.openqa.selenium.remote.service.DriverCommandExecutor.execute(DriverCommandExecutor.java:83)&#13;&#10;&#9;at org.openqa.selenium.remote.RemoteWebDriver.execute(RemoteWebDriver.java:552)&#13;&#10;&#9;at org.openqa.selenium.remote.RemoteWebDriver.findElement(RemoteWebDriver.java:323)&#13;&#10;&#9;at org.openqa.selenium.remote.RemoteWebDriver.findElementByXPath(RemoteWebDriver.java:428)&#13;&#10;&#9;at org.openqa.selenium.By$ByXPath.findElement(By.java:353)&#13;&#10;&#9;at org.openqa.selenium.remote.RemoteWebDriver.findElement(RemoteWebDriver.java:315)&#13;&#10;&#9;at org.stepdefinition.Steps.I_Check_Country_Location_In_Result(Steps.java:941)&#13;&#10;&#9;at .Check Country in Location in Search Result(file:TC_11_Search_By_Location.feature:51)&#13;&#10;"><![CDATA[When Click On Clear Button..................................................passed
And Click On Do Not Save Button.............................................passed
And Verify Location filter is Displayed.....................................passed
And Click on Location Filter................................................passed
And Click on Non USA Radio Button...........................................passed
And Click on Country Input Box..............................................passed
And Enter Non USA Country Name..............................................passed
And Click on Search Button..................................................passed
Then Check Country in Location in Search Result.............................failed

StackTrace:
org.openqa.selenium.NoSuchElementException: no such element: Unable to locate element: {"method":"xpath","selector":"//*[contains(text(),'Spain')]"}
  (Session info: chrome=107.0.5304.107)
For documentation on this error, please visit: https://www.seleniumhq.org/exceptions/no_such_element.html
Build info: version: '3.141.59', revision: 'e82be7d358', time: '2018-11-14T08:17:03'
System info: host: 'YOGESH', ip: '172.16.17.120', os.name: 'Windows 11', os.arch: 'amd64', os.version: '10.0', java.version: '18.0.1.1'
Driver info: org.openqa.selenium.chrome.ChromeDriver
Capabilities {acceptInsecureCerts: false, browserName: chrome, browserVersion: 107.0.5304.107, chrome: {chromedriverVersion: 107.0.5304.62 (1eec40d3a576..., userDataDir: C:\Users\Astegic\AppData\Lo...}, goog:chromeOptions: {debuggerAddress: localhost:62570}, javascriptEnabled: true, networkConnectionEnabled: false, pageLoadStrategy: normal, platform: WINDOWS, platformName: WINDOWS, proxy: Proxy(), setWindowRect: true, strictFileInteractability: false, timeouts: {implicit: 0, pageLoad: 300000, script: 30000}, unhandledPromptBehavior: dismiss and notify, webauthn:extension:credBlob: true, webauthn:extension:largeBlob: true, webauthn:virtualAuthenticators: true}
Session ID: a0899b91e68e22c7b13bb5c796c6a225
*** Element info: {Using=xpath, value=//*[contains(text(),'Spain')]}
	at java.base/jdk.internal.reflect.DirectConstructorHandleAccessor.newInstance(DirectConstructorHandleAccessor.java:67)
	at java.base/java.lang.reflect.Constructor.newInstanceWithCaller(Constructor.java:499)
	at java.base/java.lang.reflect.Constructor.newInstance(Constructor.java:483)
	at org.openqa.selenium.remote.http.W3CHttpResponseCodec.createException(W3CHttpResponseCodec.java:187)
	at org.openqa.selenium.remote.http.W3CHttpResponseCodec.decode(W3CHttpResponseCodec.java:122)
	at org.openqa.selenium.remote.http.W3CHttpResponseCodec.decode(W3CHttpResponseCodec.java:49)
	at org.openqa.selenium.remote.HttpCommandExecutor.execute(HttpCommandExecutor.java:158)
	at org.openqa.selenium.remote.service.DriverCommandExecutor.execute(DriverCommandExecutor.java:83)
	at org.openqa.selenium.remote.RemoteWebDriver.execute(RemoteWebDriver.java:552)
	at org.openqa.selenium.remote.RemoteWebDriver.findElement(RemoteWebDriver.java:323)
	at org.openqa.selenium.remote.RemoteWebDriver.findElementByXPath(RemoteWebDriver.java:428)
	at org.openqa.selenium.By$ByXPath.findElement(By.java:353)
	at org.openqa.selenium.remote.RemoteWebDriver.findElement(RemoteWebDriver.java:315)
	at org.stepdefinition.Steps.I_Check_Country_Location_In_Result(Steps.java:941)
	at .Check Country in Location in Search Result(file:TC_11_Search_By_Location.feature:51)
]]></failure>
    </testcase>
    <testcase classname="Validate Search by Location" name="To validate Search by Global Location" time="44.596459">
        <failure message="java.lang.ArrayIndexOutOfBoundsException: Index 1 out of bounds for length 1&#13;&#10;&#9;at org.base.Global.generateTestReport(Global.java:253)&#13;&#10;&#9;at org.runner.BeforeExection.extentReportAfterExecutedClass(BeforeExection.java:55)&#13;&#10;&#9;at java.base/jdk.internal.reflect.DirectMethodHandleAccessor.invoke(DirectMethodHandleAccessor.java:104)&#13;&#10;&#9;at java.base/java.lang.reflect.Method.invoke(Method.java:577)&#13;&#10;&#9;at cucumber.runtime.Utils$1.call(Utils.java:26)&#13;&#10;&#9;at cucumber.runtime.Timeout.timeout(Timeout.java:16)&#13;&#10;&#9;at cucumber.runtime.Utils.invoke(Utils.java:20)&#13;&#10;&#9;at cucumber.runtime.java.JavaHookDefinition.execute(JavaHookDefinition.java:65)&#13;&#10;&#9;at cucumber.runner.HookDefinitionMatch.runStep(HookDefinitionMatch.java:16)&#13;&#10;&#9;at cucumber.runner.TestStep.executeStep(TestStep.java:65)&#13;&#10;&#9;at cucumber.runner.TestStep.run(TestStep.java:50)&#13;&#10;&#9;at cucumber.runner.TestCase.run(TestCase.java:50)&#13;&#10;&#9;at cucumber.runner.Runner.runPickle(Runner.java:50)&#13;&#10;&#9;at io.cucumber.testng.TestNGCucumberRunner.runScenario(TestNGCucumberRunner.java:79)&#13;&#10;&#9;at io.cucumber.testng.AbstractTestNGCucumberTests.runScenario(AbstractTestNGCucumberTests.java:24)&#13;&#10;&#9;at java.base/jdk.internal.reflect.DirectMethodHandleAccessor.invoke(DirectMethodHandleAccessor.java:104)&#13;&#10;&#9;at java.base/java.lang.reflect.Method.invoke(Method.java:577)&#13;&#10;&#9;at org.testng.internal.MethodInvocationHelper.invokeMethod(MethodInvocationHelper.java:124)&#13;&#10;&#9;at org.testng.internal.Invoker.invokeMethod(Invoker.java:583)&#13;&#10;&#9;at org.testng.internal.Invoker.invokeTestMethod(Invoker.java:719)&#13;&#10;&#9;at org.testng.internal.Invoker.invokeTestMethods(Invoker.java:989)&#13;&#10;&#9;at org.testng.internal.TestMethodWorker.invokeTestMethods(TestMethodWorker.java:125)&#13;&#10;&#9;at org.testng.internal.TestMethodWorker.run(TestMethodWorker.java:109)&#13;&#10;&#9;at org.testng.TestRunner.privateRun(TestRunner.java:648)&#13;&#10;&#9;at org.testng.TestRunner.run(TestRunner.java:505)&#13;&#10;&#9;at org.testng.SuiteRunner.runTest(SuiteRunner.java:455)&#13;&#10;&#9;at org.testng.SuiteRunner.runSequentially(SuiteRunner.java:450)&#13;&#10;&#9;at org.testng.SuiteRunner.privateRun(SuiteRunner.java:415)&#13;&#10;&#9;at org.testng.SuiteRunner.run(SuiteRunner.java:364)&#13;&#10;&#9;at org.testng.SuiteRunnerWorker.runSuite(SuiteRunnerWorker.java:52)&#13;&#10;&#9;at org.testng.SuiteRunnerWorker.run(SuiteRunnerWorker.java:84)&#13;&#10;&#9;at org.testng.TestNG.runSuitesSequentially(TestNG.java:1208)&#13;&#10;&#9;at org.testng.TestNG.runSuitesLocally(TestNG.java:1137)&#13;&#10;&#9;at org.testng.TestNG.runSuites(TestNG.java:1049)&#13;&#10;&#9;at org.testng.TestNG.run(TestNG.java:1017)&#13;&#10;&#9;at com.intellij.rt.testng.IDEARemoteTestNG.run(IDEARemoteTestNG.java:66)&#13;&#10;&#9;at com.intellij.rt.testng.RemoteTestNGStarter.main(RemoteTestNGStarter.java:109)&#13;&#10;"><![CDATA[When Click On Clear Button..................................................passed
And Click On Do Not Save Button.............................................passed
And Verify Location filter is Displayed.....................................passed
And Click on Location Filter................................................passed
And Click on Global Radio Button............................................passed
And Click on Country Input Box..............................................passed
And Enter Global Country Name...............................................passed
And Click on Search Button..................................................passed
Then Check Global Country in Location in Search Result......................passed

StackTrace:
java.lang.ArrayIndexOutOfBoundsException: Index 1 out of bounds for length 1
	at org.base.Global.generateTestReport(Global.java:253)
	at org.runner.BeforeExection.extentReportAfterExecutedClass(BeforeExection.java:55)
	at java.base/jdk.internal.reflect.DirectMethodHandleAccessor.invoke(DirectMethodHandleAccessor.java:104)
	at java.base/java.lang.reflect.Method.invoke(Method.java:577)
	at cucumber.runtime.Utils$1.call(Utils.java:26)
	at cucumber.runtime.Timeout.timeout(Timeout.java:16)
	at cucumber.runtime.Utils.invoke(Utils.java:20)
	at cucumber.runtime.java.JavaHookDefinition.execute(JavaHookDefinition.java:65)
	at cucumber.runner.HookDefinitionMatch.runStep(HookDefinitionMatch.java:16)
	at cucumber.runner.TestStep.executeStep(TestStep.java:65)
	at cucumber.runner.TestStep.run(TestStep.java:50)
	at cucumber.runner.TestCase.run(TestCase.java:50)
	at cucumber.runner.Runner.runPickle(Runner.java:50)
	at io.cucumber.testng.TestNGCucumberRunner.runScenario(TestNGCucumberRunner.java:79)
	at io.cucumber.testng.AbstractTestNGCucumberTests.runScenario(AbstractTestNGCucumberTests.java:24)
	at java.base/jdk.internal.reflect.DirectMethodHandleAccessor.invoke(DirectMethodHandleAccessor.java:104)
	at java.base/java.lang.reflect.Method.invoke(Method.java:577)
	at org.testng.internal.MethodInvocationHelper.invokeMethod(MethodInvocationHelper.java:124)
	at org.testng.internal.Invoker.invokeMethod(Invoker.java:583)
	at org.testng.internal.Invoker.invokeTestMethod(Invoker.java:719)
	at org.testng.internal.Invoker.invokeTestMethods(Invoker.java:989)
	at org.testng.internal.TestMethodWorker.invokeTestMethods(TestMethodWorker.java:125)
	at org.testng.internal.TestMethodWorker.run(TestMethodWorker.java:109)
	at org.testng.TestRunner.privateRun(TestRunner.java:648)
	at org.testng.TestRunner.run(TestRunner.java:505)
	at org.testng.SuiteRunner.runTest(SuiteRunner.java:455)
	at org.testng.SuiteRunner.runSequentially(SuiteRunner.java:450)
	at org.testng.SuiteRunner.privateRun(SuiteRunner.java:415)
	at org.testng.SuiteRunner.run(SuiteRunner.java:364)
	at org.testng.SuiteRunnerWorker.runSuite(SuiteRunnerWorker.java:52)
	at org.testng.SuiteRunnerWorker.run(SuiteRunnerWorker.java:84)
	at org.testng.TestNG.runSuitesSequentially(TestNG.java:1208)
	at org.testng.TestNG.runSuitesLocally(TestNG.java:1137)
	at org.testng.TestNG.runSuites(TestNG.java:1049)
	at org.testng.TestNG.run(TestNG.java:1017)
	at com.intellij.rt.testng.IDEARemoteTestNG.run(IDEARemoteTestNG.java:66)
	at com.intellij.rt.testng.RemoteTestNGStarter.main(RemoteTestNGStarter.java:109)
]]></failure>
    </testcase>
    <testcase classname="Validate Search by Location" name="Logout the application" time="6.902744">
        <failure message="java.lang.ArrayIndexOutOfBoundsException: Index 1 out of bounds for length 1&#13;&#10;&#9;at org.base.Global.generateTestReport(Global.java:253)&#13;&#10;&#9;at org.runner.BeforeExection.extentReportAfterExecutedClass(BeforeExection.java:55)&#13;&#10;&#9;at java.base/jdk.internal.reflect.DirectMethodHandleAccessor.invoke(DirectMethodHandleAccessor.java:104)&#13;&#10;&#9;at java.base/java.lang.reflect.Method.invoke(Method.java:577)&#13;&#10;&#9;at cucumber.runtime.Utils$1.call(Utils.java:26)&#13;&#10;&#9;at cucumber.runtime.Timeout.timeout(Timeout.java:16)&#13;&#10;&#9;at cucumber.runtime.Utils.invoke(Utils.java:20)&#13;&#10;&#9;at cucumber.runtime.java.JavaHookDefinition.execute(JavaHookDefinition.java:65)&#13;&#10;&#9;at cucumber.runner.HookDefinitionMatch.runStep(HookDefinitionMatch.java:16)&#13;&#10;&#9;at cucumber.runner.TestStep.executeStep(TestStep.java:65)&#13;&#10;&#9;at cucumber.runner.TestStep.run(TestStep.java:50)&#13;&#10;&#9;at cucumber.runner.TestCase.run(TestCase.java:50)&#13;&#10;&#9;at cucumber.runner.Runner.runPickle(Runner.java:50)&#13;&#10;&#9;at io.cucumber.testng.TestNGCucumberRunner.runScenario(TestNGCucumberRunner.java:79)&#13;&#10;&#9;at io.cucumber.testng.AbstractTestNGCucumberTests.runScenario(AbstractTestNGCucumberTests.java:24)&#13;&#10;&#9;at java.base/jdk.internal.reflect.DirectMethodHandleAccessor.invoke(DirectMethodHandleAccessor.java:104)&#13;&#10;&#9;at java.base/java.lang.reflect.Method.invoke(Method.java:577)&#13;&#10;&#9;at org.testng.internal.MethodInvocationHelper.invokeMethod(MethodInvocationHelper.java:124)&#13;&#10;&#9;at org.testng.internal.Invoker.invokeMethod(Invoker.java:583)&#13;&#10;&#9;at org.testng.internal.Invoker.invokeTestMethod(Invoker.java:719)&#13;&#10;&#9;at org.testng.internal.Invoker.invokeTestMethods(Invoker.java:989)&#13;&#10;&#9;at org.testng.internal.TestMethodWorker.invokeTestMethods(TestMethodWorker.java:125)&#13;&#10;&#9;at org.testng.internal.TestMethodWorker.run(TestMethodWorker.java:109)&#13;&#10;&#9;at org.testng.TestRunner.privateRun(TestRunner.java:648)&#13;&#10;&#9;at org.testng.TestRunner.run(TestRunner.java:505)&#13;&#10;&#9;at org.testng.SuiteRunner.runTest(SuiteRunner.java:455)&#13;&#10;&#9;at org.testng.SuiteRunner.runSequentially(SuiteRunner.java:450)&#13;&#10;&#9;at org.testng.SuiteRunner.privateRun(SuiteRunner.java:415)&#13;&#10;&#9;at org.testng.SuiteRunner.run(SuiteRunner.java:364)&#13;&#10;&#9;at org.testng.SuiteRunnerWorker.runSuite(SuiteRunnerWorker.java:52)&#13;&#10;&#9;at org.testng.SuiteRunnerWorker.run(SuiteRunnerWorker.java:84)&#13;&#10;&#9;at org.testng.TestNG.runSuitesSequentially(TestNG.java:1208)&#13;&#10;&#9;at org.testng.TestNG.runSuitesLocally(TestNG.java:1137)&#13;&#10;&#9;at org.testng.TestNG.runSuites(TestNG.java:1049)&#13;&#10;&#9;at org.testng.TestNG.run(TestNG.java:1017)&#13;&#10;&#9;at com.intellij.rt.testng.IDEARemoteTestNG.run(IDEARemoteTestNG.java:66)&#13;&#10;&#9;at com.intellij.rt.testng.RemoteTestNGStarter.main(RemoteTestNGStarter.java:109)&#13;&#10;"><![CDATA[When Click On Setting Options...............................................passed
Then Click On Logout Options................................................passed

StackTrace:
java.lang.ArrayIndexOutOfBoundsException: Index 1 out of bounds for length 1
	at org.base.Global.generateTestReport(Global.java:253)
	at org.runner.BeforeExection.extentReportAfterExecutedClass(BeforeExection.java:55)
	at java.base/jdk.internal.reflect.DirectMethodHandleAccessor.invoke(DirectMethodHandleAccessor.java:104)
	at java.base/java.lang.reflect.Method.invoke(Method.java:577)
	at cucumber.runtime.Utils$1.call(Utils.java:26)
	at cucumber.runtime.Timeout.timeout(Timeout.java:16)
	at cucumber.runtime.Utils.invoke(Utils.java:20)
	at cucumber.runtime.java.JavaHookDefinition.execute(JavaHookDefinition.java:65)
	at cucumber.runner.HookDefinitionMatch.runStep(HookDefinitionMatch.java:16)
	at cucumber.runner.TestStep.executeStep(TestStep.java:65)
	at cucumber.runner.TestStep.run(TestStep.java:50)
	at cucumber.runner.TestCase.run(TestCase.java:50)
	at cucumber.runner.Runner.runPickle(Runner.java:50)
	at io.cucumber.testng.TestNGCucumberRunner.runScenario(TestNGCucumberRunner.java:79)
	at io.cucumber.testng.AbstractTestNGCucumberTests.runScenario(AbstractTestNGCucumberTests.java:24)
	at java.base/jdk.internal.reflect.DirectMethodHandleAccessor.invoke(DirectMethodHandleAccessor.java:104)
	at java.base/java.lang.reflect.Method.invoke(Method.java:577)
	at org.testng.internal.MethodInvocationHelper.invokeMethod(MethodInvocationHelper.java:124)
	at org.testng.internal.Invoker.invokeMethod(Invoker.java:583)
	at org.testng.internal.Invoker.invokeTestMethod(Invoker.java:719)
	at org.testng.internal.Invoker.invokeTestMethods(Invoker.java:989)
	at org.testng.internal.TestMethodWorker.invokeTestMethods(TestMethodWorker.java:125)
	at org.testng.internal.TestMethodWorker.run(TestMethodWorker.java:109)
	at org.testng.TestRunner.privateRun(TestRunner.java:648)
	at org.testng.TestRunner.run(TestRunner.java:505)
	at org.testng.SuiteRunner.runTest(SuiteRunner.java:455)
	at org.testng.SuiteRunner.runSequentially(SuiteRunner.java:450)
	at org.testng.SuiteRunner.privateRun(SuiteRunner.java:415)
	at org.testng.SuiteRunner.run(SuiteRunner.java:364)
	at org.testng.SuiteRunnerWorker.runSuite(SuiteRunnerWorker.java:52)
	at org.testng.SuiteRunnerWorker.run(SuiteRunnerWorker.java:84)
	at org.testng.TestNG.runSuitesSequentially(TestNG.java:1208)
	at org.testng.TestNG.runSuitesLocally(TestNG.java:1137)
	at org.testng.TestNG.runSuites(TestNG.java:1049)
	at org.testng.TestNG.run(TestNG.java:1017)
	at com.intellij.rt.testng.IDEARemoteTestNG.run(IDEARemoteTestNG.java:66)
	at com.intellij.rt.testng.RemoteTestNGStarter.main(RemoteTestNGStarter.java:109)
]]></failure>
    </testcase>
    <testcase classname="To validate search by Keywords" name="To validate SalesIntel application Valid User Username and Valid Password" time="10.473436">
        <system-out><![CDATA[When Enter Valid Username...................................................passed
And Enter Valid Password....................................................passed
Then Click On Login Button..................................................passed
]]></system-out>
    </testcase>
    <testcase classname="To validate search by Keywords" name="To validate Search by Keywords" time="18.01403">
        <failure message="java.lang.ArrayIndexOutOfBoundsException: Index 1 out of bounds for length 1&#13;&#10;&#9;at org.base.Global.generateTestReport(Global.java:253)&#13;&#10;&#9;at org.runner.BeforeExection.extentReportAfterExecutedClass(BeforeExection.java:55)&#13;&#10;&#9;at java.base/jdk.internal.reflect.DirectMethodHandleAccessor.invoke(DirectMethodHandleAccessor.java:104)&#13;&#10;&#9;at java.base/java.lang.reflect.Method.invoke(Method.java:577)&#13;&#10;&#9;at cucumber.runtime.Utils$1.call(Utils.java:26)&#13;&#10;&#9;at cucumber.runtime.Timeout.timeout(Timeout.java:16)&#13;&#10;&#9;at cucumber.runtime.Utils.invoke(Utils.java:20)&#13;&#10;&#9;at cucumber.runtime.java.JavaHookDefinition.execute(JavaHookDefinition.java:65)&#13;&#10;&#9;at cucumber.runner.HookDefinitionMatch.runStep(HookDefinitionMatch.java:16)&#13;&#10;&#9;at cucumber.runner.TestStep.executeStep(TestStep.java:65)&#13;&#10;&#9;at cucumber.runner.TestStep.run(TestStep.java:50)&#13;&#10;&#9;at cucumber.runner.TestCase.run(TestCase.java:50)&#13;&#10;&#9;at cucumber.runner.Runner.runPickle(Runner.java:50)&#13;&#10;&#9;at io.cucumber.testng.TestNGCucumberRunner.runScenario(TestNGCucumberRunner.java:79)&#13;&#10;&#9;at io.cucumber.testng.AbstractTestNGCucumberTests.runScenario(AbstractTestNGCucumberTests.java:24)&#13;&#10;&#9;at java.base/jdk.internal.reflect.DirectMethodHandleAccessor.invoke(DirectMethodHandleAccessor.java:104)&#13;&#10;&#9;at java.base/java.lang.reflect.Method.invoke(Method.java:577)&#13;&#10;&#9;at org.testng.internal.MethodInvocationHelper.invokeMethod(MethodInvocationHelper.java:124)&#13;&#10;&#9;at org.testng.internal.Invoker.invokeMethod(Invoker.java:583)&#13;&#10;&#9;at org.testng.internal.Invoker.invokeTestMethod(Invoker.java:719)&#13;&#10;&#9;at org.testng.internal.Invoker.invokeTestMethods(Invoker.java:989)&#13;&#10;&#9;at org.testng.internal.TestMethodWorker.invokeTestMethods(TestMethodWorker.java:125)&#13;&#10;&#9;at org.testng.internal.TestMethodWorker.run(TestMethodWorker.java:109)&#13;&#10;&#9;at org.testng.TestRunner.privateRun(TestRunner.java:648)&#13;&#10;&#9;at org.testng.TestRunner.run(TestRunner.java:505)&#13;&#10;&#9;at org.testng.SuiteRunner.runTest(SuiteRunner.java:455)&#13;&#10;&#9;at org.testng.SuiteRunner.runSequentially(SuiteRunner.java:450)&#13;&#10;&#9;at org.testng.SuiteRunner.privateRun(SuiteRunner.java:415)&#13;&#10;&#9;at org.testng.SuiteRunner.run(SuiteRunner.java:364)&#13;&#10;&#9;at org.testng.SuiteRunnerWorker.runSuite(SuiteRunnerWorker.java:52)&#13;&#10;&#9;at org.testng.SuiteRunnerWorker.run(SuiteRunnerWorker.java:84)&#13;&#10;&#9;at org.testng.TestNG.runSuitesSequentially(TestNG.java:1208)&#13;&#10;&#9;at org.testng.TestNG.runSuitesLocally(TestNG.java:1137)&#13;&#10;&#9;at org.testng.TestNG.runSuites(TestNG.java:1049)&#13;&#10;&#9;at org.testng.TestNG.run(TestNG.java:1017)&#13;&#10;&#9;at com.intellij.rt.testng.IDEARemoteTestNG.run(IDEARemoteTestNG.java:66)&#13;&#10;&#9;at com.intellij.rt.testng.RemoteTestNGStarter.main(RemoteTestNGStarter.java:109)&#13;&#10;"><![CDATA[When Click on Keywords Filter...............................................passed
And Click on Keywords Input box.............................................passed
And Enter the Keyword.......................................................passed
And Click on Search Button..................................................passed

StackTrace:
java.lang.ArrayIndexOutOfBoundsException: Index 1 out of bounds for length 1
	at org.base.Global.generateTestReport(Global.java:253)
	at org.runner.BeforeExection.extentReportAfterExecutedClass(BeforeExection.java:55)
	at java.base/jdk.internal.reflect.DirectMethodHandleAccessor.invoke(DirectMethodHandleAccessor.java:104)
	at java.base/java.lang.reflect.Method.invoke(Method.java:577)
	at cucumber.runtime.Utils$1.call(Utils.java:26)
	at cucumber.runtime.Timeout.timeout(Timeout.java:16)
	at cucumber.runtime.Utils.invoke(Utils.java:20)
	at cucumber.runtime.java.JavaHookDefinition.execute(JavaHookDefinition.java:65)
	at cucumber.runner.HookDefinitionMatch.runStep(HookDefinitionMatch.java:16)
	at cucumber.runner.TestStep.executeStep(TestStep.java:65)
	at cucumber.runner.TestStep.run(TestStep.java:50)
	at cucumber.runner.TestCase.run(TestCase.java:50)
	at cucumber.runner.Runner.runPickle(Runner.java:50)
	at io.cucumber.testng.TestNGCucumberRunner.runScenario(TestNGCucumberRunner.java:79)
	at io.cucumber.testng.AbstractTestNGCucumberTests.runScenario(AbstractTestNGCucumberTests.java:24)
	at java.base/jdk.internal.reflect.DirectMethodHandleAccessor.invoke(DirectMethodHandleAccessor.java:104)
	at java.base/java.lang.reflect.Method.invoke(Method.java:577)
	at org.testng.internal.MethodInvocationHelper.invokeMethod(MethodInvocationHelper.java:124)
	at org.testng.internal.Invoker.invokeMethod(Invoker.java:583)
	at org.testng.internal.Invoker.invokeTestMethod(Invoker.java:719)
	at org.testng.internal.Invoker.invokeTestMethods(Invoker.java:989)
	at org.testng.internal.TestMethodWorker.invokeTestMethods(TestMethodWorker.java:125)
	at org.testng.internal.TestMethodWorker.run(TestMethodWorker.java:109)
	at org.testng.TestRunner.privateRun(TestRunner.java:648)
	at org.testng.TestRunner.run(TestRunner.java:505)
	at org.testng.SuiteRunner.runTest(SuiteRunner.java:455)
	at org.testng.SuiteRunner.runSequentially(SuiteRunner.java:450)
	at org.testng.SuiteRunner.privateRun(SuiteRunner.java:415)
	at org.testng.SuiteRunner.run(SuiteRunner.java:364)
	at org.testng.SuiteRunnerWorker.runSuite(SuiteRunnerWorker.java:52)
	at org.testng.SuiteRunnerWorker.run(SuiteRunnerWorker.java:84)
	at org.testng.TestNG.runSuitesSequentially(TestNG.java:1208)
	at org.testng.TestNG.runSuitesLocally(TestNG.java:1137)
	at org.testng.TestNG.runSuites(TestNG.java:1049)
	at org.testng.TestNG.run(TestNG.java:1017)
	at com.intellij.rt.testng.IDEARemoteTestNG.run(IDEARemoteTestNG.java:66)
	at com.intellij.rt.testng.RemoteTestNGStarter.main(RemoteTestNGStarter.java:109)
]]></failure>
    </testcase>
    <testcase classname="To validate search by Keywords" name="Logout the application" time="6.999318">
        <failure message="java.lang.ArrayIndexOutOfBoundsException: Index 1 out of bounds for length 1&#13;&#10;&#9;at org.base.Global.generateTestReport(Global.java:253)&#13;&#10;&#9;at org.runner.BeforeExection.extentReportAfterExecutedClass(BeforeExection.java:55)&#13;&#10;&#9;at java.base/jdk.internal.reflect.DirectMethodHandleAccessor.invoke(DirectMethodHandleAccessor.java:104)&#13;&#10;&#9;at java.base/java.lang.reflect.Method.invoke(Method.java:577)&#13;&#10;&#9;at cucumber.runtime.Utils$1.call(Utils.java:26)&#13;&#10;&#9;at cucumber.runtime.Timeout.timeout(Timeout.java:16)&#13;&#10;&#9;at cucumber.runtime.Utils.invoke(Utils.java:20)&#13;&#10;&#9;at cucumber.runtime.java.JavaHookDefinition.execute(JavaHookDefinition.java:65)&#13;&#10;&#9;at cucumber.runner.HookDefinitionMatch.runStep(HookDefinitionMatch.java:16)&#13;&#10;&#9;at cucumber.runner.TestStep.executeStep(TestStep.java:65)&#13;&#10;&#9;at cucumber.runner.TestStep.run(TestStep.java:50)&#13;&#10;&#9;at cucumber.runner.TestCase.run(TestCase.java:50)&#13;&#10;&#9;at cucumber.runner.Runner.runPickle(Runner.java:50)&#13;&#10;&#9;at io.cucumber.testng.TestNGCucumberRunner.runScenario(TestNGCucumberRunner.java:79)&#13;&#10;&#9;at io.cucumber.testng.AbstractTestNGCucumberTests.runScenario(AbstractTestNGCucumberTests.java:24)&#13;&#10;&#9;at java.base/jdk.internal.reflect.DirectMethodHandleAccessor.invoke(DirectMethodHandleAccessor.java:104)&#13;&#10;&#9;at java.base/java.lang.reflect.Method.invoke(Method.java:577)&#13;&#10;&#9;at org.testng.internal.MethodInvocationHelper.invokeMethod(MethodInvocationHelper.java:124)&#13;&#10;&#9;at org.testng.internal.Invoker.invokeMethod(Invoker.java:583)&#13;&#10;&#9;at org.testng.internal.Invoker.invokeTestMethod(Invoker.java:719)&#13;&#10;&#9;at org.testng.internal.Invoker.invokeTestMethods(Invoker.java:989)&#13;&#10;&#9;at org.testng.internal.TestMethodWorker.invokeTestMethods(TestMethodWorker.java:125)&#13;&#10;&#9;at org.testng.internal.TestMethodWorker.run(TestMethodWorker.java:109)&#13;&#10;&#9;at org.testng.TestRunner.privateRun(TestRunner.java:648)&#13;&#10;&#9;at org.testng.TestRunner.run(TestRunner.java:505)&#13;&#10;&#9;at org.testng.SuiteRunner.runTest(SuiteRunner.java:455)&#13;&#10;&#9;at org.testng.SuiteRunner.runSequentially(SuiteRunner.java:450)&#13;&#10;&#9;at org.testng.SuiteRunner.privateRun(SuiteRunner.java:415)&#13;&#10;&#9;at org.testng.SuiteRunner.run(SuiteRunner.java:364)&#13;&#10;&#9;at org.testng.SuiteRunnerWorker.runSuite(SuiteRunnerWorker.java:52)&#13;&#10;&#9;at org.testng.SuiteRunnerWorker.run(SuiteRunnerWorker.java:84)&#13;&#10;&#9;at org.testng.TestNG.runSuitesSequentially(TestNG.java:1208)&#13;&#10;&#9;at org.testng.TestNG.runSuitesLocally(TestNG.java:1137)&#13;&#10;&#9;at org.testng.TestNG.runSuites(TestNG.java:1049)&#13;&#10;&#9;at org.testng.TestNG.run(TestNG.java:1017)&#13;&#10;&#9;at com.intellij.rt.testng.IDEARemoteTestNG.run(IDEARemoteTestNG.java:66)&#13;&#10;&#9;at com.intellij.rt.testng.RemoteTestNGStarter.main(RemoteTestNGStarter.java:109)&#13;&#10;"><![CDATA[When Click On Setting Options...............................................passed
Then Click On Logout Options................................................passed

StackTrace:
java.lang.ArrayIndexOutOfBoundsException: Index 1 out of bounds for length 1
	at org.base.Global.generateTestReport(Global.java:253)
	at org.runner.BeforeExection.extentReportAfterExecutedClass(BeforeExection.java:55)
	at java.base/jdk.internal.reflect.DirectMethodHandleAccessor.invoke(DirectMethodHandleAccessor.java:104)
	at java.base/java.lang.reflect.Method.invoke(Method.java:577)
	at cucumber.runtime.Utils$1.call(Utils.java:26)
	at cucumber.runtime.Timeout.timeout(Timeout.java:16)
	at cucumber.runtime.Utils.invoke(Utils.java:20)
	at cucumber.runtime.java.JavaHookDefinition.execute(JavaHookDefinition.java:65)
	at cucumber.runner.HookDefinitionMatch.runStep(HookDefinitionMatch.java:16)
	at cucumber.runner.TestStep.executeStep(TestStep.java:65)
	at cucumber.runner.TestStep.run(TestStep.java:50)
	at cucumber.runner.TestCase.run(TestCase.java:50)
	at cucumber.runner.Runner.runPickle(Runner.java:50)
	at io.cucumber.testng.TestNGCucumberRunner.runScenario(TestNGCucumberRunner.java:79)
	at io.cucumber.testng.AbstractTestNGCucumberTests.runScenario(AbstractTestNGCucumberTests.java:24)
	at java.base/jdk.internal.reflect.DirectMethodHandleAccessor.invoke(DirectMethodHandleAccessor.java:104)
	at java.base/java.lang.reflect.Method.invoke(Method.java:577)
	at org.testng.internal.MethodInvocationHelper.invokeMethod(MethodInvocationHelper.java:124)
	at org.testng.internal.Invoker.invokeMethod(Invoker.java:583)
	at org.testng.internal.Invoker.invokeTestMethod(Invoker.java:719)
	at org.testng.internal.Invoker.invokeTestMethods(Invoker.java:989)
	at org.testng.internal.TestMethodWorker.invokeTestMethods(TestMethodWorker.java:125)
	at org.testng.internal.TestMethodWorker.run(TestMethodWorker.java:109)
	at org.testng.TestRunner.privateRun(TestRunner.java:648)
	at org.testng.TestRunner.run(TestRunner.java:505)
	at org.testng.SuiteRunner.runTest(SuiteRunner.java:455)
	at org.testng.SuiteRunner.runSequentially(SuiteRunner.java:450)
	at org.testng.SuiteRunner.privateRun(SuiteRunner.java:415)
	at org.testng.SuiteRunner.run(SuiteRunner.java:364)
	at org.testng.SuiteRunnerWorker.runSuite(SuiteRunnerWorker.java:52)
	at org.testng.SuiteRunnerWorker.run(SuiteRunnerWorker.java:84)
	at org.testng.TestNG.runSuitesSequentially(TestNG.java:1208)
	at org.testng.TestNG.runSuitesLocally(TestNG.java:1137)
	at org.testng.TestNG.runSuites(TestNG.java:1049)
	at org.testng.TestNG.run(TestNG.java:1017)
	at com.intellij.rt.testng.IDEARemoteTestNG.run(IDEARemoteTestNG.java:66)
	at com.intellij.rt.testng.RemoteTestNGStarter.main(RemoteTestNGStarter.java:109)
]]></failure>
    </testcase>
    <testcase classname="To validate Search by Industry" name="To validate SalesIntel application Valid User Username and Valid Password" time="10.566275">
        <system-out><![CDATA[When Enter Valid Username...................................................passed
And Enter Valid Password....................................................passed
Then Click On Login Button..................................................passed
]]></system-out>
    </testcase>
    <testcase classname="To validate Search by Industry" name="To Validate search by Any of Industry Names Filter where Selected All" time="20.738005">
        <failure message="java.lang.ArrayIndexOutOfBoundsException: Index 1 out of bounds for length 1&#13;&#10;&#9;at org.base.Global.generateTestReport(Global.java:253)&#13;&#10;&#9;at org.runner.BeforeExection.extentReportAfterExecutedClass(BeforeExection.java:55)&#13;&#10;&#9;at java.base/jdk.internal.reflect.DirectMethodHandleAccessor.invoke(DirectMethodHandleAccessor.java:104)&#13;&#10;&#9;at java.base/java.lang.reflect.Method.invoke(Method.java:577)&#13;&#10;&#9;at cucumber.runtime.Utils$1.call(Utils.java:26)&#13;&#10;&#9;at cucumber.runtime.Timeout.timeout(Timeout.java:16)&#13;&#10;&#9;at cucumber.runtime.Utils.invoke(Utils.java:20)&#13;&#10;&#9;at cucumber.runtime.java.JavaHookDefinition.execute(JavaHookDefinition.java:65)&#13;&#10;&#9;at cucumber.runner.HookDefinitionMatch.runStep(HookDefinitionMatch.java:16)&#13;&#10;&#9;at cucumber.runner.TestStep.executeStep(TestStep.java:65)&#13;&#10;&#9;at cucumber.runner.TestStep.run(TestStep.java:50)&#13;&#10;&#9;at cucumber.runner.TestCase.run(TestCase.java:50)&#13;&#10;&#9;at cucumber.runner.Runner.runPickle(Runner.java:50)&#13;&#10;&#9;at io.cucumber.testng.TestNGCucumberRunner.runScenario(TestNGCucumberRunner.java:79)&#13;&#10;&#9;at io.cucumber.testng.AbstractTestNGCucumberTests.runScenario(AbstractTestNGCucumberTests.java:24)&#13;&#10;&#9;at java.base/jdk.internal.reflect.DirectMethodHandleAccessor.invoke(DirectMethodHandleAccessor.java:104)&#13;&#10;&#9;at java.base/java.lang.reflect.Method.invoke(Method.java:577)&#13;&#10;&#9;at org.testng.internal.MethodInvocationHelper.invokeMethod(MethodInvocationHelper.java:124)&#13;&#10;&#9;at org.testng.internal.Invoker.invokeMethod(Invoker.java:583)&#13;&#10;&#9;at org.testng.internal.Invoker.invokeTestMethod(Invoker.java:719)&#13;&#10;&#9;at org.testng.internal.Invoker.invokeTestMethods(Invoker.java:989)&#13;&#10;&#9;at org.testng.internal.TestMethodWorker.invokeTestMethods(TestMethodWorker.java:125)&#13;&#10;&#9;at org.testng.internal.TestMethodWorker.run(TestMethodWorker.java:109)&#13;&#10;&#9;at org.testng.TestRunner.privateRun(TestRunner.java:648)&#13;&#10;&#9;at org.testng.TestRunner.run(TestRunner.java:505)&#13;&#10;&#9;at org.testng.SuiteRunner.runTest(SuiteRunner.java:455)&#13;&#10;&#9;at org.testng.SuiteRunner.runSequentially(SuiteRunner.java:450)&#13;&#10;&#9;at org.testng.SuiteRunner.privateRun(SuiteRunner.java:415)&#13;&#10;&#9;at org.testng.SuiteRunner.run(SuiteRunner.java:364)&#13;&#10;&#9;at org.testng.SuiteRunnerWorker.runSuite(SuiteRunnerWorker.java:52)&#13;&#10;&#9;at org.testng.SuiteRunnerWorker.run(SuiteRunnerWorker.java:84)&#13;&#10;&#9;at org.testng.TestNG.runSuitesSequentially(TestNG.java:1208)&#13;&#10;&#9;at org.testng.TestNG.runSuitesLocally(TestNG.java:1137)&#13;&#10;&#9;at org.testng.TestNG.runSuites(TestNG.java:1049)&#13;&#10;&#9;at org.testng.TestNG.run(TestNG.java:1017)&#13;&#10;&#9;at com.intellij.rt.testng.IDEARemoteTestNG.run(IDEARemoteTestNG.java:66)&#13;&#10;&#9;at com.intellij.rt.testng.RemoteTestNGStarter.main(RemoteTestNGStarter.java:109)&#13;&#10;"><![CDATA[When Click on Industry Filter...............................................passed
And Click on Select All Check Box...........................................passed
Then Click on Search Button.................................................passed
And Click on the First Contact in Search Result.............................passed

StackTrace:
java.lang.ArrayIndexOutOfBoundsException: Index 1 out of bounds for length 1
	at org.base.Global.generateTestReport(Global.java:253)
	at org.runner.BeforeExection.extentReportAfterExecutedClass(BeforeExection.java:55)
	at java.base/jdk.internal.reflect.DirectMethodHandleAccessor.invoke(DirectMethodHandleAccessor.java:104)
	at java.base/java.lang.reflect.Method.invoke(Method.java:577)
	at cucumber.runtime.Utils$1.call(Utils.java:26)
	at cucumber.runtime.Timeout.timeout(Timeout.java:16)
	at cucumber.runtime.Utils.invoke(Utils.java:20)
	at cucumber.runtime.java.JavaHookDefinition.execute(JavaHookDefinition.java:65)
	at cucumber.runner.HookDefinitionMatch.runStep(HookDefinitionMatch.java:16)
	at cucumber.runner.TestStep.executeStep(TestStep.java:65)
	at cucumber.runner.TestStep.run(TestStep.java:50)
	at cucumber.runner.TestCase.run(TestCase.java:50)
	at cucumber.runner.Runner.runPickle(Runner.java:50)
	at io.cucumber.testng.TestNGCucumberRunner.runScenario(TestNGCucumberRunner.java:79)
	at io.cucumber.testng.AbstractTestNGCucumberTests.runScenario(AbstractTestNGCucumberTests.java:24)
	at java.base/jdk.internal.reflect.DirectMethodHandleAccessor.invoke(DirectMethodHandleAccessor.java:104)
	at java.base/java.lang.reflect.Method.invoke(Method.java:577)
	at org.testng.internal.MethodInvocationHelper.invokeMethod(MethodInvocationHelper.java:124)
	at org.testng.internal.Invoker.invokeMethod(Invoker.java:583)
	at org.testng.internal.Invoker.invokeTestMethod(Invoker.java:719)
	at org.testng.internal.Invoker.invokeTestMethods(Invoker.java:989)
	at org.testng.internal.TestMethodWorker.invokeTestMethods(TestMethodWorker.java:125)
	at org.testng.internal.TestMethodWorker.run(TestMethodWorker.java:109)
	at org.testng.TestRunner.privateRun(TestRunner.java:648)
	at org.testng.TestRunner.run(TestRunner.java:505)
	at org.testng.SuiteRunner.runTest(SuiteRunner.java:455)
	at org.testng.SuiteRunner.runSequentially(SuiteRunner.java:450)
	at org.testng.SuiteRunner.privateRun(SuiteRunner.java:415)
	at org.testng.SuiteRunner.run(SuiteRunner.java:364)
	at org.testng.SuiteRunnerWorker.runSuite(SuiteRunnerWorker.java:52)
	at org.testng.SuiteRunnerWorker.run(SuiteRunnerWorker.java:84)
	at org.testng.TestNG.runSuitesSequentially(TestNG.java:1208)
	at org.testng.TestNG.runSuitesLocally(TestNG.java:1137)
	at org.testng.TestNG.runSuites(TestNG.java:1049)
	at org.testng.TestNG.run(TestNG.java:1017)
	at com.intellij.rt.testng.IDEARemoteTestNG.run(IDEARemoteTestNG.java:66)
	at com.intellij.rt.testng.RemoteTestNGStarter.main(RemoteTestNGStarter.java:109)
]]></failure>
    </testcase>
    <testcase classname="To validate Search by Industry" name="To Validate search by Any Of Industry Names Filter where a single Industry is selected" time="44.297879">
        <failure message="java.lang.ArrayIndexOutOfBoundsException: Index 1 out of bounds for length 1&#13;&#10;&#9;at org.base.Global.generateTestReport(Global.java:253)&#13;&#10;&#9;at org.runner.BeforeExection.extentReportAfterExecutedClass(BeforeExection.java:55)&#13;&#10;&#9;at java.base/jdk.internal.reflect.DirectMethodHandleAccessor.invoke(DirectMethodHandleAccessor.java:104)&#13;&#10;&#9;at java.base/java.lang.reflect.Method.invoke(Method.java:577)&#13;&#10;&#9;at cucumber.runtime.Utils$1.call(Utils.java:26)&#13;&#10;&#9;at cucumber.runtime.Timeout.timeout(Timeout.java:16)&#13;&#10;&#9;at cucumber.runtime.Utils.invoke(Utils.java:20)&#13;&#10;&#9;at cucumber.runtime.java.JavaHookDefinition.execute(JavaHookDefinition.java:65)&#13;&#10;&#9;at cucumber.runner.HookDefinitionMatch.runStep(HookDefinitionMatch.java:16)&#13;&#10;&#9;at cucumber.runner.TestStep.executeStep(TestStep.java:65)&#13;&#10;&#9;at cucumber.runner.TestStep.run(TestStep.java:50)&#13;&#10;&#9;at cucumber.runner.TestCase.run(TestCase.java:50)&#13;&#10;&#9;at cucumber.runner.Runner.runPickle(Runner.java:50)&#13;&#10;&#9;at io.cucumber.testng.TestNGCucumberRunner.runScenario(TestNGCucumberRunner.java:79)&#13;&#10;&#9;at io.cucumber.testng.AbstractTestNGCucumberTests.runScenario(AbstractTestNGCucumberTests.java:24)&#13;&#10;&#9;at java.base/jdk.internal.reflect.DirectMethodHandleAccessor.invoke(DirectMethodHandleAccessor.java:104)&#13;&#10;&#9;at java.base/java.lang.reflect.Method.invoke(Method.java:577)&#13;&#10;&#9;at org.testng.internal.MethodInvocationHelper.invokeMethod(MethodInvocationHelper.java:124)&#13;&#10;&#9;at org.testng.internal.Invoker.invokeMethod(Invoker.java:583)&#13;&#10;&#9;at org.testng.internal.Invoker.invokeTestMethod(Invoker.java:719)&#13;&#10;&#9;at org.testng.internal.Invoker.invokeTestMethods(Invoker.java:989)&#13;&#10;&#9;at org.testng.internal.TestMethodWorker.invokeTestMethods(TestMethodWorker.java:125)&#13;&#10;&#9;at org.testng.internal.TestMethodWorker.run(TestMethodWorker.java:109)&#13;&#10;&#9;at org.testng.TestRunner.privateRun(TestRunner.java:648)&#13;&#10;&#9;at org.testng.TestRunner.run(TestRunner.java:505)&#13;&#10;&#9;at org.testng.SuiteRunner.runTest(SuiteRunner.java:455)&#13;&#10;&#9;at org.testng.SuiteRunner.runSequentially(SuiteRunner.java:450)&#13;&#10;&#9;at org.testng.SuiteRunner.privateRun(SuiteRunner.java:415)&#13;&#10;&#9;at org.testng.SuiteRunner.run(SuiteRunner.java:364)&#13;&#10;&#9;at org.testng.SuiteRunnerWorker.runSuite(SuiteRunnerWorker.java:52)&#13;&#10;&#9;at org.testng.SuiteRunnerWorker.run(SuiteRunnerWorker.java:84)&#13;&#10;&#9;at org.testng.TestNG.runSuitesSequentially(TestNG.java:1208)&#13;&#10;&#9;at org.testng.TestNG.runSuitesLocally(TestNG.java:1137)&#13;&#10;&#9;at org.testng.TestNG.runSuites(TestNG.java:1049)&#13;&#10;&#9;at org.testng.TestNG.run(TestNG.java:1017)&#13;&#10;&#9;at com.intellij.rt.testng.IDEARemoteTestNG.run(IDEARemoteTestNG.java:66)&#13;&#10;&#9;at com.intellij.rt.testng.RemoteTestNGStarter.main(RemoteTestNGStarter.java:109)&#13;&#10;"><![CDATA[When Click On Clear Button..................................................passed
And Click On Do Not Save Button.............................................passed
And Click on Industry Filter................................................passed
And Click on Industry Name Input box........................................passed
And Enter Industry Name.....................................................passed
And Click on Particular Industry............................................passed
And Click on Search Button..................................................passed
And Click on the First Contact in Search Result.............................passed
Then Check the Industry in Search Result....................................passed

StackTrace:
java.lang.ArrayIndexOutOfBoundsException: Index 1 out of bounds for length 1
	at org.base.Global.generateTestReport(Global.java:253)
	at org.runner.BeforeExection.extentReportAfterExecutedClass(BeforeExection.java:55)
	at java.base/jdk.internal.reflect.DirectMethodHandleAccessor.invoke(DirectMethodHandleAccessor.java:104)
	at java.base/java.lang.reflect.Method.invoke(Method.java:577)
	at cucumber.runtime.Utils$1.call(Utils.java:26)
	at cucumber.runtime.Timeout.timeout(Timeout.java:16)
	at cucumber.runtime.Utils.invoke(Utils.java:20)
	at cucumber.runtime.java.JavaHookDefinition.execute(JavaHookDefinition.java:65)
	at cucumber.runner.HookDefinitionMatch.runStep(HookDefinitionMatch.java:16)
	at cucumber.runner.TestStep.executeStep(TestStep.java:65)
	at cucumber.runner.TestStep.run(TestStep.java:50)
	at cucumber.runner.TestCase.run(TestCase.java:50)
	at cucumber.runner.Runner.runPickle(Runner.java:50)
	at io.cucumber.testng.TestNGCucumberRunner.runScenario(TestNGCucumberRunner.java:79)
	at io.cucumber.testng.AbstractTestNGCucumberTests.runScenario(AbstractTestNGCucumberTests.java:24)
	at java.base/jdk.internal.reflect.DirectMethodHandleAccessor.invoke(DirectMethodHandleAccessor.java:104)
	at java.base/java.lang.reflect.Method.invoke(Method.java:577)
	at org.testng.internal.MethodInvocationHelper.invokeMethod(MethodInvocationHelper.java:124)
	at org.testng.internal.Invoker.invokeMethod(Invoker.java:583)
	at org.testng.internal.Invoker.invokeTestMethod(Invoker.java:719)
	at org.testng.internal.Invoker.invokeTestMethods(Invoker.java:989)
	at org.testng.internal.TestMethodWorker.invokeTestMethods(TestMethodWorker.java:125)
	at org.testng.internal.TestMethodWorker.run(TestMethodWorker.java:109)
	at org.testng.TestRunner.privateRun(TestRunner.java:648)
	at org.testng.TestRunner.run(TestRunner.java:505)
	at org.testng.SuiteRunner.runTest(SuiteRunner.java:455)
	at org.testng.SuiteRunner.runSequentially(SuiteRunner.java:450)
	at org.testng.SuiteRunner.privateRun(SuiteRunner.java:415)
	at org.testng.SuiteRunner.run(SuiteRunner.java:364)
	at org.testng.SuiteRunnerWorker.runSuite(SuiteRunnerWorker.java:52)
	at org.testng.SuiteRunnerWorker.run(SuiteRunnerWorker.java:84)
	at org.testng.TestNG.runSuitesSequentially(TestNG.java:1208)
	at org.testng.TestNG.runSuitesLocally(TestNG.java:1137)
	at org.testng.TestNG.runSuites(TestNG.java:1049)
	at org.testng.TestNG.run(TestNG.java:1017)
	at com.intellij.rt.testng.IDEARemoteTestNG.run(IDEARemoteTestNG.java:66)
	at com.intellij.rt.testng.RemoteTestNGStarter.main(RemoteTestNGStarter.java:109)
]]></failure>
    </testcase>
    <testcase classname="To validate Search by Industry" name="To Validate search by None Of Industry Names Filter Where Selected All" time="35.362451">
        <failure message="java.lang.ArrayIndexOutOfBoundsException: Index 1 out of bounds for length 1&#13;&#10;&#9;at org.base.Global.generateTestReport(Global.java:253)&#13;&#10;&#9;at org.runner.BeforeExection.extentReportAfterExecutedClass(BeforeExection.java:55)&#13;&#10;&#9;at java.base/jdk.internal.reflect.DirectMethodHandleAccessor.invoke(DirectMethodHandleAccessor.java:104)&#13;&#10;&#9;at java.base/java.lang.reflect.Method.invoke(Method.java:577)&#13;&#10;&#9;at cucumber.runtime.Utils$1.call(Utils.java:26)&#13;&#10;&#9;at cucumber.runtime.Timeout.timeout(Timeout.java:16)&#13;&#10;&#9;at cucumber.runtime.Utils.invoke(Utils.java:20)&#13;&#10;&#9;at cucumber.runtime.java.JavaHookDefinition.execute(JavaHookDefinition.java:65)&#13;&#10;&#9;at cucumber.runner.HookDefinitionMatch.runStep(HookDefinitionMatch.java:16)&#13;&#10;&#9;at cucumber.runner.TestStep.executeStep(TestStep.java:65)&#13;&#10;&#9;at cucumber.runner.TestStep.run(TestStep.java:50)&#13;&#10;&#9;at cucumber.runner.TestCase.run(TestCase.java:50)&#13;&#10;&#9;at cucumber.runner.Runner.runPickle(Runner.java:50)&#13;&#10;&#9;at io.cucumber.testng.TestNGCucumberRunner.runScenario(TestNGCucumberRunner.java:79)&#13;&#10;&#9;at io.cucumber.testng.AbstractTestNGCucumberTests.runScenario(AbstractTestNGCucumberTests.java:24)&#13;&#10;&#9;at java.base/jdk.internal.reflect.DirectMethodHandleAccessor.invoke(DirectMethodHandleAccessor.java:104)&#13;&#10;&#9;at java.base/java.lang.reflect.Method.invoke(Method.java:577)&#13;&#10;&#9;at org.testng.internal.MethodInvocationHelper.invokeMethod(MethodInvocationHelper.java:124)&#13;&#10;&#9;at org.testng.internal.Invoker.invokeMethod(Invoker.java:583)&#13;&#10;&#9;at org.testng.internal.Invoker.invokeTestMethod(Invoker.java:719)&#13;&#10;&#9;at org.testng.internal.Invoker.invokeTestMethods(Invoker.java:989)&#13;&#10;&#9;at org.testng.internal.TestMethodWorker.invokeTestMethods(TestMethodWorker.java:125)&#13;&#10;&#9;at org.testng.internal.TestMethodWorker.run(TestMethodWorker.java:109)&#13;&#10;&#9;at org.testng.TestRunner.privateRun(TestRunner.java:648)&#13;&#10;&#9;at org.testng.TestRunner.run(TestRunner.java:505)&#13;&#10;&#9;at org.testng.SuiteRunner.runTest(SuiteRunner.java:455)&#13;&#10;&#9;at org.testng.SuiteRunner.runSequentially(SuiteRunner.java:450)&#13;&#10;&#9;at org.testng.SuiteRunner.privateRun(SuiteRunner.java:415)&#13;&#10;&#9;at org.testng.SuiteRunner.run(SuiteRunner.java:364)&#13;&#10;&#9;at org.testng.SuiteRunnerWorker.runSuite(SuiteRunnerWorker.java:52)&#13;&#10;&#9;at org.testng.SuiteRunnerWorker.run(SuiteRunnerWorker.java:84)&#13;&#10;&#9;at org.testng.TestNG.runSuitesSequentially(TestNG.java:1208)&#13;&#10;&#9;at org.testng.TestNG.runSuitesLocally(TestNG.java:1137)&#13;&#10;&#9;at org.testng.TestNG.runSuites(TestNG.java:1049)&#13;&#10;&#9;at org.testng.TestNG.run(TestNG.java:1017)&#13;&#10;&#9;at com.intellij.rt.testng.IDEARemoteTestNG.run(IDEARemoteTestNG.java:66)&#13;&#10;&#9;at com.intellij.rt.testng.RemoteTestNGStarter.main(RemoteTestNGStarter.java:109)&#13;&#10;"><![CDATA[When Click On Clear Button..................................................passed
And Click On Do Not Save Button.............................................passed
And Click on Industry Filter................................................passed
And Click on None of Page...................................................passed
And Click on Select All Check Box...........................................passed
Then Click on Search Button.................................................passed
And Click on the First Contact in Search Result.............................passed

StackTrace:
java.lang.ArrayIndexOutOfBoundsException: Index 1 out of bounds for length 1
	at org.base.Global.generateTestReport(Global.java:253)
	at org.runner.BeforeExection.extentReportAfterExecutedClass(BeforeExection.java:55)
	at java.base/jdk.internal.reflect.DirectMethodHandleAccessor.invoke(DirectMethodHandleAccessor.java:104)
	at java.base/java.lang.reflect.Method.invoke(Method.java:577)
	at cucumber.runtime.Utils$1.call(Utils.java:26)
	at cucumber.runtime.Timeout.timeout(Timeout.java:16)
	at cucumber.runtime.Utils.invoke(Utils.java:20)
	at cucumber.runtime.java.JavaHookDefinition.execute(JavaHookDefinition.java:65)
	at cucumber.runner.HookDefinitionMatch.runStep(HookDefinitionMatch.java:16)
	at cucumber.runner.TestStep.executeStep(TestStep.java:65)
	at cucumber.runner.TestStep.run(TestStep.java:50)
	at cucumber.runner.TestCase.run(TestCase.java:50)
	at cucumber.runner.Runner.runPickle(Runner.java:50)
	at io.cucumber.testng.TestNGCucumberRunner.runScenario(TestNGCucumberRunner.java:79)
	at io.cucumber.testng.AbstractTestNGCucumberTests.runScenario(AbstractTestNGCucumberTests.java:24)
	at java.base/jdk.internal.reflect.DirectMethodHandleAccessor.invoke(DirectMethodHandleAccessor.java:104)
	at java.base/java.lang.reflect.Method.invoke(Method.java:577)
	at org.testng.internal.MethodInvocationHelper.invokeMethod(MethodInvocationHelper.java:124)
	at org.testng.internal.Invoker.invokeMethod(Invoker.java:583)
	at org.testng.internal.Invoker.invokeTestMethod(Invoker.java:719)
	at org.testng.internal.Invoker.invokeTestMethods(Invoker.java:989)
	at org.testng.internal.TestMethodWorker.invokeTestMethods(TestMethodWorker.java:125)
	at org.testng.internal.TestMethodWorker.run(TestMethodWorker.java:109)
	at org.testng.TestRunner.privateRun(TestRunner.java:648)
	at org.testng.TestRunner.run(TestRunner.java:505)
	at org.testng.SuiteRunner.runTest(SuiteRunner.java:455)
	at org.testng.SuiteRunner.runSequentially(SuiteRunner.java:450)
	at org.testng.SuiteRunner.privateRun(SuiteRunner.java:415)
	at org.testng.SuiteRunner.run(SuiteRunner.java:364)
	at org.testng.SuiteRunnerWorker.runSuite(SuiteRunnerWorker.java:52)
	at org.testng.SuiteRunnerWorker.run(SuiteRunnerWorker.java:84)
	at org.testng.TestNG.runSuitesSequentially(TestNG.java:1208)
	at org.testng.TestNG.runSuitesLocally(TestNG.java:1137)
	at org.testng.TestNG.runSuites(TestNG.java:1049)
	at org.testng.TestNG.run(TestNG.java:1017)
	at com.intellij.rt.testng.IDEARemoteTestNG.run(IDEARemoteTestNG.java:66)
	at com.intellij.rt.testng.RemoteTestNGStarter.main(RemoteTestNGStarter.java:109)
]]></failure>
    </testcase>
    <testcase classname="To validate Search by Industry" name="To Validate search by None Of Industry Names Filter Where single Industry is selected" time="42.753619">
        <failure message="java.lang.ArrayIndexOutOfBoundsException: Index 1 out of bounds for length 1&#13;&#10;&#9;at org.base.Global.generateTestReport(Global.java:253)&#13;&#10;&#9;at org.runner.BeforeExection.extentReportAfterExecutedClass(BeforeExection.java:55)&#13;&#10;&#9;at java.base/jdk.internal.reflect.DirectMethodHandleAccessor.invoke(DirectMethodHandleAccessor.java:104)&#13;&#10;&#9;at java.base/java.lang.reflect.Method.invoke(Method.java:577)&#13;&#10;&#9;at cucumber.runtime.Utils$1.call(Utils.java:26)&#13;&#10;&#9;at cucumber.runtime.Timeout.timeout(Timeout.java:16)&#13;&#10;&#9;at cucumber.runtime.Utils.invoke(Utils.java:20)&#13;&#10;&#9;at cucumber.runtime.java.JavaHookDefinition.execute(JavaHookDefinition.java:65)&#13;&#10;&#9;at cucumber.runner.HookDefinitionMatch.runStep(HookDefinitionMatch.java:16)&#13;&#10;&#9;at cucumber.runner.TestStep.executeStep(TestStep.java:65)&#13;&#10;&#9;at cucumber.runner.TestStep.run(TestStep.java:50)&#13;&#10;&#9;at cucumber.runner.TestCase.run(TestCase.java:50)&#13;&#10;&#9;at cucumber.runner.Runner.runPickle(Runner.java:50)&#13;&#10;&#9;at io.cucumber.testng.TestNGCucumberRunner.runScenario(TestNGCucumberRunner.java:79)&#13;&#10;&#9;at io.cucumber.testng.AbstractTestNGCucumberTests.runScenario(AbstractTestNGCucumberTests.java:24)&#13;&#10;&#9;at java.base/jdk.internal.reflect.DirectMethodHandleAccessor.invoke(DirectMethodHandleAccessor.java:104)&#13;&#10;&#9;at java.base/java.lang.reflect.Method.invoke(Method.java:577)&#13;&#10;&#9;at org.testng.internal.MethodInvocationHelper.invokeMethod(MethodInvocationHelper.java:124)&#13;&#10;&#9;at org.testng.internal.Invoker.invokeMethod(Invoker.java:583)&#13;&#10;&#9;at org.testng.internal.Invoker.invokeTestMethod(Invoker.java:719)&#13;&#10;&#9;at org.testng.internal.Invoker.invokeTestMethods(Invoker.java:989)&#13;&#10;&#9;at org.testng.internal.TestMethodWorker.invokeTestMethods(TestMethodWorker.java:125)&#13;&#10;&#9;at org.testng.internal.TestMethodWorker.run(TestMethodWorker.java:109)&#13;&#10;&#9;at org.testng.TestRunner.privateRun(TestRunner.java:648)&#13;&#10;&#9;at org.testng.TestRunner.run(TestRunner.java:505)&#13;&#10;&#9;at org.testng.SuiteRunner.runTest(SuiteRunner.java:455)&#13;&#10;&#9;at org.testng.SuiteRunner.runSequentially(SuiteRunner.java:450)&#13;&#10;&#9;at org.testng.SuiteRunner.privateRun(SuiteRunner.java:415)&#13;&#10;&#9;at org.testng.SuiteRunner.run(SuiteRunner.java:364)&#13;&#10;&#9;at org.testng.SuiteRunnerWorker.runSuite(SuiteRunnerWorker.java:52)&#13;&#10;&#9;at org.testng.SuiteRunnerWorker.run(SuiteRunnerWorker.java:84)&#13;&#10;&#9;at org.testng.TestNG.runSuitesSequentially(TestNG.java:1208)&#13;&#10;&#9;at org.testng.TestNG.runSuitesLocally(TestNG.java:1137)&#13;&#10;&#9;at org.testng.TestNG.runSuites(TestNG.java:1049)&#13;&#10;&#9;at org.testng.TestNG.run(TestNG.java:1017)&#13;&#10;&#9;at com.intellij.rt.testng.IDEARemoteTestNG.run(IDEARemoteTestNG.java:66)&#13;&#10;&#9;at com.intellij.rt.testng.RemoteTestNGStarter.main(RemoteTestNGStarter.java:109)&#13;&#10;"><![CDATA[When Click On Clear Button..................................................passed
And Click On Do Not Save Button.............................................passed
And Click on Industry Filter................................................passed
And Click on None of Page...................................................passed
And Click on Industry Name Input box........................................passed
And Enter Industry Name.....................................................passed
And Click on Particular Industry............................................passed
And Click on Search Button..................................................passed
And Click on the First Contact in Search Result.............................passed

StackTrace:
java.lang.ArrayIndexOutOfBoundsException: Index 1 out of bounds for length 1
	at org.base.Global.generateTestReport(Global.java:253)
	at org.runner.BeforeExection.extentReportAfterExecutedClass(BeforeExection.java:55)
	at java.base/jdk.internal.reflect.DirectMethodHandleAccessor.invoke(DirectMethodHandleAccessor.java:104)
	at java.base/java.lang.reflect.Method.invoke(Method.java:577)
	at cucumber.runtime.Utils$1.call(Utils.java:26)
	at cucumber.runtime.Timeout.timeout(Timeout.java:16)
	at cucumber.runtime.Utils.invoke(Utils.java:20)
	at cucumber.runtime.java.JavaHookDefinition.execute(JavaHookDefinition.java:65)
	at cucumber.runner.HookDefinitionMatch.runStep(HookDefinitionMatch.java:16)
	at cucumber.runner.TestStep.executeStep(TestStep.java:65)
	at cucumber.runner.TestStep.run(TestStep.java:50)
	at cucumber.runner.TestCase.run(TestCase.java:50)
	at cucumber.runner.Runner.runPickle(Runner.java:50)
	at io.cucumber.testng.TestNGCucumberRunner.runScenario(TestNGCucumberRunner.java:79)
	at io.cucumber.testng.AbstractTestNGCucumberTests.runScenario(AbstractTestNGCucumberTests.java:24)
	at java.base/jdk.internal.reflect.DirectMethodHandleAccessor.invoke(DirectMethodHandleAccessor.java:104)
	at java.base/java.lang.reflect.Method.invoke(Method.java:577)
	at org.testng.internal.MethodInvocationHelper.invokeMethod(MethodInvocationHelper.java:124)
	at org.testng.internal.Invoker.invokeMethod(Invoker.java:583)
	at org.testng.internal.Invoker.invokeTestMethod(Invoker.java:719)
	at org.testng.internal.Invoker.invokeTestMethods(Invoker.java:989)
	at org.testng.internal.TestMethodWorker.invokeTestMethods(TestMethodWorker.java:125)
	at org.testng.internal.TestMethodWorker.run(TestMethodWorker.java:109)
	at org.testng.TestRunner.privateRun(TestRunner.java:648)
	at org.testng.TestRunner.run(TestRunner.java:505)
	at org.testng.SuiteRunner.runTest(SuiteRunner.java:455)
	at org.testng.SuiteRunner.runSequentially(SuiteRunner.java:450)
	at org.testng.SuiteRunner.privateRun(SuiteRunner.java:415)
	at org.testng.SuiteRunner.run(SuiteRunner.java:364)
	at org.testng.SuiteRunnerWorker.runSuite(SuiteRunnerWorker.java:52)
	at org.testng.SuiteRunnerWorker.run(SuiteRunnerWorker.java:84)
	at org.testng.TestNG.runSuitesSequentially(TestNG.java:1208)
	at org.testng.TestNG.runSuitesLocally(TestNG.java:1137)
	at org.testng.TestNG.runSuites(TestNG.java:1049)
	at org.testng.TestNG.run(TestNG.java:1017)
	at com.intellij.rt.testng.IDEARemoteTestNG.run(IDEARemoteTestNG.java:66)
	at com.intellij.rt.testng.RemoteTestNGStarter.main(RemoteTestNGStarter.java:109)
]]></failure>
    </testcase>
    <testcase classname="To validate Search by Industry" name="To Validate search by NAICS Codes in Industry Filter" time="45.183928">
        <failure message="java.lang.ArrayIndexOutOfBoundsException: Index 1 out of bounds for length 1&#13;&#10;&#9;at org.base.Global.generateTestReport(Global.java:253)&#13;&#10;&#9;at org.runner.BeforeExection.extentReportAfterExecutedClass(BeforeExection.java:55)&#13;&#10;&#9;at java.base/jdk.internal.reflect.DirectMethodHandleAccessor.invoke(DirectMethodHandleAccessor.java:104)&#13;&#10;&#9;at java.base/java.lang.reflect.Method.invoke(Method.java:577)&#13;&#10;&#9;at cucumber.runtime.Utils$1.call(Utils.java:26)&#13;&#10;&#9;at cucumber.runtime.Timeout.timeout(Timeout.java:16)&#13;&#10;&#9;at cucumber.runtime.Utils.invoke(Utils.java:20)&#13;&#10;&#9;at cucumber.runtime.java.JavaHookDefinition.execute(JavaHookDefinition.java:65)&#13;&#10;&#9;at cucumber.runner.HookDefinitionMatch.runStep(HookDefinitionMatch.java:16)&#13;&#10;&#9;at cucumber.runner.TestStep.executeStep(TestStep.java:65)&#13;&#10;&#9;at cucumber.runner.TestStep.run(TestStep.java:50)&#13;&#10;&#9;at cucumber.runner.TestCase.run(TestCase.java:50)&#13;&#10;&#9;at cucumber.runner.Runner.runPickle(Runner.java:50)&#13;&#10;&#9;at io.cucumber.testng.TestNGCucumberRunner.runScenario(TestNGCucumberRunner.java:79)&#13;&#10;&#9;at io.cucumber.testng.AbstractTestNGCucumberTests.runScenario(AbstractTestNGCucumberTests.java:24)&#13;&#10;&#9;at java.base/jdk.internal.reflect.DirectMethodHandleAccessor.invoke(DirectMethodHandleAccessor.java:104)&#13;&#10;&#9;at java.base/java.lang.reflect.Method.invoke(Method.java:577)&#13;&#10;&#9;at org.testng.internal.MethodInvocationHelper.invokeMethod(MethodInvocationHelper.java:124)&#13;&#10;&#9;at org.testng.internal.Invoker.invokeMethod(Invoker.java:583)&#13;&#10;&#9;at org.testng.internal.Invoker.invokeTestMethod(Invoker.java:719)&#13;&#10;&#9;at org.testng.internal.Invoker.invokeTestMethods(Invoker.java:989)&#13;&#10;&#9;at org.testng.internal.TestMethodWorker.invokeTestMethods(TestMethodWorker.java:125)&#13;&#10;&#9;at org.testng.internal.TestMethodWorker.run(TestMethodWorker.java:109)&#13;&#10;&#9;at org.testng.TestRunner.privateRun(TestRunner.java:648)&#13;&#10;&#9;at org.testng.TestRunner.run(TestRunner.java:505)&#13;&#10;&#9;at org.testng.SuiteRunner.runTest(SuiteRunner.java:455)&#13;&#10;&#9;at org.testng.SuiteRunner.runSequentially(SuiteRunner.java:450)&#13;&#10;&#9;at org.testng.SuiteRunner.privateRun(SuiteRunner.java:415)&#13;&#10;&#9;at org.testng.SuiteRunner.run(SuiteRunner.java:364)&#13;&#10;&#9;at org.testng.SuiteRunnerWorker.runSuite(SuiteRunnerWorker.java:52)&#13;&#10;&#9;at org.testng.SuiteRunnerWorker.run(SuiteRunnerWorker.java:84)&#13;&#10;&#9;at org.testng.TestNG.runSuitesSequentially(TestNG.java:1208)&#13;&#10;&#9;at org.testng.TestNG.runSuitesLocally(TestNG.java:1137)&#13;&#10;&#9;at org.testng.TestNG.runSuites(TestNG.java:1049)&#13;&#10;&#9;at org.testng.TestNG.run(TestNG.java:1017)&#13;&#10;&#9;at com.intellij.rt.testng.IDEARemoteTestNG.run(IDEARemoteTestNG.java:66)&#13;&#10;&#9;at com.intellij.rt.testng.RemoteTestNGStarter.main(RemoteTestNGStarter.java:109)&#13;&#10;"><![CDATA[When Click On Clear Button..................................................passed
And Click On Do Not Save Button.............................................passed
And Click on Industry Filter................................................passed
And Click on NAICS or SIC Code page.........................................passed
And CLick on NAICS Code input box...........................................passed
And Enter NAICS Code........................................................passed
And Click on Search Button..................................................passed
And Click on the First Contact in Search Result.............................passed
Then Check Industry for NAICS code in Search Result.........................passed

StackTrace:
java.lang.ArrayIndexOutOfBoundsException: Index 1 out of bounds for length 1
	at org.base.Global.generateTestReport(Global.java:253)
	at org.runner.BeforeExection.extentReportAfterExecutedClass(BeforeExection.java:55)
	at java.base/jdk.internal.reflect.DirectMethodHandleAccessor.invoke(DirectMethodHandleAccessor.java:104)
	at java.base/java.lang.reflect.Method.invoke(Method.java:577)
	at cucumber.runtime.Utils$1.call(Utils.java:26)
	at cucumber.runtime.Timeout.timeout(Timeout.java:16)
	at cucumber.runtime.Utils.invoke(Utils.java:20)
	at cucumber.runtime.java.JavaHookDefinition.execute(JavaHookDefinition.java:65)
	at cucumber.runner.HookDefinitionMatch.runStep(HookDefinitionMatch.java:16)
	at cucumber.runner.TestStep.executeStep(TestStep.java:65)
	at cucumber.runner.TestStep.run(TestStep.java:50)
	at cucumber.runner.TestCase.run(TestCase.java:50)
	at cucumber.runner.Runner.runPickle(Runner.java:50)
	at io.cucumber.testng.TestNGCucumberRunner.runScenario(TestNGCucumberRunner.java:79)
	at io.cucumber.testng.AbstractTestNGCucumberTests.runScenario(AbstractTestNGCucumberTests.java:24)
	at java.base/jdk.internal.reflect.DirectMethodHandleAccessor.invoke(DirectMethodHandleAccessor.java:104)
	at java.base/java.lang.reflect.Method.invoke(Method.java:577)
	at org.testng.internal.MethodInvocationHelper.invokeMethod(MethodInvocationHelper.java:124)
	at org.testng.internal.Invoker.invokeMethod(Invoker.java:583)
	at org.testng.internal.Invoker.invokeTestMethod(Invoker.java:719)
	at org.testng.internal.Invoker.invokeTestMethods(Invoker.java:989)
	at org.testng.internal.TestMethodWorker.invokeTestMethods(TestMethodWorker.java:125)
	at org.testng.internal.TestMethodWorker.run(TestMethodWorker.java:109)
	at org.testng.TestRunner.privateRun(TestRunner.java:648)
	at org.testng.TestRunner.run(TestRunner.java:505)
	at org.testng.SuiteRunner.runTest(SuiteRunner.java:455)
	at org.testng.SuiteRunner.runSequentially(SuiteRunner.java:450)
	at org.testng.SuiteRunner.privateRun(SuiteRunner.java:415)
	at org.testng.SuiteRunner.run(SuiteRunner.java:364)
	at org.testng.SuiteRunnerWorker.runSuite(SuiteRunnerWorker.java:52)
	at org.testng.SuiteRunnerWorker.run(SuiteRunnerWorker.java:84)
	at org.testng.TestNG.runSuitesSequentially(TestNG.java:1208)
	at org.testng.TestNG.runSuitesLocally(TestNG.java:1137)
	at org.testng.TestNG.runSuites(TestNG.java:1049)
	at org.testng.TestNG.run(TestNG.java:1017)
	at com.intellij.rt.testng.IDEARemoteTestNG.run(IDEARemoteTestNG.java:66)
	at com.intellij.rt.testng.RemoteTestNGStarter.main(RemoteTestNGStarter.java:109)
]]></failure>
    </testcase>
    <testcase classname="To validate Search by Industry" name="To Validate search by SIC Codes in Industry Filter" time="42.313283">
        <failure message="java.lang.ArrayIndexOutOfBoundsException: Index 1 out of bounds for length 1&#13;&#10;&#9;at org.base.Global.generateTestReport(Global.java:253)&#13;&#10;&#9;at org.runner.BeforeExection.extentReportAfterExecutedClass(BeforeExection.java:55)&#13;&#10;&#9;at java.base/jdk.internal.reflect.DirectMethodHandleAccessor.invoke(DirectMethodHandleAccessor.java:104)&#13;&#10;&#9;at java.base/java.lang.reflect.Method.invoke(Method.java:577)&#13;&#10;&#9;at cucumber.runtime.Utils$1.call(Utils.java:26)&#13;&#10;&#9;at cucumber.runtime.Timeout.timeout(Timeout.java:16)&#13;&#10;&#9;at cucumber.runtime.Utils.invoke(Utils.java:20)&#13;&#10;&#9;at cucumber.runtime.java.JavaHookDefinition.execute(JavaHookDefinition.java:65)&#13;&#10;&#9;at cucumber.runner.HookDefinitionMatch.runStep(HookDefinitionMatch.java:16)&#13;&#10;&#9;at cucumber.runner.TestStep.executeStep(TestStep.java:65)&#13;&#10;&#9;at cucumber.runner.TestStep.run(TestStep.java:50)&#13;&#10;&#9;at cucumber.runner.TestCase.run(TestCase.java:50)&#13;&#10;&#9;at cucumber.runner.Runner.runPickle(Runner.java:50)&#13;&#10;&#9;at io.cucumber.testng.TestNGCucumberRunner.runScenario(TestNGCucumberRunner.java:79)&#13;&#10;&#9;at io.cucumber.testng.AbstractTestNGCucumberTests.runScenario(AbstractTestNGCucumberTests.java:24)&#13;&#10;&#9;at java.base/jdk.internal.reflect.DirectMethodHandleAccessor.invoke(DirectMethodHandleAccessor.java:104)&#13;&#10;&#9;at java.base/java.lang.reflect.Method.invoke(Method.java:577)&#13;&#10;&#9;at org.testng.internal.MethodInvocationHelper.invokeMethod(MethodInvocationHelper.java:124)&#13;&#10;&#9;at org.testng.internal.Invoker.invokeMethod(Invoker.java:583)&#13;&#10;&#9;at org.testng.internal.Invoker.invokeTestMethod(Invoker.java:719)&#13;&#10;&#9;at org.testng.internal.Invoker.invokeTestMethods(Invoker.java:989)&#13;&#10;&#9;at org.testng.internal.TestMethodWorker.invokeTestMethods(TestMethodWorker.java:125)&#13;&#10;&#9;at org.testng.internal.TestMethodWorker.run(TestMethodWorker.java:109)&#13;&#10;&#9;at org.testng.TestRunner.privateRun(TestRunner.java:648)&#13;&#10;&#9;at org.testng.TestRunner.run(TestRunner.java:505)&#13;&#10;&#9;at org.testng.SuiteRunner.runTest(SuiteRunner.java:455)&#13;&#10;&#9;at org.testng.SuiteRunner.runSequentially(SuiteRunner.java:450)&#13;&#10;&#9;at org.testng.SuiteRunner.privateRun(SuiteRunner.java:415)&#13;&#10;&#9;at org.testng.SuiteRunner.run(SuiteRunner.java:364)&#13;&#10;&#9;at org.testng.SuiteRunnerWorker.runSuite(SuiteRunnerWorker.java:52)&#13;&#10;&#9;at org.testng.SuiteRunnerWorker.run(SuiteRunnerWorker.java:84)&#13;&#10;&#9;at org.testng.TestNG.runSuitesSequentially(TestNG.java:1208)&#13;&#10;&#9;at org.testng.TestNG.runSuitesLocally(TestNG.java:1137)&#13;&#10;&#9;at org.testng.TestNG.runSuites(TestNG.java:1049)&#13;&#10;&#9;at org.testng.TestNG.run(TestNG.java:1017)&#13;&#10;&#9;at com.intellij.rt.testng.IDEARemoteTestNG.run(IDEARemoteTestNG.java:66)&#13;&#10;&#9;at com.intellij.rt.testng.RemoteTestNGStarter.main(RemoteTestNGStarter.java:109)&#13;&#10;"><![CDATA[When Click On Clear Button..................................................passed
And Click On Do Not Save Button.............................................passed
And Click on Industry Filter................................................passed
And Click on NAICS or SIC Code page.........................................passed
And Click on SIC Radio button...............................................passed
And CLick on NAICS Code input box...........................................passed
And Enter SIC Code..........................................................passed
And Click on Search Button..................................................passed
And Click on the First Contact in Search Result.............................passed
Then Check Industry for SIC code in Search Result...........................passed

StackTrace:
java.lang.ArrayIndexOutOfBoundsException: Index 1 out of bounds for length 1
	at org.base.Global.generateTestReport(Global.java:253)
	at org.runner.BeforeExection.extentReportAfterExecutedClass(BeforeExection.java:55)
	at java.base/jdk.internal.reflect.DirectMethodHandleAccessor.invoke(DirectMethodHandleAccessor.java:104)
	at java.base/java.lang.reflect.Method.invoke(Method.java:577)
	at cucumber.runtime.Utils$1.call(Utils.java:26)
	at cucumber.runtime.Timeout.timeout(Timeout.java:16)
	at cucumber.runtime.Utils.invoke(Utils.java:20)
	at cucumber.runtime.java.JavaHookDefinition.execute(JavaHookDefinition.java:65)
	at cucumber.runner.HookDefinitionMatch.runStep(HookDefinitionMatch.java:16)
	at cucumber.runner.TestStep.executeStep(TestStep.java:65)
	at cucumber.runner.TestStep.run(TestStep.java:50)
	at cucumber.runner.TestCase.run(TestCase.java:50)
	at cucumber.runner.Runner.runPickle(Runner.java:50)
	at io.cucumber.testng.TestNGCucumberRunner.runScenario(TestNGCucumberRunner.java:79)
	at io.cucumber.testng.AbstractTestNGCucumberTests.runScenario(AbstractTestNGCucumberTests.java:24)
	at java.base/jdk.internal.reflect.DirectMethodHandleAccessor.invoke(DirectMethodHandleAccessor.java:104)
	at java.base/java.lang.reflect.Method.invoke(Method.java:577)
	at org.testng.internal.MethodInvocationHelper.invokeMethod(MethodInvocationHelper.java:124)
	at org.testng.internal.Invoker.invokeMethod(Invoker.java:583)
	at org.testng.internal.Invoker.invokeTestMethod(Invoker.java:719)
	at org.testng.internal.Invoker.invokeTestMethods(Invoker.java:989)
	at org.testng.internal.TestMethodWorker.invokeTestMethods(TestMethodWorker.java:125)
	at org.testng.internal.TestMethodWorker.run(TestMethodWorker.java:109)
	at org.testng.TestRunner.privateRun(TestRunner.java:648)
	at org.testng.TestRunner.run(TestRunner.java:505)
	at org.testng.SuiteRunner.runTest(SuiteRunner.java:455)
	at org.testng.SuiteRunner.runSequentially(SuiteRunner.java:450)
	at org.testng.SuiteRunner.privateRun(SuiteRunner.java:415)
	at org.testng.SuiteRunner.run(SuiteRunner.java:364)
	at org.testng.SuiteRunnerWorker.runSuite(SuiteRunnerWorker.java:52)
	at org.testng.SuiteRunnerWorker.run(SuiteRunnerWorker.java:84)
	at org.testng.TestNG.runSuitesSequentially(TestNG.java:1208)
	at org.testng.TestNG.runSuitesLocally(TestNG.java:1137)
	at org.testng.TestNG.runSuites(TestNG.java:1049)
	at org.testng.TestNG.run(TestNG.java:1017)
	at com.intellij.rt.testng.IDEARemoteTestNG.run(IDEARemoteTestNG.java:66)
	at com.intellij.rt.testng.RemoteTestNGStarter.main(RemoteTestNGStarter.java:109)
]]></failure>
    </testcase>
    <testcase classname="To validate Search by Industry" name="Logout the application" time="6.608375">
        <failure message="java.lang.ArrayIndexOutOfBoundsException: Index 1 out of bounds for length 1&#13;&#10;&#9;at org.base.Global.generateTestReport(Global.java:253)&#13;&#10;&#9;at org.runner.BeforeExection.extentReportAfterExecutedClass(BeforeExection.java:55)&#13;&#10;&#9;at java.base/jdk.internal.reflect.DirectMethodHandleAccessor.invoke(DirectMethodHandleAccessor.java:104)&#13;&#10;&#9;at java.base/java.lang.reflect.Method.invoke(Method.java:577)&#13;&#10;&#9;at cucumber.runtime.Utils$1.call(Utils.java:26)&#13;&#10;&#9;at cucumber.runtime.Timeout.timeout(Timeout.java:16)&#13;&#10;&#9;at cucumber.runtime.Utils.invoke(Utils.java:20)&#13;&#10;&#9;at cucumber.runtime.java.JavaHookDefinition.execute(JavaHookDefinition.java:65)&#13;&#10;&#9;at cucumber.runner.HookDefinitionMatch.runStep(HookDefinitionMatch.java:16)&#13;&#10;&#9;at cucumber.runner.TestStep.executeStep(TestStep.java:65)&#13;&#10;&#9;at cucumber.runner.TestStep.run(TestStep.java:50)&#13;&#10;&#9;at cucumber.runner.TestCase.run(TestCase.java:50)&#13;&#10;&#9;at cucumber.runner.Runner.runPickle(Runner.java:50)&#13;&#10;&#9;at io.cucumber.testng.TestNGCucumberRunner.runScenario(TestNGCucumberRunner.java:79)&#13;&#10;&#9;at io.cucumber.testng.AbstractTestNGCucumberTests.runScenario(AbstractTestNGCucumberTests.java:24)&#13;&#10;&#9;at java.base/jdk.internal.reflect.DirectMethodHandleAccessor.invoke(DirectMethodHandleAccessor.java:104)&#13;&#10;&#9;at java.base/java.lang.reflect.Method.invoke(Method.java:577)&#13;&#10;&#9;at org.testng.internal.MethodInvocationHelper.invokeMethod(MethodInvocationHelper.java:124)&#13;&#10;&#9;at org.testng.internal.Invoker.invokeMethod(Invoker.java:583)&#13;&#10;&#9;at org.testng.internal.Invoker.invokeTestMethod(Invoker.java:719)&#13;&#10;&#9;at org.testng.internal.Invoker.invokeTestMethods(Invoker.java:989)&#13;&#10;&#9;at org.testng.internal.TestMethodWorker.invokeTestMethods(TestMethodWorker.java:125)&#13;&#10;&#9;at org.testng.internal.TestMethodWorker.run(TestMethodWorker.java:109)&#13;&#10;&#9;at org.testng.TestRunner.privateRun(TestRunner.java:648)&#13;&#10;&#9;at org.testng.TestRunner.run(TestRunner.java:505)&#13;&#10;&#9;at org.testng.SuiteRunner.runTest(SuiteRunner.java:455)&#13;&#10;&#9;at org.testng.SuiteRunner.runSequentially(SuiteRunner.java:450)&#13;&#10;&#9;at org.testng.SuiteRunner.privateRun(SuiteRunner.java:415)&#13;&#10;&#9;at org.testng.SuiteRunner.run(SuiteRunner.java:364)&#13;&#10;&#9;at org.testng.SuiteRunnerWorker.runSuite(SuiteRunnerWorker.java:52)&#13;&#10;&#9;at org.testng.SuiteRunnerWorker.run(SuiteRunnerWorker.java:84)&#13;&#10;&#9;at org.testng.TestNG.runSuitesSequentially(TestNG.java:1208)&#13;&#10;&#9;at org.testng.TestNG.runSuitesLocally(TestNG.java:1137)&#13;&#10;&#9;at org.testng.TestNG.runSuites(TestNG.java:1049)&#13;&#10;&#9;at org.testng.TestNG.run(TestNG.java:1017)&#13;&#10;&#9;at com.intellij.rt.testng.IDEARemoteTestNG.run(IDEARemoteTestNG.java:66)&#13;&#10;&#9;at com.intellij.rt.testng.RemoteTestNGStarter.main(RemoteTestNGStarter.java:109)&#13;&#10;"><![CDATA[When Click On Setting Options...............................................passed
Then Click On Logout Options................................................passed

StackTrace:
java.lang.ArrayIndexOutOfBoundsException: Index 1 out of bounds for length 1
	at org.base.Global.generateTestReport(Global.java:253)
	at org.runner.BeforeExection.extentReportAfterExecutedClass(BeforeExection.java:55)
	at java.base/jdk.internal.reflect.DirectMethodHandleAccessor.invoke(DirectMethodHandleAccessor.java:104)
	at java.base/java.lang.reflect.Method.invoke(Method.java:577)
	at cucumber.runtime.Utils$1.call(Utils.java:26)
	at cucumber.runtime.Timeout.timeout(Timeout.java:16)
	at cucumber.runtime.Utils.invoke(Utils.java:20)
	at cucumber.runtime.java.JavaHookDefinition.execute(JavaHookDefinition.java:65)
	at cucumber.runner.HookDefinitionMatch.runStep(HookDefinitionMatch.java:16)
	at cucumber.runner.TestStep.executeStep(TestStep.java:65)
	at cucumber.runner.TestStep.run(TestStep.java:50)
	at cucumber.runner.TestCase.run(TestCase.java:50)
	at cucumber.runner.Runner.runPickle(Runner.java:50)
	at io.cucumber.testng.TestNGCucumberRunner.runScenario(TestNGCucumberRunner.java:79)
	at io.cucumber.testng.AbstractTestNGCucumberTests.runScenario(AbstractTestNGCucumberTests.java:24)
	at java.base/jdk.internal.reflect.DirectMethodHandleAccessor.invoke(DirectMethodHandleAccessor.java:104)
	at java.base/java.lang.reflect.Method.invoke(Method.java:577)
	at org.testng.internal.MethodInvocationHelper.invokeMethod(MethodInvocationHelper.java:124)
	at org.testng.internal.Invoker.invokeMethod(Invoker.java:583)
	at org.testng.internal.Invoker.invokeTestMethod(Invoker.java:719)
	at org.testng.internal.Invoker.invokeTestMethods(Invoker.java:989)
	at org.testng.internal.TestMethodWorker.invokeTestMethods(TestMethodWorker.java:125)
	at org.testng.internal.TestMethodWorker.run(TestMethodWorker.java:109)
	at org.testng.TestRunner.privateRun(TestRunner.java:648)
	at org.testng.TestRunner.run(TestRunner.java:505)
	at org.testng.SuiteRunner.runTest(SuiteRunner.java:455)
	at org.testng.SuiteRunner.runSequentially(SuiteRunner.java:450)
	at org.testng.SuiteRunner.privateRun(SuiteRunner.java:415)
	at org.testng.SuiteRunner.run(SuiteRunner.java:364)
	at org.testng.SuiteRunnerWorker.runSuite(SuiteRunnerWorker.java:52)
	at org.testng.SuiteRunnerWorker.run(SuiteRunnerWorker.java:84)
	at org.testng.TestNG.runSuitesSequentially(TestNG.java:1208)
	at org.testng.TestNG.runSuitesLocally(TestNG.java:1137)
	at org.testng.TestNG.runSuites(TestNG.java:1049)
	at org.testng.TestNG.run(TestNG.java:1017)
	at com.intellij.rt.testng.IDEARemoteTestNG.run(IDEARemoteTestNG.java:66)
	at com.intellij.rt.testng.RemoteTestNGStarter.main(RemoteTestNGStarter.java:109)
]]></failure>
    </testcase>
    <testcase classname="To validate Search by Revenue" name="To validate SalesIntel application Valid User Username and Valid Password" time="10.426208">
        <system-out><![CDATA[When Enter Valid Username...................................................passed
And Enter Valid Password....................................................passed
Then Click On Login Button..................................................passed
]]></system-out>
    </testcase>
    <testcase classname="To validate Search by Revenue" name="To Validate search by Million Revenue Filter" time="27.233129">
        <failure message="java.lang.ArrayIndexOutOfBoundsException: Index 1 out of bounds for length 1&#13;&#10;&#9;at org.base.Global.generateTestReport(Global.java:253)&#13;&#10;&#9;at org.runner.BeforeExection.extentReportAfterExecutedClass(BeforeExection.java:55)&#13;&#10;&#9;at java.base/jdk.internal.reflect.DirectMethodHandleAccessor.invoke(DirectMethodHandleAccessor.java:104)&#13;&#10;&#9;at java.base/java.lang.reflect.Method.invoke(Method.java:577)&#13;&#10;&#9;at cucumber.runtime.Utils$1.call(Utils.java:26)&#13;&#10;&#9;at cucumber.runtime.Timeout.timeout(Timeout.java:16)&#13;&#10;&#9;at cucumber.runtime.Utils.invoke(Utils.java:20)&#13;&#10;&#9;at cucumber.runtime.java.JavaHookDefinition.execute(JavaHookDefinition.java:65)&#13;&#10;&#9;at cucumber.runner.HookDefinitionMatch.runStep(HookDefinitionMatch.java:16)&#13;&#10;&#9;at cucumber.runner.TestStep.executeStep(TestStep.java:65)&#13;&#10;&#9;at cucumber.runner.TestStep.run(TestStep.java:50)&#13;&#10;&#9;at cucumber.runner.TestCase.run(TestCase.java:50)&#13;&#10;&#9;at cucumber.runner.Runner.runPickle(Runner.java:50)&#13;&#10;&#9;at io.cucumber.testng.TestNGCucumberRunner.runScenario(TestNGCucumberRunner.java:79)&#13;&#10;&#9;at io.cucumber.testng.AbstractTestNGCucumberTests.runScenario(AbstractTestNGCucumberTests.java:24)&#13;&#10;&#9;at java.base/jdk.internal.reflect.DirectMethodHandleAccessor.invoke(DirectMethodHandleAccessor.java:104)&#13;&#10;&#9;at java.base/java.lang.reflect.Method.invoke(Method.java:577)&#13;&#10;&#9;at org.testng.internal.MethodInvocationHelper.invokeMethod(MethodInvocationHelper.java:124)&#13;&#10;&#9;at org.testng.internal.Invoker.invokeMethod(Invoker.java:583)&#13;&#10;&#9;at org.testng.internal.Invoker.invokeTestMethod(Invoker.java:719)&#13;&#10;&#9;at org.testng.internal.Invoker.invokeTestMethods(Invoker.java:989)&#13;&#10;&#9;at org.testng.internal.TestMethodWorker.invokeTestMethods(TestMethodWorker.java:125)&#13;&#10;&#9;at org.testng.internal.TestMethodWorker.run(TestMethodWorker.java:109)&#13;&#10;&#9;at org.testng.TestRunner.privateRun(TestRunner.java:648)&#13;&#10;&#9;at org.testng.TestRunner.run(TestRunner.java:505)&#13;&#10;&#9;at org.testng.SuiteRunner.runTest(SuiteRunner.java:455)&#13;&#10;&#9;at org.testng.SuiteRunner.runSequentially(SuiteRunner.java:450)&#13;&#10;&#9;at org.testng.SuiteRunner.privateRun(SuiteRunner.java:415)&#13;&#10;&#9;at org.testng.SuiteRunner.run(SuiteRunner.java:364)&#13;&#10;&#9;at org.testng.SuiteRunnerWorker.runSuite(SuiteRunnerWorker.java:52)&#13;&#10;&#9;at org.testng.SuiteRunnerWorker.run(SuiteRunnerWorker.java:84)&#13;&#10;&#9;at org.testng.TestNG.runSuitesSequentially(TestNG.java:1208)&#13;&#10;&#9;at org.testng.TestNG.runSuitesLocally(TestNG.java:1137)&#13;&#10;&#9;at org.testng.TestNG.runSuites(TestNG.java:1049)&#13;&#10;&#9;at org.testng.TestNG.run(TestNG.java:1017)&#13;&#10;&#9;at com.intellij.rt.testng.IDEARemoteTestNG.run(IDEARemoteTestNG.java:66)&#13;&#10;&#9;at com.intellij.rt.testng.RemoteTestNGStarter.main(RemoteTestNGStarter.java:109)&#13;&#10;"><![CDATA[When Click on Revenue Filter................................................passed
And Enter Minimum Revenue...................................................passed
And Enter Maximum Revenue...................................................passed
And Click on Search Button..................................................passed
And Click on the First Contact in Search Result.............................passed
Then validate the Revenue in Search Result..................................passed

StackTrace:
java.lang.ArrayIndexOutOfBoundsException: Index 1 out of bounds for length 1
	at org.base.Global.generateTestReport(Global.java:253)
	at org.runner.BeforeExection.extentReportAfterExecutedClass(BeforeExection.java:55)
	at java.base/jdk.internal.reflect.DirectMethodHandleAccessor.invoke(DirectMethodHandleAccessor.java:104)
	at java.base/java.lang.reflect.Method.invoke(Method.java:577)
	at cucumber.runtime.Utils$1.call(Utils.java:26)
	at cucumber.runtime.Timeout.timeout(Timeout.java:16)
	at cucumber.runtime.Utils.invoke(Utils.java:20)
	at cucumber.runtime.java.JavaHookDefinition.execute(JavaHookDefinition.java:65)
	at cucumber.runner.HookDefinitionMatch.runStep(HookDefinitionMatch.java:16)
	at cucumber.runner.TestStep.executeStep(TestStep.java:65)
	at cucumber.runner.TestStep.run(TestStep.java:50)
	at cucumber.runner.TestCase.run(TestCase.java:50)
	at cucumber.runner.Runner.runPickle(Runner.java:50)
	at io.cucumber.testng.TestNGCucumberRunner.runScenario(TestNGCucumberRunner.java:79)
	at io.cucumber.testng.AbstractTestNGCucumberTests.runScenario(AbstractTestNGCucumberTests.java:24)
	at java.base/jdk.internal.reflect.DirectMethodHandleAccessor.invoke(DirectMethodHandleAccessor.java:104)
	at java.base/java.lang.reflect.Method.invoke(Method.java:577)
	at org.testng.internal.MethodInvocationHelper.invokeMethod(MethodInvocationHelper.java:124)
	at org.testng.internal.Invoker.invokeMethod(Invoker.java:583)
	at org.testng.internal.Invoker.invokeTestMethod(Invoker.java:719)
	at org.testng.internal.Invoker.invokeTestMethods(Invoker.java:989)
	at org.testng.internal.TestMethodWorker.invokeTestMethods(TestMethodWorker.java:125)
	at org.testng.internal.TestMethodWorker.run(TestMethodWorker.java:109)
	at org.testng.TestRunner.privateRun(TestRunner.java:648)
	at org.testng.TestRunner.run(TestRunner.java:505)
	at org.testng.SuiteRunner.runTest(SuiteRunner.java:455)
	at org.testng.SuiteRunner.runSequentially(SuiteRunner.java:450)
	at org.testng.SuiteRunner.privateRun(SuiteRunner.java:415)
	at org.testng.SuiteRunner.run(SuiteRunner.java:364)
	at org.testng.SuiteRunnerWorker.runSuite(SuiteRunnerWorker.java:52)
	at org.testng.SuiteRunnerWorker.run(SuiteRunnerWorker.java:84)
	at org.testng.TestNG.runSuitesSequentially(TestNG.java:1208)
	at org.testng.TestNG.runSuitesLocally(TestNG.java:1137)
	at org.testng.TestNG.runSuites(TestNG.java:1049)
	at org.testng.TestNG.run(TestNG.java:1017)
	at com.intellij.rt.testng.IDEARemoteTestNG.run(IDEARemoteTestNG.java:66)
	at com.intellij.rt.testng.RemoteTestNGStarter.main(RemoteTestNGStarter.java:109)
]]></failure>
    </testcase>
    <testcase classname="To validate Search by Revenue" name="Logout the application" time="6.607525">
        <failure message="java.lang.ArrayIndexOutOfBoundsException: Index 1 out of bounds for length 1&#13;&#10;&#9;at org.base.Global.generateTestReport(Global.java:253)&#13;&#10;&#9;at org.runner.BeforeExection.extentReportAfterExecutedClass(BeforeExection.java:55)&#13;&#10;&#9;at java.base/jdk.internal.reflect.DirectMethodHandleAccessor.invoke(DirectMethodHandleAccessor.java:104)&#13;&#10;&#9;at java.base/java.lang.reflect.Method.invoke(Method.java:577)&#13;&#10;&#9;at cucumber.runtime.Utils$1.call(Utils.java:26)&#13;&#10;&#9;at cucumber.runtime.Timeout.timeout(Timeout.java:16)&#13;&#10;&#9;at cucumber.runtime.Utils.invoke(Utils.java:20)&#13;&#10;&#9;at cucumber.runtime.java.JavaHookDefinition.execute(JavaHookDefinition.java:65)&#13;&#10;&#9;at cucumber.runner.HookDefinitionMatch.runStep(HookDefinitionMatch.java:16)&#13;&#10;&#9;at cucumber.runner.TestStep.executeStep(TestStep.java:65)&#13;&#10;&#9;at cucumber.runner.TestStep.run(TestStep.java:50)&#13;&#10;&#9;at cucumber.runner.TestCase.run(TestCase.java:50)&#13;&#10;&#9;at cucumber.runner.Runner.runPickle(Runner.java:50)&#13;&#10;&#9;at io.cucumber.testng.TestNGCucumberRunner.runScenario(TestNGCucumberRunner.java:79)&#13;&#10;&#9;at io.cucumber.testng.AbstractTestNGCucumberTests.runScenario(AbstractTestNGCucumberTests.java:24)&#13;&#10;&#9;at java.base/jdk.internal.reflect.DirectMethodHandleAccessor.invoke(DirectMethodHandleAccessor.java:104)&#13;&#10;&#9;at java.base/java.lang.reflect.Method.invoke(Method.java:577)&#13;&#10;&#9;at org.testng.internal.MethodInvocationHelper.invokeMethod(MethodInvocationHelper.java:124)&#13;&#10;&#9;at org.testng.internal.Invoker.invokeMethod(Invoker.java:583)&#13;&#10;&#9;at org.testng.internal.Invoker.invokeTestMethod(Invoker.java:719)&#13;&#10;&#9;at org.testng.internal.Invoker.invokeTestMethods(Invoker.java:989)&#13;&#10;&#9;at org.testng.internal.TestMethodWorker.invokeTestMethods(TestMethodWorker.java:125)&#13;&#10;&#9;at org.testng.internal.TestMethodWorker.run(TestMethodWorker.java:109)&#13;&#10;&#9;at org.testng.TestRunner.privateRun(TestRunner.java:648)&#13;&#10;&#9;at org.testng.TestRunner.run(TestRunner.java:505)&#13;&#10;&#9;at org.testng.SuiteRunner.runTest(SuiteRunner.java:455)&#13;&#10;&#9;at org.testng.SuiteRunner.runSequentially(SuiteRunner.java:450)&#13;&#10;&#9;at org.testng.SuiteRunner.privateRun(SuiteRunner.java:415)&#13;&#10;&#9;at org.testng.SuiteRunner.run(SuiteRunner.java:364)&#13;&#10;&#9;at org.testng.SuiteRunnerWorker.runSuite(SuiteRunnerWorker.java:52)&#13;&#10;&#9;at org.testng.SuiteRunnerWorker.run(SuiteRunnerWorker.java:84)&#13;&#10;&#9;at org.testng.TestNG.runSuitesSequentially(TestNG.java:1208)&#13;&#10;&#9;at org.testng.TestNG.runSuitesLocally(TestNG.java:1137)&#13;&#10;&#9;at org.testng.TestNG.runSuites(TestNG.java:1049)&#13;&#10;&#9;at org.testng.TestNG.run(TestNG.java:1017)&#13;&#10;&#9;at com.intellij.rt.testng.IDEARemoteTestNG.run(IDEARemoteTestNG.java:66)&#13;&#10;&#9;at com.intellij.rt.testng.RemoteTestNGStarter.main(RemoteTestNGStarter.java:109)&#13;&#10;"><![CDATA[When Click On Setting Options...............................................passed
Then Click On Logout Options................................................passed

StackTrace:
java.lang.ArrayIndexOutOfBoundsException: Index 1 out of bounds for length 1
	at org.base.Global.generateTestReport(Global.java:253)
	at org.runner.BeforeExection.extentReportAfterExecutedClass(BeforeExection.java:55)
	at java.base/jdk.internal.reflect.DirectMethodHandleAccessor.invoke(DirectMethodHandleAccessor.java:104)
	at java.base/java.lang.reflect.Method.invoke(Method.java:577)
	at cucumber.runtime.Utils$1.call(Utils.java:26)
	at cucumber.runtime.Timeout.timeout(Timeout.java:16)
	at cucumber.runtime.Utils.invoke(Utils.java:20)
	at cucumber.runtime.java.JavaHookDefinition.execute(JavaHookDefinition.java:65)
	at cucumber.runner.HookDefinitionMatch.runStep(HookDefinitionMatch.java:16)
	at cucumber.runner.TestStep.executeStep(TestStep.java:65)
	at cucumber.runner.TestStep.run(TestStep.java:50)
	at cucumber.runner.TestCase.run(TestCase.java:50)
	at cucumber.runner.Runner.runPickle(Runner.java:50)
	at io.cucumber.testng.TestNGCucumberRunner.runScenario(TestNGCucumberRunner.java:79)
	at io.cucumber.testng.AbstractTestNGCucumberTests.runScenario(AbstractTestNGCucumberTests.java:24)
	at java.base/jdk.internal.reflect.DirectMethodHandleAccessor.invoke(DirectMethodHandleAccessor.java:104)
	at java.base/java.lang.reflect.Method.invoke(Method.java:577)
	at org.testng.internal.MethodInvocationHelper.invokeMethod(MethodInvocationHelper.java:124)
	at org.testng.internal.Invoker.invokeMethod(Invoker.java:583)
	at org.testng.internal.Invoker.invokeTestMethod(Invoker.java:719)
	at org.testng.internal.Invoker.invokeTestMethods(Invoker.java:989)
	at org.testng.internal.TestMethodWorker.invokeTestMethods(TestMethodWorker.java:125)
	at org.testng.internal.TestMethodWorker.run(TestMethodWorker.java:109)
	at org.testng.TestRunner.privateRun(TestRunner.java:648)
	at org.testng.TestRunner.run(TestRunner.java:505)
	at org.testng.SuiteRunner.runTest(SuiteRunner.java:455)
	at org.testng.SuiteRunner.runSequentially(SuiteRunner.java:450)
	at org.testng.SuiteRunner.privateRun(SuiteRunner.java:415)
	at org.testng.SuiteRunner.run(SuiteRunner.java:364)
	at org.testng.SuiteRunnerWorker.runSuite(SuiteRunnerWorker.java:52)
	at org.testng.SuiteRunnerWorker.run(SuiteRunnerWorker.java:84)
	at org.testng.TestNG.runSuitesSequentially(TestNG.java:1208)
	at org.testng.TestNG.runSuitesLocally(TestNG.java:1137)
	at org.testng.TestNG.runSuites(TestNG.java:1049)
	at org.testng.TestNG.run(TestNG.java:1017)
	at com.intellij.rt.testng.IDEARemoteTestNG.run(IDEARemoteTestNG.java:66)
	at com.intellij.rt.testng.RemoteTestNGStarter.main(RemoteTestNGStarter.java:109)
]]></failure>
    </testcase>
    <testcase classname="To validate Search by Employees or Size" name="To validate SalesIntel application Valid User Username and Valid Password" time="10.397508">
        <system-out><![CDATA[When Enter Valid Username...................................................passed
And Enter Valid Password....................................................passed
Then Click On Login Button..................................................passed
]]></system-out>
    </testcase>
    <testcase classname="To validate Search by Employees or Size" name="To Validate Employees or Size Filter" time="24.267064">
        <failure message="java.lang.NumberFormatException: For input string: &quot;1,901&quot;&#13;&#10;&#9;at java.base/java.lang.NumberFormatException.forInputString(NumberFormatException.java:67)&#13;&#10;&#9;at java.base/java.lang.Integer.parseInt(Integer.java:668)&#13;&#10;&#9;at java.base/java.lang.Integer.parseInt(Integer.java:784)&#13;&#10;&#9;at org.stepdefinition.Steps.I_Check_Employee_Size_In_Result(Steps.java:1064)&#13;&#10;&#9;at .validate the Employee Size in Search Result(file:TC_15_Search_By_Employees_or_Size.feature:17)&#13;&#10;"><![CDATA[When Click on Employee Size Filter..........................................passed
And Enter Minimum Employee Size.............................................passed
And Enter Maximum Employee Size.............................................passed
And Click on Search Button..................................................passed
And Click on the First Contact in Search Result.............................passed
Then validate the Employee Size in Search Result............................failed

StackTrace:
java.lang.NumberFormatException: For input string: "1,901"
	at java.base/java.lang.NumberFormatException.forInputString(NumberFormatException.java:67)
	at java.base/java.lang.Integer.parseInt(Integer.java:668)
	at java.base/java.lang.Integer.parseInt(Integer.java:784)
	at org.stepdefinition.Steps.I_Check_Employee_Size_In_Result(Steps.java:1064)
	at .validate the Employee Size in Search Result(file:TC_15_Search_By_Employees_or_Size.feature:17)
]]></failure>
    </testcase>
    <testcase classname="To validate Search by Employees or Size" name="Logout the application" time="6.594642">
        <failure message="java.lang.ArrayIndexOutOfBoundsException: Index 1 out of bounds for length 1&#13;&#10;&#9;at org.base.Global.generateTestReport(Global.java:253)&#13;&#10;&#9;at org.runner.BeforeExection.extentReportAfterExecutedClass(BeforeExection.java:55)&#13;&#10;&#9;at java.base/jdk.internal.reflect.DirectMethodHandleAccessor.invoke(DirectMethodHandleAccessor.java:104)&#13;&#10;&#9;at java.base/java.lang.reflect.Method.invoke(Method.java:577)&#13;&#10;&#9;at cucumber.runtime.Utils$1.call(Utils.java:26)&#13;&#10;&#9;at cucumber.runtime.Timeout.timeout(Timeout.java:16)&#13;&#10;&#9;at cucumber.runtime.Utils.invoke(Utils.java:20)&#13;&#10;&#9;at cucumber.runtime.java.JavaHookDefinition.execute(JavaHookDefinition.java:65)&#13;&#10;&#9;at cucumber.runner.HookDefinitionMatch.runStep(HookDefinitionMatch.java:16)&#13;&#10;&#9;at cucumber.runner.TestStep.executeStep(TestStep.java:65)&#13;&#10;&#9;at cucumber.runner.TestStep.run(TestStep.java:50)&#13;&#10;&#9;at cucumber.runner.TestCase.run(TestCase.java:50)&#13;&#10;&#9;at cucumber.runner.Runner.runPickle(Runner.java:50)&#13;&#10;&#9;at io.cucumber.testng.TestNGCucumberRunner.runScenario(TestNGCucumberRunner.java:79)&#13;&#10;&#9;at io.cucumber.testng.AbstractTestNGCucumberTests.runScenario(AbstractTestNGCucumberTests.java:24)&#13;&#10;&#9;at java.base/jdk.internal.reflect.DirectMethodHandleAccessor.invoke(DirectMethodHandleAccessor.java:104)&#13;&#10;&#9;at java.base/java.lang.reflect.Method.invoke(Method.java:577)&#13;&#10;&#9;at org.testng.internal.MethodInvocationHelper.invokeMethod(MethodInvocationHelper.java:124)&#13;&#10;&#9;at org.testng.internal.Invoker.invokeMethod(Invoker.java:583)&#13;&#10;&#9;at org.testng.internal.Invoker.invokeTestMethod(Invoker.java:719)&#13;&#10;&#9;at org.testng.internal.Invoker.invokeTestMethods(Invoker.java:989)&#13;&#10;&#9;at org.testng.internal.TestMethodWorker.invokeTestMethods(TestMethodWorker.java:125)&#13;&#10;&#9;at org.testng.internal.TestMethodWorker.run(TestMethodWorker.java:109)&#13;&#10;&#9;at org.testng.TestRunner.privateRun(TestRunner.java:648)&#13;&#10;&#9;at org.testng.TestRunner.run(TestRunner.java:505)&#13;&#10;&#9;at org.testng.SuiteRunner.runTest(SuiteRunner.java:455)&#13;&#10;&#9;at org.testng.SuiteRunner.runSequentially(SuiteRunner.java:450)&#13;&#10;&#9;at org.testng.SuiteRunner.privateRun(SuiteRunner.java:415)&#13;&#10;&#9;at org.testng.SuiteRunner.run(SuiteRunner.java:364)&#13;&#10;&#9;at org.testng.SuiteRunnerWorker.runSuite(SuiteRunnerWorker.java:52)&#13;&#10;&#9;at org.testng.SuiteRunnerWorker.run(SuiteRunnerWorker.java:84)&#13;&#10;&#9;at org.testng.TestNG.runSuitesSequentially(TestNG.java:1208)&#13;&#10;&#9;at org.testng.TestNG.runSuitesLocally(TestNG.java:1137)&#13;&#10;&#9;at org.testng.TestNG.runSuites(TestNG.java:1049)&#13;&#10;&#9;at org.testng.TestNG.run(TestNG.java:1017)&#13;&#10;&#9;at com.intellij.rt.testng.IDEARemoteTestNG.run(IDEARemoteTestNG.java:66)&#13;&#10;&#9;at com.intellij.rt.testng.RemoteTestNGStarter.main(RemoteTestNGStarter.java:109)&#13;&#10;"><![CDATA[When Click On Setting Options...............................................passed
Then Click On Logout Options................................................passed

StackTrace:
java.lang.ArrayIndexOutOfBoundsException: Index 1 out of bounds for length 1
	at org.base.Global.generateTestReport(Global.java:253)
	at org.runner.BeforeExection.extentReportAfterExecutedClass(BeforeExection.java:55)
	at java.base/jdk.internal.reflect.DirectMethodHandleAccessor.invoke(DirectMethodHandleAccessor.java:104)
	at java.base/java.lang.reflect.Method.invoke(Method.java:577)
	at cucumber.runtime.Utils$1.call(Utils.java:26)
	at cucumber.runtime.Timeout.timeout(Timeout.java:16)
	at cucumber.runtime.Utils.invoke(Utils.java:20)
	at cucumber.runtime.java.JavaHookDefinition.execute(JavaHookDefinition.java:65)
	at cucumber.runner.HookDefinitionMatch.runStep(HookDefinitionMatch.java:16)
	at cucumber.runner.TestStep.executeStep(TestStep.java:65)
	at cucumber.runner.TestStep.run(TestStep.java:50)
	at cucumber.runner.TestCase.run(TestCase.java:50)
	at cucumber.runner.Runner.runPickle(Runner.java:50)
	at io.cucumber.testng.TestNGCucumberRunner.runScenario(TestNGCucumberRunner.java:79)
	at io.cucumber.testng.AbstractTestNGCucumberTests.runScenario(AbstractTestNGCucumberTests.java:24)
	at java.base/jdk.internal.reflect.DirectMethodHandleAccessor.invoke(DirectMethodHandleAccessor.java:104)
	at java.base/java.lang.reflect.Method.invoke(Method.java:577)
	at org.testng.internal.MethodInvocationHelper.invokeMethod(MethodInvocationHelper.java:124)
	at org.testng.internal.Invoker.invokeMethod(Invoker.java:583)
	at org.testng.internal.Invoker.invokeTestMethod(Invoker.java:719)
	at org.testng.internal.Invoker.invokeTestMethods(Invoker.java:989)
	at org.testng.internal.TestMethodWorker.invokeTestMethods(TestMethodWorker.java:125)
	at org.testng.internal.TestMethodWorker.run(TestMethodWorker.java:109)
	at org.testng.TestRunner.privateRun(TestRunner.java:648)
	at org.testng.TestRunner.run(TestRunner.java:505)
	at org.testng.SuiteRunner.runTest(SuiteRunner.java:455)
	at org.testng.SuiteRunner.runSequentially(SuiteRunner.java:450)
	at org.testng.SuiteRunner.privateRun(SuiteRunner.java:415)
	at org.testng.SuiteRunner.run(SuiteRunner.java:364)
	at org.testng.SuiteRunnerWorker.runSuite(SuiteRunnerWorker.java:52)
	at org.testng.SuiteRunnerWorker.run(SuiteRunnerWorker.java:84)
	at org.testng.TestNG.runSuitesSequentially(TestNG.java:1208)
	at org.testng.TestNG.runSuitesLocally(TestNG.java:1137)
	at org.testng.TestNG.runSuites(TestNG.java:1049)
	at org.testng.TestNG.run(TestNG.java:1017)
	at com.intellij.rt.testng.IDEARemoteTestNG.run(IDEARemoteTestNG.java:66)
	at com.intellij.rt.testng.RemoteTestNGStarter.main(RemoteTestNGStarter.java:109)
]]></failure>
    </testcase>
    <testcase classname="To validate Search by Technographics" name="To validate SalesIntel application Valid User Username and Valid Password" time="10.411493">
        <system-out><![CDATA[When Enter Valid Username...................................................passed
And Enter Valid Password....................................................passed
Then Click On Login Button..................................................passed
]]></system-out>
    </testcase>
    <testcase classname="To validate Search by Technographics" name="To validate Search by Technographics filter in Products with Any" time="76.740048">
        <failure message="org.openqa.selenium.NoSuchElementException: no such element: Unable to locate element: {&quot;method&quot;:&quot;xpath&quot;,&quot;selector&quot;:&quot;(//*[contains(text(),'123Signup')])[2]&quot;}&#10;  (Session info: chrome=107.0.5304.107)&#10;For documentation on this error, please visit: https://www.seleniumhq.org/exceptions/no_such_element.html&#10;Build info: version: '3.141.59', revision: 'e82be7d358', time: '2018-11-14T08:17:03'&#10;System info: host: 'YOGESH', ip: '172.16.17.120', os.name: 'Windows 11', os.arch: 'amd64', os.version: '10.0', java.version: '18.0.1.1'&#10;Driver info: org.openqa.selenium.chrome.ChromeDriver&#10;Capabilities {acceptInsecureCerts: false, browserName: chrome, browserVersion: 107.0.5304.107, chrome: {chromedriverVersion: 107.0.5304.62 (1eec40d3a576..., userDataDir: C:\Users\Astegic\AppData\Lo...}, goog:chromeOptions: {debuggerAddress: localhost:62570}, javascriptEnabled: true, networkConnectionEnabled: false, pageLoadStrategy: normal, platform: WINDOWS, platformName: WINDOWS, proxy: Proxy(), setWindowRect: true, strictFileInteractability: false, timeouts: {implicit: 0, pageLoad: 300000, script: 30000}, unhandledPromptBehavior: dismiss and notify, webauthn:extension:credBlob: true, webauthn:extension:largeBlob: true, webauthn:virtualAuthenticators: true}&#10;Session ID: a0899b91e68e22c7b13bb5c796c6a225&#10;*** Element info: {Using=xpath, value=(//*[contains(text(),'123Signup')])[2]}&#13;&#10;&#9;at java.base/jdk.internal.reflect.DirectConstructorHandleAccessor.newInstance(DirectConstructorHandleAccessor.java:67)&#13;&#10;&#9;at java.base/java.lang.reflect.Constructor.newInstanceWithCaller(Constructor.java:499)&#13;&#10;&#9;at java.base/java.lang.reflect.Constructor.newInstance(Constructor.java:483)&#13;&#10;&#9;at org.openqa.selenium.remote.http.W3CHttpResponseCodec.createException(W3CHttpResponseCodec.java:187)&#13;&#10;&#9;at org.openqa.selenium.remote.http.W3CHttpResponseCodec.decode(W3CHttpResponseCodec.java:122)&#13;&#10;&#9;at org.openqa.selenium.remote.http.W3CHttpResponseCodec.decode(W3CHttpResponseCodec.java:49)&#13;&#10;&#9;at org.openqa.selenium.remote.HttpCommandExecutor.execute(HttpCommandExecutor.java:158)&#13;&#10;&#9;at org.openqa.selenium.remote.service.DriverCommandExecutor.execute(DriverCommandExecutor.java:83)&#13;&#10;&#9;at org.openqa.selenium.remote.RemoteWebDriver.execute(RemoteWebDriver.java:552)&#13;&#10;&#9;at org.openqa.selenium.remote.RemoteWebDriver.findElement(RemoteWebDriver.java:323)&#13;&#10;&#9;at org.openqa.selenium.remote.RemoteWebDriver.findElementByXPath(RemoteWebDriver.java:428)&#13;&#10;&#9;at org.openqa.selenium.By$ByXPath.findElement(By.java:353)&#13;&#10;&#9;at org.openqa.selenium.remote.RemoteWebDriver.findElement(RemoteWebDriver.java:315)&#13;&#10;&#9;at org.stepdefinition.Steps.I_Check_Product_In_Result(Steps.java:1145)&#13;&#10;&#9;at .Check the technographic product in Company detail page(file:TC_16_Search_By_Technographic_Filter.feature:20)&#13;&#10;"><![CDATA[When Validate TECHNOGRAPHICS is displayed...................................passed
And Click on Products Filter................................................passed
And Click on Technographic product text box.................................passed
And Enter the product name..................................................passed
And Click on Company Radio Button...........................................passed
And Click on Search Button..................................................passed
And Click on company name...................................................passed
And Click on All............................................................passed
And Enter the product name in Search textbox................................passed
Then Check the technographic product in Company detail page.................failed

StackTrace:
org.openqa.selenium.NoSuchElementException: no such element: Unable to locate element: {"method":"xpath","selector":"(//*[contains(text(),'123Signup')])[2]"}
  (Session info: chrome=107.0.5304.107)
For documentation on this error, please visit: https://www.seleniumhq.org/exceptions/no_such_element.html
Build info: version: '3.141.59', revision: 'e82be7d358', time: '2018-11-14T08:17:03'
System info: host: 'YOGESH', ip: '172.16.17.120', os.name: 'Windows 11', os.arch: 'amd64', os.version: '10.0', java.version: '18.0.1.1'
Driver info: org.openqa.selenium.chrome.ChromeDriver
Capabilities {acceptInsecureCerts: false, browserName: chrome, browserVersion: 107.0.5304.107, chrome: {chromedriverVersion: 107.0.5304.62 (1eec40d3a576..., userDataDir: C:\Users\Astegic\AppData\Lo...}, goog:chromeOptions: {debuggerAddress: localhost:62570}, javascriptEnabled: true, networkConnectionEnabled: false, pageLoadStrategy: normal, platform: WINDOWS, platformName: WINDOWS, proxy: Proxy(), setWindowRect: true, strictFileInteractability: false, timeouts: {implicit: 0, pageLoad: 300000, script: 30000}, unhandledPromptBehavior: dismiss and notify, webauthn:extension:credBlob: true, webauthn:extension:largeBlob: true, webauthn:virtualAuthenticators: true}
Session ID: a0899b91e68e22c7b13bb5c796c6a225
*** Element info: {Using=xpath, value=(//*[contains(text(),'123Signup')])[2]}
	at java.base/jdk.internal.reflect.DirectConstructorHandleAccessor.newInstance(DirectConstructorHandleAccessor.java:67)
	at java.base/java.lang.reflect.Constructor.newInstanceWithCaller(Constructor.java:499)
	at java.base/java.lang.reflect.Constructor.newInstance(Constructor.java:483)
	at org.openqa.selenium.remote.http.W3CHttpResponseCodec.createException(W3CHttpResponseCodec.java:187)
	at org.openqa.selenium.remote.http.W3CHttpResponseCodec.decode(W3CHttpResponseCodec.java:122)
	at org.openqa.selenium.remote.http.W3CHttpResponseCodec.decode(W3CHttpResponseCodec.java:49)
	at org.openqa.selenium.remote.HttpCommandExecutor.execute(HttpCommandExecutor.java:158)
	at org.openqa.selenium.remote.service.DriverCommandExecutor.execute(DriverCommandExecutor.java:83)
	at org.openqa.selenium.remote.RemoteWebDriver.execute(RemoteWebDriver.java:552)
	at org.openqa.selenium.remote.RemoteWebDriver.findElement(RemoteWebDriver.java:323)
	at org.openqa.selenium.remote.RemoteWebDriver.findElementByXPath(RemoteWebDriver.java:428)
	at org.openqa.selenium.By$ByXPath.findElement(By.java:353)
	at org.openqa.selenium.remote.RemoteWebDriver.findElement(RemoteWebDriver.java:315)
	at org.stepdefinition.Steps.I_Check_Product_In_Result(Steps.java:1145)
	at .Check the technographic product in Company detail page(file:TC_16_Search_By_Technographic_Filter.feature:20)
]]></failure>
    </testcase>
    <testcase classname="To validate Search by Technographics" name="Logout the application" time="6.490426">
        <failure message="java.lang.ArrayIndexOutOfBoundsException: Index 1 out of bounds for length 1&#13;&#10;&#9;at org.base.Global.generateTestReport(Global.java:253)&#13;&#10;&#9;at org.runner.BeforeExection.extentReportAfterExecutedClass(BeforeExection.java:55)&#13;&#10;&#9;at java.base/jdk.internal.reflect.DirectMethodHandleAccessor.invoke(DirectMethodHandleAccessor.java:104)&#13;&#10;&#9;at java.base/java.lang.reflect.Method.invoke(Method.java:577)&#13;&#10;&#9;at cucumber.runtime.Utils$1.call(Utils.java:26)&#13;&#10;&#9;at cucumber.runtime.Timeout.timeout(Timeout.java:16)&#13;&#10;&#9;at cucumber.runtime.Utils.invoke(Utils.java:20)&#13;&#10;&#9;at cucumber.runtime.java.JavaHookDefinition.execute(JavaHookDefinition.java:65)&#13;&#10;&#9;at cucumber.runner.HookDefinitionMatch.runStep(HookDefinitionMatch.java:16)&#13;&#10;&#9;at cucumber.runner.TestStep.executeStep(TestStep.java:65)&#13;&#10;&#9;at cucumber.runner.TestStep.run(TestStep.java:50)&#13;&#10;&#9;at cucumber.runner.TestCase.run(TestCase.java:50)&#13;&#10;&#9;at cucumber.runner.Runner.runPickle(Runner.java:50)&#13;&#10;&#9;at io.cucumber.testng.TestNGCucumberRunner.runScenario(TestNGCucumberRunner.java:79)&#13;&#10;&#9;at io.cucumber.testng.AbstractTestNGCucumberTests.runScenario(AbstractTestNGCucumberTests.java:24)&#13;&#10;&#9;at java.base/jdk.internal.reflect.DirectMethodHandleAccessor.invoke(DirectMethodHandleAccessor.java:104)&#13;&#10;&#9;at java.base/java.lang.reflect.Method.invoke(Method.java:577)&#13;&#10;&#9;at org.testng.internal.MethodInvocationHelper.invokeMethod(MethodInvocationHelper.java:124)&#13;&#10;&#9;at org.testng.internal.Invoker.invokeMethod(Invoker.java:583)&#13;&#10;&#9;at org.testng.internal.Invoker.invokeTestMethod(Invoker.java:719)&#13;&#10;&#9;at org.testng.internal.Invoker.invokeTestMethods(Invoker.java:989)&#13;&#10;&#9;at org.testng.internal.TestMethodWorker.invokeTestMethods(TestMethodWorker.java:125)&#13;&#10;&#9;at org.testng.internal.TestMethodWorker.run(TestMethodWorker.java:109)&#13;&#10;&#9;at org.testng.TestRunner.privateRun(TestRunner.java:648)&#13;&#10;&#9;at org.testng.TestRunner.run(TestRunner.java:505)&#13;&#10;&#9;at org.testng.SuiteRunner.runTest(SuiteRunner.java:455)&#13;&#10;&#9;at org.testng.SuiteRunner.runSequentially(SuiteRunner.java:450)&#13;&#10;&#9;at org.testng.SuiteRunner.privateRun(SuiteRunner.java:415)&#13;&#10;&#9;at org.testng.SuiteRunner.run(SuiteRunner.java:364)&#13;&#10;&#9;at org.testng.SuiteRunnerWorker.runSuite(SuiteRunnerWorker.java:52)&#13;&#10;&#9;at org.testng.SuiteRunnerWorker.run(SuiteRunnerWorker.java:84)&#13;&#10;&#9;at org.testng.TestNG.runSuitesSequentially(TestNG.java:1208)&#13;&#10;&#9;at org.testng.TestNG.runSuitesLocally(TestNG.java:1137)&#13;&#10;&#9;at org.testng.TestNG.runSuites(TestNG.java:1049)&#13;&#10;&#9;at org.testng.TestNG.run(TestNG.java:1017)&#13;&#10;&#9;at com.intellij.rt.testng.IDEARemoteTestNG.run(IDEARemoteTestNG.java:66)&#13;&#10;&#9;at com.intellij.rt.testng.RemoteTestNGStarter.main(RemoteTestNGStarter.java:109)&#13;&#10;"><![CDATA[When Click On Setting Options...............................................passed
Then Click On Logout Options................................................passed

StackTrace:
java.lang.ArrayIndexOutOfBoundsException: Index 1 out of bounds for length 1
	at org.base.Global.generateTestReport(Global.java:253)
	at org.runner.BeforeExection.extentReportAfterExecutedClass(BeforeExection.java:55)
	at java.base/jdk.internal.reflect.DirectMethodHandleAccessor.invoke(DirectMethodHandleAccessor.java:104)
	at java.base/java.lang.reflect.Method.invoke(Method.java:577)
	at cucumber.runtime.Utils$1.call(Utils.java:26)
	at cucumber.runtime.Timeout.timeout(Timeout.java:16)
	at cucumber.runtime.Utils.invoke(Utils.java:20)
	at cucumber.runtime.java.JavaHookDefinition.execute(JavaHookDefinition.java:65)
	at cucumber.runner.HookDefinitionMatch.runStep(HookDefinitionMatch.java:16)
	at cucumber.runner.TestStep.executeStep(TestStep.java:65)
	at cucumber.runner.TestStep.run(TestStep.java:50)
	at cucumber.runner.TestCase.run(TestCase.java:50)
	at cucumber.runner.Runner.runPickle(Runner.java:50)
	at io.cucumber.testng.TestNGCucumberRunner.runScenario(TestNGCucumberRunner.java:79)
	at io.cucumber.testng.AbstractTestNGCucumberTests.runScenario(AbstractTestNGCucumberTests.java:24)
	at java.base/jdk.internal.reflect.DirectMethodHandleAccessor.invoke(DirectMethodHandleAccessor.java:104)
	at java.base/java.lang.reflect.Method.invoke(Method.java:577)
	at org.testng.internal.MethodInvocationHelper.invokeMethod(MethodInvocationHelper.java:124)
	at org.testng.internal.Invoker.invokeMethod(Invoker.java:583)
	at org.testng.internal.Invoker.invokeTestMethod(Invoker.java:719)
	at org.testng.internal.Invoker.invokeTestMethods(Invoker.java:989)
	at org.testng.internal.TestMethodWorker.invokeTestMethods(TestMethodWorker.java:125)
	at org.testng.internal.TestMethodWorker.run(TestMethodWorker.java:109)
	at org.testng.TestRunner.privateRun(TestRunner.java:648)
	at org.testng.TestRunner.run(TestRunner.java:505)
	at org.testng.SuiteRunner.runTest(SuiteRunner.java:455)
	at org.testng.SuiteRunner.runSequentially(SuiteRunner.java:450)
	at org.testng.SuiteRunner.privateRun(SuiteRunner.java:415)
	at org.testng.SuiteRunner.run(SuiteRunner.java:364)
	at org.testng.SuiteRunnerWorker.runSuite(SuiteRunnerWorker.java:52)
	at org.testng.SuiteRunnerWorker.run(SuiteRunnerWorker.java:84)
	at org.testng.TestNG.runSuitesSequentially(TestNG.java:1208)
	at org.testng.TestNG.runSuitesLocally(TestNG.java:1137)
	at org.testng.TestNG.runSuites(TestNG.java:1049)
	at org.testng.TestNG.run(TestNG.java:1017)
	at com.intellij.rt.testng.IDEARemoteTestNG.run(IDEARemoteTestNG.java:66)
	at com.intellij.rt.testng.RemoteTestNGStarter.main(RemoteTestNGStarter.java:109)
]]></failure>
    </testcase>
    <testcase classname="To validate Search by INTENT" name="To validate SalesIntel application Valid User Username and Valid Password" time="10.413401">
        <system-out><![CDATA[When Enter Valid Username...................................................passed
And Enter Valid Password....................................................passed
Then Click On Login Button..................................................passed
]]></system-out>
    </testcase>
    <testcase classname="To validate Search by INTENT" name="To validate Search by Topics" time="17.997312">
        <failure message="java.lang.ArrayIndexOutOfBoundsException: Index 1 out of bounds for length 1&#13;&#10;&#9;at org.base.Global.generateTestReport(Global.java:253)&#13;&#10;&#9;at org.runner.BeforeExection.extentReportAfterExecutedClass(BeforeExection.java:55)&#13;&#10;&#9;at java.base/jdk.internal.reflect.DirectMethodHandleAccessor.invoke(DirectMethodHandleAccessor.java:104)&#13;&#10;&#9;at java.base/java.lang.reflect.Method.invoke(Method.java:577)&#13;&#10;&#9;at cucumber.runtime.Utils$1.call(Utils.java:26)&#13;&#10;&#9;at cucumber.runtime.Timeout.timeout(Timeout.java:16)&#13;&#10;&#9;at cucumber.runtime.Utils.invoke(Utils.java:20)&#13;&#10;&#9;at cucumber.runtime.java.JavaHookDefinition.execute(JavaHookDefinition.java:65)&#13;&#10;&#9;at cucumber.runner.HookDefinitionMatch.runStep(HookDefinitionMatch.java:16)&#13;&#10;&#9;at cucumber.runner.TestStep.executeStep(TestStep.java:65)&#13;&#10;&#9;at cucumber.runner.TestStep.run(TestStep.java:50)&#13;&#10;&#9;at cucumber.runner.TestCase.run(TestCase.java:50)&#13;&#10;&#9;at cucumber.runner.Runner.runPickle(Runner.java:50)&#13;&#10;&#9;at io.cucumber.testng.TestNGCucumberRunner.runScenario(TestNGCucumberRunner.java:79)&#13;&#10;&#9;at io.cucumber.testng.AbstractTestNGCucumberTests.runScenario(AbstractTestNGCucumberTests.java:24)&#13;&#10;&#9;at java.base/jdk.internal.reflect.DirectMethodHandleAccessor.invoke(DirectMethodHandleAccessor.java:104)&#13;&#10;&#9;at java.base/java.lang.reflect.Method.invoke(Method.java:577)&#13;&#10;&#9;at org.testng.internal.MethodInvocationHelper.invokeMethod(MethodInvocationHelper.java:124)&#13;&#10;&#9;at org.testng.internal.Invoker.invokeMethod(Invoker.java:583)&#13;&#10;&#9;at org.testng.internal.Invoker.invokeTestMethod(Invoker.java:719)&#13;&#10;&#9;at org.testng.internal.Invoker.invokeTestMethods(Invoker.java:989)&#13;&#10;&#9;at org.testng.internal.TestMethodWorker.invokeTestMethods(TestMethodWorker.java:125)&#13;&#10;&#9;at org.testng.internal.TestMethodWorker.run(TestMethodWorker.java:109)&#13;&#10;&#9;at org.testng.TestRunner.privateRun(TestRunner.java:648)&#13;&#10;&#9;at org.testng.TestRunner.run(TestRunner.java:505)&#13;&#10;&#9;at org.testng.SuiteRunner.runTest(SuiteRunner.java:455)&#13;&#10;&#9;at org.testng.SuiteRunner.runSequentially(SuiteRunner.java:450)&#13;&#10;&#9;at org.testng.SuiteRunner.privateRun(SuiteRunner.java:415)&#13;&#10;&#9;at org.testng.SuiteRunner.run(SuiteRunner.java:364)&#13;&#10;&#9;at org.testng.SuiteRunnerWorker.runSuite(SuiteRunnerWorker.java:52)&#13;&#10;&#9;at org.testng.SuiteRunnerWorker.run(SuiteRunnerWorker.java:84)&#13;&#10;&#9;at org.testng.TestNG.runSuitesSequentially(TestNG.java:1208)&#13;&#10;&#9;at org.testng.TestNG.runSuitesLocally(TestNG.java:1137)&#13;&#10;&#9;at org.testng.TestNG.runSuites(TestNG.java:1049)&#13;&#10;&#9;at org.testng.TestNG.run(TestNG.java:1017)&#13;&#10;&#9;at com.intellij.rt.testng.IDEARemoteTestNG.run(IDEARemoteTestNG.java:66)&#13;&#10;&#9;at com.intellij.rt.testng.RemoteTestNGStarter.main(RemoteTestNGStarter.java:109)&#13;&#10;"><![CDATA[When Check INTENT is displayed..............................................passed
And Click on Topics.........................................................passed
And Select Netflix Topic....................................................passed
And Click on Search Button..................................................passed
Then Check Searched Topic in Search Result..................................passed

StackTrace:
java.lang.ArrayIndexOutOfBoundsException: Index 1 out of bounds for length 1
	at org.base.Global.generateTestReport(Global.java:253)
	at org.runner.BeforeExection.extentReportAfterExecutedClass(BeforeExection.java:55)
	at java.base/jdk.internal.reflect.DirectMethodHandleAccessor.invoke(DirectMethodHandleAccessor.java:104)
	at java.base/java.lang.reflect.Method.invoke(Method.java:577)
	at cucumber.runtime.Utils$1.call(Utils.java:26)
	at cucumber.runtime.Timeout.timeout(Timeout.java:16)
	at cucumber.runtime.Utils.invoke(Utils.java:20)
	at cucumber.runtime.java.JavaHookDefinition.execute(JavaHookDefinition.java:65)
	at cucumber.runner.HookDefinitionMatch.runStep(HookDefinitionMatch.java:16)
	at cucumber.runner.TestStep.executeStep(TestStep.java:65)
	at cucumber.runner.TestStep.run(TestStep.java:50)
	at cucumber.runner.TestCase.run(TestCase.java:50)
	at cucumber.runner.Runner.runPickle(Runner.java:50)
	at io.cucumber.testng.TestNGCucumberRunner.runScenario(TestNGCucumberRunner.java:79)
	at io.cucumber.testng.AbstractTestNGCucumberTests.runScenario(AbstractTestNGCucumberTests.java:24)
	at java.base/jdk.internal.reflect.DirectMethodHandleAccessor.invoke(DirectMethodHandleAccessor.java:104)
	at java.base/java.lang.reflect.Method.invoke(Method.java:577)
	at org.testng.internal.MethodInvocationHelper.invokeMethod(MethodInvocationHelper.java:124)
	at org.testng.internal.Invoker.invokeMethod(Invoker.java:583)
	at org.testng.internal.Invoker.invokeTestMethod(Invoker.java:719)
	at org.testng.internal.Invoker.invokeTestMethods(Invoker.java:989)
	at org.testng.internal.TestMethodWorker.invokeTestMethods(TestMethodWorker.java:125)
	at org.testng.internal.TestMethodWorker.run(TestMethodWorker.java:109)
	at org.testng.TestRunner.privateRun(TestRunner.java:648)
	at org.testng.TestRunner.run(TestRunner.java:505)
	at org.testng.SuiteRunner.runTest(SuiteRunner.java:455)
	at org.testng.SuiteRunner.runSequentially(SuiteRunner.java:450)
	at org.testng.SuiteRunner.privateRun(SuiteRunner.java:415)
	at org.testng.SuiteRunner.run(SuiteRunner.java:364)
	at org.testng.SuiteRunnerWorker.runSuite(SuiteRunnerWorker.java:52)
	at org.testng.SuiteRunnerWorker.run(SuiteRunnerWorker.java:84)
	at org.testng.TestNG.runSuitesSequentially(TestNG.java:1208)
	at org.testng.TestNG.runSuitesLocally(TestNG.java:1137)
	at org.testng.TestNG.runSuites(TestNG.java:1049)
	at org.testng.TestNG.run(TestNG.java:1017)
	at com.intellij.rt.testng.IDEARemoteTestNG.run(IDEARemoteTestNG.java:66)
	at com.intellij.rt.testng.RemoteTestNGStarter.main(RemoteTestNGStarter.java:109)
]]></failure>
    </testcase>
    <testcase classname="To validate Search by INTENT" name="To validate Search by Topics 2" time="22.709053">
        <failure message="java.lang.ArrayIndexOutOfBoundsException: Index 1 out of bounds for length 1&#13;&#10;&#9;at org.base.Global.generateTestReport(Global.java:253)&#13;&#10;&#9;at org.runner.BeforeExection.extentReportAfterExecutedClass(BeforeExection.java:55)&#13;&#10;&#9;at java.base/jdk.internal.reflect.DirectMethodHandleAccessor.invoke(DirectMethodHandleAccessor.java:104)&#13;&#10;&#9;at java.base/java.lang.reflect.Method.invoke(Method.java:577)&#13;&#10;&#9;at cucumber.runtime.Utils$1.call(Utils.java:26)&#13;&#10;&#9;at cucumber.runtime.Timeout.timeout(Timeout.java:16)&#13;&#10;&#9;at cucumber.runtime.Utils.invoke(Utils.java:20)&#13;&#10;&#9;at cucumber.runtime.java.JavaHookDefinition.execute(JavaHookDefinition.java:65)&#13;&#10;&#9;at cucumber.runner.HookDefinitionMatch.runStep(HookDefinitionMatch.java:16)&#13;&#10;&#9;at cucumber.runner.TestStep.executeStep(TestStep.java:65)&#13;&#10;&#9;at cucumber.runner.TestStep.run(TestStep.java:50)&#13;&#10;&#9;at cucumber.runner.TestCase.run(TestCase.java:50)&#13;&#10;&#9;at cucumber.runner.Runner.runPickle(Runner.java:50)&#13;&#10;&#9;at io.cucumber.testng.TestNGCucumberRunner.runScenario(TestNGCucumberRunner.java:79)&#13;&#10;&#9;at io.cucumber.testng.AbstractTestNGCucumberTests.runScenario(AbstractTestNGCucumberTests.java:24)&#13;&#10;&#9;at java.base/jdk.internal.reflect.DirectMethodHandleAccessor.invoke(DirectMethodHandleAccessor.java:104)&#13;&#10;&#9;at java.base/java.lang.reflect.Method.invoke(Method.java:577)&#13;&#10;&#9;at org.testng.internal.MethodInvocationHelper.invokeMethod(MethodInvocationHelper.java:124)&#13;&#10;&#9;at org.testng.internal.Invoker.invokeMethod(Invoker.java:583)&#13;&#10;&#9;at org.testng.internal.Invoker.invokeTestMethod(Invoker.java:719)&#13;&#10;&#9;at org.testng.internal.Invoker.invokeTestMethods(Invoker.java:989)&#13;&#10;&#9;at org.testng.internal.TestMethodWorker.invokeTestMethods(TestMethodWorker.java:125)&#13;&#10;&#9;at org.testng.internal.TestMethodWorker.run(TestMethodWorker.java:109)&#13;&#10;&#9;at org.testng.TestRunner.privateRun(TestRunner.java:648)&#13;&#10;&#9;at org.testng.TestRunner.run(TestRunner.java:505)&#13;&#10;&#9;at org.testng.SuiteRunner.runTest(SuiteRunner.java:455)&#13;&#10;&#9;at org.testng.SuiteRunner.runSequentially(SuiteRunner.java:450)&#13;&#10;&#9;at org.testng.SuiteRunner.privateRun(SuiteRunner.java:415)&#13;&#10;&#9;at org.testng.SuiteRunner.run(SuiteRunner.java:364)&#13;&#10;&#9;at org.testng.SuiteRunnerWorker.runSuite(SuiteRunnerWorker.java:52)&#13;&#10;&#9;at org.testng.SuiteRunnerWorker.run(SuiteRunnerWorker.java:84)&#13;&#10;&#9;at org.testng.TestNG.runSuitesSequentially(TestNG.java:1208)&#13;&#10;&#9;at org.testng.TestNG.runSuitesLocally(TestNG.java:1137)&#13;&#10;&#9;at org.testng.TestNG.runSuites(TestNG.java:1049)&#13;&#10;&#9;at org.testng.TestNG.run(TestNG.java:1017)&#13;&#10;&#9;at com.intellij.rt.testng.IDEARemoteTestNG.run(IDEARemoteTestNG.java:66)&#13;&#10;&#9;at com.intellij.rt.testng.RemoteTestNGStarter.main(RemoteTestNGStarter.java:109)&#13;&#10;"><![CDATA[When Click On Clear Button..................................................passed
And Click On Do Not Save Button.............................................passed
And Check INTENT is displayed...............................................passed
And Click on Score Threshold Filter.........................................passed
And Select Minimum Score....................................................passed

StackTrace:
java.lang.ArrayIndexOutOfBoundsException: Index 1 out of bounds for length 1
	at org.base.Global.generateTestReport(Global.java:253)
	at org.runner.BeforeExection.extentReportAfterExecutedClass(BeforeExection.java:55)
	at java.base/jdk.internal.reflect.DirectMethodHandleAccessor.invoke(DirectMethodHandleAccessor.java:104)
	at java.base/java.lang.reflect.Method.invoke(Method.java:577)
	at cucumber.runtime.Utils$1.call(Utils.java:26)
	at cucumber.runtime.Timeout.timeout(Timeout.java:16)
	at cucumber.runtime.Utils.invoke(Utils.java:20)
	at cucumber.runtime.java.JavaHookDefinition.execute(JavaHookDefinition.java:65)
	at cucumber.runner.HookDefinitionMatch.runStep(HookDefinitionMatch.java:16)
	at cucumber.runner.TestStep.executeStep(TestStep.java:65)
	at cucumber.runner.TestStep.run(TestStep.java:50)
	at cucumber.runner.TestCase.run(TestCase.java:50)
	at cucumber.runner.Runner.runPickle(Runner.java:50)
	at io.cucumber.testng.TestNGCucumberRunner.runScenario(TestNGCucumberRunner.java:79)
	at io.cucumber.testng.AbstractTestNGCucumberTests.runScenario(AbstractTestNGCucumberTests.java:24)
	at java.base/jdk.internal.reflect.DirectMethodHandleAccessor.invoke(DirectMethodHandleAccessor.java:104)
	at java.base/java.lang.reflect.Method.invoke(Method.java:577)
	at org.testng.internal.MethodInvocationHelper.invokeMethod(MethodInvocationHelper.java:124)
	at org.testng.internal.Invoker.invokeMethod(Invoker.java:583)
	at org.testng.internal.Invoker.invokeTestMethod(Invoker.java:719)
	at org.testng.internal.Invoker.invokeTestMethods(Invoker.java:989)
	at org.testng.internal.TestMethodWorker.invokeTestMethods(TestMethodWorker.java:125)
	at org.testng.internal.TestMethodWorker.run(TestMethodWorker.java:109)
	at org.testng.TestRunner.privateRun(TestRunner.java:648)
	at org.testng.TestRunner.run(TestRunner.java:505)
	at org.testng.SuiteRunner.runTest(SuiteRunner.java:455)
	at org.testng.SuiteRunner.runSequentially(SuiteRunner.java:450)
	at org.testng.SuiteRunner.privateRun(SuiteRunner.java:415)
	at org.testng.SuiteRunner.run(SuiteRunner.java:364)
	at org.testng.SuiteRunnerWorker.runSuite(SuiteRunnerWorker.java:52)
	at org.testng.SuiteRunnerWorker.run(SuiteRunnerWorker.java:84)
	at org.testng.TestNG.runSuitesSequentially(TestNG.java:1208)
	at org.testng.TestNG.runSuitesLocally(TestNG.java:1137)
	at org.testng.TestNG.runSuites(TestNG.java:1049)
	at org.testng.TestNG.run(TestNG.java:1017)
	at com.intellij.rt.testng.IDEARemoteTestNG.run(IDEARemoteTestNG.java:66)
	at com.intellij.rt.testng.RemoteTestNGStarter.main(RemoteTestNGStarter.java:109)
]]></failure>
    </testcase>
</testsuite>
